[2025-09-03T23:50:16.671+0000] {local_task_job_runner.py:120} INFO - ::group::Pre task execution logs
[2025-09-03T23:50:16.785+0000] {taskinstance.py:2076} INFO - Dependencies all met for dep_context=non-requeueable deps ti=<TaskInstance: banvic_pipeline.extract_transacoes scheduled__2025-09-02T07:35:00+00:00 [queued]>
[2025-09-03T23:50:16.799+0000] {taskinstance.py:2076} INFO - Dependencies all met for dep_context=requeueable deps ti=<TaskInstance: banvic_pipeline.extract_transacoes scheduled__2025-09-02T07:35:00+00:00 [queued]>
[2025-09-03T23:50:16.801+0000] {taskinstance.py:2306} INFO - Starting attempt 1 of 2
[2025-09-03T23:50:16.818+0000] {taskinstance.py:2330} INFO - Executing <Task(BashOperator): extract_transacoes> on 2025-09-02 07:35:00+00:00
[2025-09-03T23:50:16.829+0000] {standard_task_runner.py:64} INFO - Started process 181 to run task
[2025-09-03T23:50:16.835+0000] {standard_task_runner.py:90} INFO - Running: ['airflow', 'tasks', 'run', 'banvic_pipeline', 'extract_transacoes', 'scheduled__2025-09-02T07:35:00+00:00', '--job-id', '33', '--raw', '--subdir', 'DAGS_FOLDER/banvic_pipeline.py', '--cfg-path', '/tmp/tmprr_sc7_l']
[2025-09-03T23:50:16.838+0000] {standard_task_runner.py:91} INFO - Job 33: Subtask extract_transacoes
[2025-09-03T23:50:17.166+0000] {task_command.py:426} INFO - Running <TaskInstance: banvic_pipeline.extract_transacoes scheduled__2025-09-02T07:35:00+00:00 [running]> on host 644a78dce44d
[2025-09-03T23:50:17.600+0000] {taskinstance.py:2648} INFO - Exporting env vars: AIRFLOW_CTX_DAG_OWNER='lucas' AIRFLOW_CTX_DAG_ID='banvic_pipeline' AIRFLOW_CTX_TASK_ID='extract_transacoes' AIRFLOW_CTX_EXECUTION_DATE='2025-09-02T07:35:00+00:00' AIRFLOW_CTX_TRY_NUMBER='1' AIRFLOW_CTX_DAG_RUN_ID='scheduled__2025-09-02T07:35:00+00:00'
[2025-09-03T23:50:17.602+0000] {taskinstance.py:430} INFO - ::endgroup::
[2025-09-03T23:50:17.655+0000] {subprocess.py:63} INFO - Tmp dir root location: /tmp
[2025-09-03T23:50:17.657+0000] {subprocess.py:75} INFO - Running command: ['/usr/bin/bash', '-c', 'python /opt/airflow/project/scripts/extracao_csv/extracao_transacoes.py']
[2025-09-03T23:50:17.672+0000] {subprocess.py:86} INFO - Output:
[2025-09-03T23:50:20.081+0000] {subprocess.py:93} INFO - Traceback (most recent call last):
[2025-09-03T23:50:20.083+0000] {subprocess.py:93} INFO -   File "/opt/airflow/project/scripts/extracao_csv/extracao_transacoes.py", line 28, in <module>
[2025-09-03T23:50:20.086+0000] {subprocess.py:93} INFO -     main()
[2025-09-03T23:50:20.086+0000] {subprocess.py:93} INFO -   File "/opt/airflow/project/scripts/extracao_csv/extracao_transacoes.py", line 10, in main
[2025-09-03T23:50:20.090+0000] {subprocess.py:93} INFO -     raise FileNotFoundError(f"Arquivo {ARQUIVO_FONTE} não encontrado na raiz do projeto.")
[2025-09-03T23:50:20.090+0000] {subprocess.py:93} INFO - FileNotFoundError: Arquivo transacoes.csv não encontrado na raiz do projeto.
[2025-09-03T23:50:20.226+0000] {subprocess.py:97} INFO - Command exited with return code 1
[2025-09-03T23:50:20.229+0000] {taskinstance.py:441} INFO - ::group::Post task execution logs
[2025-09-03T23:50:20.278+0000] {taskinstance.py:2905} ERROR - Task failed with exception
Traceback (most recent call last):
  File "/home/airflow/.local/lib/python3.10/site-packages/airflow/models/taskinstance.py", line 465, in _execute_task
    result = _execute_callable(context=context, **execute_callable_kwargs)
  File "/home/airflow/.local/lib/python3.10/site-packages/airflow/models/taskinstance.py", line 432, in _execute_callable
    return execute_callable(context=context, **execute_callable_kwargs)
  File "/home/airflow/.local/lib/python3.10/site-packages/airflow/models/baseoperator.py", line 401, in wrapper
    return func(self, *args, **kwargs)
  File "/home/airflow/.local/lib/python3.10/site-packages/airflow/operators/bash.py", line 243, in execute
    raise AirflowException(
airflow.exceptions.AirflowException: Bash command failed. The command returned a non-zero exit code 1.
[2025-09-03T23:50:20.284+0000] {taskinstance.py:1206} INFO - Marking task as UP_FOR_RETRY. dag_id=banvic_pipeline, task_id=extract_transacoes, run_id=scheduled__2025-09-02T07:35:00+00:00, execution_date=20250902T073500, start_date=20250903T235016, end_date=20250903T235020
[2025-09-03T23:50:20.403+0000] {standard_task_runner.py:110} ERROR - Failed to execute job 33 for task extract_transacoes (Bash command failed. The command returned a non-zero exit code 1.; 181)
[2025-09-03T23:50:20.477+0000] {local_task_job_runner.py:243} INFO - Task exited with return code 1
[2025-09-03T23:50:20.556+0000] {local_task_job_runner.py:222} INFO - ::endgroup::
[2025-09-04T00:24:30.669+0000] {local_task_job_runner.py:120} INFO - ::group::Pre task execution logs
[2025-09-04T00:24:30.812+0000] {taskinstance.py:2076} INFO - Dependencies all met for dep_context=non-requeueable deps ti=<TaskInstance: banvic_pipeline.extract_transacoes scheduled__2025-09-02T07:35:00+00:00 [queued]>
[2025-09-04T00:24:30.833+0000] {taskinstance.py:2076} INFO - Dependencies all met for dep_context=requeueable deps ti=<TaskInstance: banvic_pipeline.extract_transacoes scheduled__2025-09-02T07:35:00+00:00 [queued]>
[2025-09-04T00:24:30.835+0000] {taskinstance.py:2306} INFO - Starting attempt 1 of 2
[2025-09-04T00:24:30.891+0000] {taskinstance.py:2330} INFO - Executing <Task(BashOperator): extract_transacoes> on 2025-09-02 07:35:00+00:00
[2025-09-04T00:24:30.901+0000] {standard_task_runner.py:64} INFO - Started process 647 to run task
[2025-09-04T00:24:30.909+0000] {standard_task_runner.py:90} INFO - Running: ['airflow', 'tasks', 'run', 'banvic_pipeline', 'extract_transacoes', 'scheduled__2025-09-02T07:35:00+00:00', '--job-id', '41', '--raw', '--subdir', 'DAGS_FOLDER/banvic_pipeline.py', '--cfg-path', '/tmp/tmpt8pgn2l8']
[2025-09-04T00:24:30.914+0000] {standard_task_runner.py:91} INFO - Job 41: Subtask extract_transacoes
[2025-09-04T00:24:31.132+0000] {task_command.py:426} INFO - Running <TaskInstance: banvic_pipeline.extract_transacoes scheduled__2025-09-02T07:35:00+00:00 [running]> on host 644a78dce44d
[2025-09-04T00:24:31.392+0000] {taskinstance.py:2648} INFO - Exporting env vars: AIRFLOW_CTX_DAG_OWNER='lucas' AIRFLOW_CTX_DAG_ID='banvic_pipeline' AIRFLOW_CTX_TASK_ID='extract_transacoes' AIRFLOW_CTX_EXECUTION_DATE='2025-09-02T07:35:00+00:00' AIRFLOW_CTX_TRY_NUMBER='1' AIRFLOW_CTX_DAG_RUN_ID='scheduled__2025-09-02T07:35:00+00:00'
[2025-09-04T00:24:31.394+0000] {taskinstance.py:430} INFO - ::endgroup::
[2025-09-04T00:24:31.416+0000] {subprocess.py:63} INFO - Tmp dir root location: /tmp
[2025-09-04T00:24:31.421+0000] {subprocess.py:75} INFO - Running command: ['/usr/bin/bash', '-c', 'cd /opt/airflow/project && python scripts/extracao_csv/extracao_transacoes.py']
[2025-09-04T00:24:31.486+0000] {subprocess.py:86} INFO - Output:
[2025-09-04T00:24:34.059+0000] {subprocess.py:93} INFO -  Transacoes.csv salvo em: 2025-09-04/csv/transacoes.csv
[2025-09-04T00:24:34.061+0000] {subprocess.py:93} INFO -  Linhas: 71921 | Colunas: 5 -> OK
[2025-09-04T00:24:34.062+0000] {subprocess.py:93} INFO -  Cabeçalho: ['cod_transacao', 'num_conta', 'data_transacao', 'nome_transacao', 'valor_transacao']
[2025-09-04T00:24:34.168+0000] {subprocess.py:97} INFO - Command exited with return code 0
[2025-09-04T00:24:34.171+0000] {taskinstance.py:441} INFO - ::group::Post task execution logs
[2025-09-04T00:24:34.318+0000] {taskinstance.py:1206} INFO - Marking task as SUCCESS. dag_id=banvic_pipeline, task_id=extract_transacoes, run_id=scheduled__2025-09-02T07:35:00+00:00, execution_date=20250902T073500, start_date=20250904T002430, end_date=20250904T002434
[2025-09-04T00:24:34.393+0000] {local_task_job_runner.py:243} INFO - Task exited with return code 0
[2025-09-04T00:24:34.460+0000] {taskinstance.py:3503} INFO - 0 downstream tasks scheduled from follow-on schedule check
[2025-09-04T00:24:34.464+0000] {local_task_job_runner.py:222} INFO - ::endgroup::
[2025-09-04T00:34:17.341+0000] {local_task_job_runner.py:120} INFO - ::group::Pre task execution logs
[2025-09-04T00:34:17.422+0000] {taskinstance.py:2076} INFO - Dependencies all met for dep_context=non-requeueable deps ti=<TaskInstance: banvic_pipeline.extract_transacoes scheduled__2025-09-02T07:35:00+00:00 [queued]>
[2025-09-04T00:34:17.433+0000] {taskinstance.py:2076} INFO - Dependencies all met for dep_context=requeueable deps ti=<TaskInstance: banvic_pipeline.extract_transacoes scheduled__2025-09-02T07:35:00+00:00 [queued]>
[2025-09-04T00:34:17.434+0000] {taskinstance.py:2306} INFO - Starting attempt 1 of 2
[2025-09-04T00:34:17.471+0000] {taskinstance.py:2330} INFO - Executing <Task(BashOperator): extract_transacoes> on 2025-09-02 07:35:00+00:00
[2025-09-04T00:34:17.482+0000] {standard_task_runner.py:64} INFO - Started process 186 to run task
[2025-09-04T00:34:17.490+0000] {standard_task_runner.py:90} INFO - Running: ['airflow', 'tasks', 'run', 'banvic_pipeline', 'extract_transacoes', 'scheduled__2025-09-02T07:35:00+00:00', '--job-id', '47', '--raw', '--subdir', 'DAGS_FOLDER/banvic_pipeline.py', '--cfg-path', '/tmp/tmpvzeu1dss']
[2025-09-04T00:34:17.494+0000] {standard_task_runner.py:91} INFO - Job 47: Subtask extract_transacoes
[2025-09-04T00:34:17.829+0000] {task_command.py:426} INFO - Running <TaskInstance: banvic_pipeline.extract_transacoes scheduled__2025-09-02T07:35:00+00:00 [running]> on host 8ecc11fed1c2
[2025-09-04T00:34:18.189+0000] {taskinstance.py:2648} INFO - Exporting env vars: AIRFLOW_CTX_DAG_OWNER='lucas' AIRFLOW_CTX_DAG_ID='banvic_pipeline' AIRFLOW_CTX_TASK_ID='extract_transacoes' AIRFLOW_CTX_EXECUTION_DATE='2025-09-02T07:35:00+00:00' AIRFLOW_CTX_TRY_NUMBER='1' AIRFLOW_CTX_DAG_RUN_ID='scheduled__2025-09-02T07:35:00+00:00'
[2025-09-04T00:34:18.190+0000] {taskinstance.py:430} INFO - ::endgroup::
[2025-09-04T00:34:18.266+0000] {subprocess.py:63} INFO - Tmp dir root location: /tmp
[2025-09-04T00:34:18.270+0000] {subprocess.py:75} INFO - Running command: ['/usr/bin/bash', '-c', 'cd /opt/airflow/project && python scripts/extracao_csv/extracao_transacoes.py']
[2025-09-04T00:34:18.303+0000] {subprocess.py:86} INFO - Output:
[2025-09-04T00:34:20.829+0000] {subprocess.py:93} INFO -  Transacoes.csv salvo em: 2025-09-04/csv/transacoes.csv
[2025-09-04T00:34:20.833+0000] {subprocess.py:93} INFO -  Linhas: 71921 | Colunas: 5 -> OK
[2025-09-04T00:34:20.835+0000] {subprocess.py:93} INFO -  Cabeçalho: ['cod_transacao', 'num_conta', 'data_transacao', 'nome_transacao', 'valor_transacao']
[2025-09-04T00:34:20.955+0000] {subprocess.py:97} INFO - Command exited with return code 0
[2025-09-04T00:34:20.956+0000] {taskinstance.py:441} INFO - ::group::Post task execution logs
[2025-09-04T00:34:21.083+0000] {taskinstance.py:1206} INFO - Marking task as SUCCESS. dag_id=banvic_pipeline, task_id=extract_transacoes, run_id=scheduled__2025-09-02T07:35:00+00:00, execution_date=20250902T073500, start_date=20250904T003417, end_date=20250904T003421
[2025-09-04T00:34:21.139+0000] {local_task_job_runner.py:243} INFO - Task exited with return code 0
[2025-09-04T00:34:21.206+0000] {taskinstance.py:3503} INFO - 0 downstream tasks scheduled from follow-on schedule check
[2025-09-04T00:34:21.211+0000] {local_task_job_runner.py:222} INFO - ::endgroup::
