[2025-09-05T13:46:26.087+0000] {local_task_job_runner.py:120} INFO - ::group::Pre task execution logs
[2025-09-05T13:46:26.321+0000] {taskinstance.py:2076} INFO - Dependencies all met for dep_context=non-requeueable deps ti=<TaskInstance: banvic_pipeline.extract_postgres manual__2025-09-05T13:46:23.487425+00:00 [queued]>
[2025-09-05T13:46:26.353+0000] {taskinstance.py:2076} INFO - Dependencies all met for dep_context=requeueable deps ti=<TaskInstance: banvic_pipeline.extract_postgres manual__2025-09-05T13:46:23.487425+00:00 [queued]>
[2025-09-05T13:46:26.355+0000] {taskinstance.py:2306} INFO - Starting attempt 1 of 2
[2025-09-05T13:46:26.440+0000] {taskinstance.py:2330} INFO - Executing <Task(BashOperator): extract_postgres> on 2025-09-05 13:46:23.487425+00:00
[2025-09-05T13:46:26.471+0000] {standard_task_runner.py:64} INFO - Started process 332 to run task
[2025-09-05T13:46:26.490+0000] {standard_task_runner.py:90} INFO - Running: ['airflow', 'tasks', 'run', 'banvic_pipeline', 'extract_postgres', 'manual__2025-09-05T13:46:23.487425+00:00', '--job-id', '64', '--raw', '--subdir', 'DAGS_FOLDER/banvic_pipeline.py', '--cfg-path', '/tmp/tmpxzlppbkl']
[2025-09-05T13:46:26.500+0000] {standard_task_runner.py:91} INFO - Job 64: Subtask extract_postgres
[2025-09-05T13:46:26.751+0000] {task_command.py:426} INFO - Running <TaskInstance: banvic_pipeline.extract_postgres manual__2025-09-05T13:46:23.487425+00:00 [running]> on host f4bdb282283e
[2025-09-05T13:46:27.184+0000] {taskinstance.py:2648} INFO - Exporting env vars: AIRFLOW_CTX_DAG_OWNER='lucas' AIRFLOW_CTX_DAG_ID='banvic_pipeline' AIRFLOW_CTX_TASK_ID='extract_postgres' AIRFLOW_CTX_EXECUTION_DATE='2025-09-05T13:46:23.487425+00:00' AIRFLOW_CTX_TRY_NUMBER='1' AIRFLOW_CTX_DAG_RUN_ID='manual__2025-09-05T13:46:23.487425+00:00'
[2025-09-05T13:46:27.186+0000] {taskinstance.py:430} INFO - ::endgroup::
[2025-09-05T13:46:27.219+0000] {subprocess.py:63} INFO - Tmp dir root location: /tmp
[2025-09-05T13:46:27.230+0000] {subprocess.py:75} INFO - Running command: ['/usr/bin/bash', '-c', 'cd /opt/airflow/project && python scripts/extracao_postgres/extracao_completa.py']
[2025-09-05T13:46:27.248+0000] {subprocess.py:86} INFO - Output:
[2025-09-05T13:46:29.509+0000] {subprocess.py:93} INFO - /opt/airflow/project/scripts/extracao_postgres/extracao_completa.py:39: UserWarning: pandas only supports SQLAlchemy connectable (engine/connection) or database string URI or sqlite3 DBAPI2 connection. Other DBAPI2 objects are not tested. Please consider using SQLAlchemy.
[2025-09-05T13:46:29.510+0000] {subprocess.py:93} INFO -   df = pd.read_sql(f'select * from "{tabela}";', conn)
[2025-09-05T13:46:29.849+0000] {subprocess.py:93} INFO - /opt/airflow/project/scripts/extracao_postgres/extracao_completa.py:39: UserWarning: pandas only supports SQLAlchemy connectable (engine/connection) or database string URI or sqlite3 DBAPI2 connection. Other DBAPI2 objects are not tested. Please consider using SQLAlchemy.
[2025-09-05T13:46:29.850+0000] {subprocess.py:93} INFO -   df = pd.read_sql(f'select * from "{tabela}";', conn)
[2025-09-05T13:46:30.256+0000] {subprocess.py:93} INFO - /opt/airflow/project/scripts/extracao_postgres/extracao_completa.py:39: UserWarning: pandas only supports SQLAlchemy connectable (engine/connection) or database string URI or sqlite3 DBAPI2 connection. Other DBAPI2 objects are not tested. Please consider using SQLAlchemy.
[2025-09-05T13:46:30.258+0000] {subprocess.py:93} INFO -   df = pd.read_sql(f'select * from "{tabela}";', conn)
[2025-09-05T13:46:30.479+0000] {subprocess.py:93} INFO - Tabelas encontradas: ['agencias', 'clientes', 'colaborador_agencia', 'colaboradores', 'contas', 'propostas_credito']
[2025-09-05T13:46:30.482+0000] {subprocess.py:93} INFO - 
[2025-09-05T13:46:30.483+0000] {subprocess.py:93} INFO - Extraindo: agencias
[2025-09-05T13:46:30.485+0000] {subprocess.py:93} INFO - Linhas DB: 10 | Linhas CSV: 10 -> OK
[2025-09-05T13:46:30.486+0000] {subprocess.py:93} INFO - Arquivo salvo: 2025-09-05/postgres/agencias.csv
[2025-09-05T13:46:30.487+0000] {subprocess.py:93} INFO - 
[2025-09-05T13:46:30.488+0000] {subprocess.py:93} INFO - Extraindo: clientes
[2025-09-05T13:46:30.489+0000] {subprocess.py:93} INFO - Linhas DB: 998 | Linhas CSV: 998 -> OK
[2025-09-05T13:46:30.490+0000] {subprocess.py:93} INFO - Arquivo salvo: 2025-09-05/postgres/clientes.csv
[2025-09-05T13:46:30.491+0000] {subprocess.py:93} INFO - 
[2025-09-05T13:46:30.492+0000] {subprocess.py:93} INFO - Extraindo: colaborador_agencia
[2025-09-05T13:46:30.493+0000] {subprocess.py:93} INFO - Linhas DB: 100 | Linhas CSV: 100 -> OK
[2025-09-05T13:46:30.495+0000] {subprocess.py:93} INFO - Arquivo salvo: 2025-09-05/postgres/colaborador_agencia.csv
[2025-09-05T13:46:30.498+0000] {subprocess.py:93} INFO - 
[2025-09-05T13:46:30.500+0000] {subprocess.py:93} INFO - Extraindo: colaboradores
[2025-09-05T13:46:30.503+0000] {subprocess.py:93} INFO - Linhas DB: 100 | Linhas CSV: 100 -> OK
[2025-09-05T13:46:30.505+0000] {subprocess.py:93} INFO - Arquivo salvo: 2025-09-05/postgres/colaboradores.csv
[2025-09-05T13:46:30.508+0000] {subprocess.py:93} INFO - 
[2025-09-05T13:46:30.510+0000] {subprocess.py:93} INFO - Extraindo: contas
[2025-09-05T13:46:30.513+0000] {subprocess.py:93} INFO - Linhas DB: 998 | Linhas CSV: 998 -> OK
[2025-09-05T13:46:30.515+0000] {subprocess.py:93} INFO - Arquivo salvo: 2025-09-05/postgres/contas.csv
[2025-09-05T13:46:30.517+0000] {subprocess.py:93} INFO - 
[2025-09-05T13:46:30.519+0000] {subprocess.py:93} INFO - Extraindo: propostas_credito
[2025-09-05T13:46:30.522+0000] {subprocess.py:93} INFO - Linhas DB: 1995 | Linhas CSV: 1995 -> OK
[2025-09-05T13:46:30.524+0000] {subprocess.py:93} INFO - Arquivo salvo: 2025-09-05/postgres/propostas_credito.csv
[2025-09-05T13:46:30.526+0000] {subprocess.py:93} INFO - 
[2025-09-05T13:46:30.536+0000] {subprocess.py:93} INFO - Finalizado! Todos os CSVs foram gerados na pasta: 2025-09-05/postgres
[2025-09-05T13:46:30.800+0000] {subprocess.py:97} INFO - Command exited with return code 0
[2025-09-05T13:46:30.802+0000] {taskinstance.py:441} INFO - ::group::Post task execution logs
[2025-09-05T13:46:30.936+0000] {taskinstance.py:1206} INFO - Marking task as SUCCESS. dag_id=banvic_pipeline, task_id=extract_postgres, run_id=manual__2025-09-05T13:46:23.487425+00:00, execution_date=20250905T134623, start_date=20250905T134626, end_date=20250905T134630
[2025-09-05T13:46:30.975+0000] {local_task_job_runner.py:243} INFO - Task exited with return code 0
[2025-09-05T13:46:31.045+0000] {taskinstance.py:3503} INFO - 1 downstream tasks scheduled from follow-on schedule check
[2025-09-05T13:46:31.049+0000] {local_task_job_runner.py:222} INFO - ::endgroup::
