[2025-09-03T23:49:28.593+0000] {processor.py:161} INFO - Started process (PID=169) to work on /opt/airflow/dags/banvic_pipeline.py
[2025-09-03T23:49:28.599+0000] {processor.py:830} INFO - Processing file /opt/airflow/dags/banvic_pipeline.py for tasks to queue
[2025-09-03T23:49:28.608+0000] {logging_mixin.py:188} INFO - [2025-09-03T23:49:28.607+0000] {dagbag.py:545} INFO - Filling up the DagBag from /opt/airflow/dags/banvic_pipeline.py
[2025-09-03T23:49:28.688+0000] {processor.py:840} INFO - DAG(s) 'banvic_pipeline' retrieved from /opt/airflow/dags/banvic_pipeline.py
[2025-09-03T23:49:28.878+0000] {logging_mixin.py:188} INFO - [2025-09-03T23:49:28.876+0000] {dag.py:3089} INFO - Sync 1 DAGs
[2025-09-03T23:49:28.984+0000] {logging_mixin.py:188} INFO - [2025-09-03T23:49:28.983+0000] {dag.py:3947} INFO - Setting next_dagrun for banvic_pipeline to 2025-09-02 07:35:00+00:00, run_after=2025-09-03 07:35:00+00:00
[2025-09-03T23:49:29.090+0000] {processor.py:183} INFO - Processing /opt/airflow/dags/banvic_pipeline.py took 0.524 seconds
[2025-09-03T23:49:59.528+0000] {processor.py:161} INFO - Started process (PID=174) to work on /opt/airflow/dags/banvic_pipeline.py
[2025-09-03T23:49:59.531+0000] {processor.py:830} INFO - Processing file /opt/airflow/dags/banvic_pipeline.py for tasks to queue
[2025-09-03T23:49:59.537+0000] {logging_mixin.py:188} INFO - [2025-09-03T23:49:59.536+0000] {dagbag.py:545} INFO - Filling up the DagBag from /opt/airflow/dags/banvic_pipeline.py
[2025-09-03T23:49:59.585+0000] {processor.py:840} INFO - DAG(s) 'banvic_pipeline' retrieved from /opt/airflow/dags/banvic_pipeline.py
[2025-09-03T23:49:59.670+0000] {logging_mixin.py:188} INFO - [2025-09-03T23:49:59.669+0000] {dag.py:3089} INFO - Sync 1 DAGs
[2025-09-03T23:49:59.750+0000] {logging_mixin.py:188} INFO - [2025-09-03T23:49:59.750+0000] {dag.py:3947} INFO - Setting next_dagrun for banvic_pipeline to 2025-09-02 07:35:00+00:00, run_after=2025-09-03 07:35:00+00:00
[2025-09-03T23:49:59.818+0000] {processor.py:183} INFO - Processing /opt/airflow/dags/banvic_pipeline.py took 0.301 seconds
[2025-09-03T23:50:30.019+0000] {processor.py:161} INFO - Started process (PID=209) to work on /opt/airflow/dags/banvic_pipeline.py
[2025-09-03T23:50:30.022+0000] {processor.py:830} INFO - Processing file /opt/airflow/dags/banvic_pipeline.py for tasks to queue
[2025-09-03T23:50:30.029+0000] {logging_mixin.py:188} INFO - [2025-09-03T23:50:30.028+0000] {dagbag.py:545} INFO - Filling up the DagBag from /opt/airflow/dags/banvic_pipeline.py
[2025-09-03T23:50:30.100+0000] {processor.py:840} INFO - DAG(s) 'banvic_pipeline' retrieved from /opt/airflow/dags/banvic_pipeline.py
[2025-09-03T23:50:30.265+0000] {logging_mixin.py:188} INFO - [2025-09-03T23:50:30.265+0000] {dag.py:3089} INFO - Sync 1 DAGs
[2025-09-03T23:50:30.457+0000] {processor.py:183} INFO - Processing /opt/airflow/dags/banvic_pipeline.py took 0.449 seconds
[2025-09-03T23:51:00.582+0000] {processor.py:161} INFO - Started process (PID=214) to work on /opt/airflow/dags/banvic_pipeline.py
[2025-09-03T23:51:00.585+0000] {processor.py:830} INFO - Processing file /opt/airflow/dags/banvic_pipeline.py for tasks to queue
[2025-09-03T23:51:00.591+0000] {logging_mixin.py:188} INFO - [2025-09-03T23:51:00.591+0000] {dagbag.py:545} INFO - Filling up the DagBag from /opt/airflow/dags/banvic_pipeline.py
[2025-09-03T23:51:00.673+0000] {processor.py:840} INFO - DAG(s) 'banvic_pipeline' retrieved from /opt/airflow/dags/banvic_pipeline.py
[2025-09-03T23:51:00.835+0000] {logging_mixin.py:188} INFO - [2025-09-03T23:51:00.835+0000] {dag.py:3089} INFO - Sync 1 DAGs
[2025-09-03T23:51:01.008+0000] {processor.py:183} INFO - Processing /opt/airflow/dags/banvic_pipeline.py took 0.439 seconds
[2025-09-03T23:51:31.516+0000] {processor.py:161} INFO - Started process (PID=219) to work on /opt/airflow/dags/banvic_pipeline.py
[2025-09-03T23:51:31.518+0000] {processor.py:830} INFO - Processing file /opt/airflow/dags/banvic_pipeline.py for tasks to queue
[2025-09-03T23:51:31.529+0000] {logging_mixin.py:188} INFO - [2025-09-03T23:51:31.528+0000] {dagbag.py:545} INFO - Filling up the DagBag from /opt/airflow/dags/banvic_pipeline.py
[2025-09-03T23:51:31.575+0000] {processor.py:840} INFO - DAG(s) 'banvic_pipeline' retrieved from /opt/airflow/dags/banvic_pipeline.py
[2025-09-03T23:51:31.692+0000] {logging_mixin.py:188} INFO - [2025-09-03T23:51:31.691+0000] {dag.py:3089} INFO - Sync 1 DAGs
[2025-09-03T23:51:31.859+0000] {processor.py:183} INFO - Processing /opt/airflow/dags/banvic_pipeline.py took 0.358 seconds
[2025-09-03T23:52:02.062+0000] {processor.py:161} INFO - Started process (PID=224) to work on /opt/airflow/dags/banvic_pipeline.py
[2025-09-03T23:52:02.064+0000] {processor.py:830} INFO - Processing file /opt/airflow/dags/banvic_pipeline.py for tasks to queue
[2025-09-03T23:52:02.069+0000] {logging_mixin.py:188} INFO - [2025-09-03T23:52:02.068+0000] {dagbag.py:545} INFO - Filling up the DagBag from /opt/airflow/dags/banvic_pipeline.py
[2025-09-03T23:52:02.119+0000] {processor.py:840} INFO - DAG(s) 'banvic_pipeline' retrieved from /opt/airflow/dags/banvic_pipeline.py
[2025-09-03T23:52:02.225+0000] {logging_mixin.py:188} INFO - [2025-09-03T23:52:02.225+0000] {dag.py:3089} INFO - Sync 1 DAGs
[2025-09-03T23:52:02.357+0000] {processor.py:183} INFO - Processing /opt/airflow/dags/banvic_pipeline.py took 0.305 seconds
[2025-09-03T23:52:32.891+0000] {processor.py:161} INFO - Started process (PID=229) to work on /opt/airflow/dags/banvic_pipeline.py
[2025-09-03T23:52:32.894+0000] {processor.py:830} INFO - Processing file /opt/airflow/dags/banvic_pipeline.py for tasks to queue
[2025-09-03T23:52:32.897+0000] {logging_mixin.py:188} INFO - [2025-09-03T23:52:32.897+0000] {dagbag.py:545} INFO - Filling up the DagBag from /opt/airflow/dags/banvic_pipeline.py
[2025-09-03T23:52:32.964+0000] {processor.py:840} INFO - DAG(s) 'banvic_pipeline' retrieved from /opt/airflow/dags/banvic_pipeline.py
[2025-09-03T23:52:33.124+0000] {logging_mixin.py:188} INFO - [2025-09-03T23:52:33.124+0000] {dag.py:3089} INFO - Sync 1 DAGs
[2025-09-03T23:52:33.306+0000] {processor.py:183} INFO - Processing /opt/airflow/dags/banvic_pipeline.py took 0.426 seconds
[2025-09-03T23:53:03.924+0000] {processor.py:161} INFO - Started process (PID=234) to work on /opt/airflow/dags/banvic_pipeline.py
[2025-09-03T23:53:03.927+0000] {processor.py:830} INFO - Processing file /opt/airflow/dags/banvic_pipeline.py for tasks to queue
[2025-09-03T23:53:03.930+0000] {logging_mixin.py:188} INFO - [2025-09-03T23:53:03.930+0000] {dagbag.py:545} INFO - Filling up the DagBag from /opt/airflow/dags/banvic_pipeline.py
[2025-09-03T23:53:04.011+0000] {processor.py:840} INFO - DAG(s) 'banvic_pipeline' retrieved from /opt/airflow/dags/banvic_pipeline.py
[2025-09-03T23:53:04.208+0000] {logging_mixin.py:188} INFO - [2025-09-03T23:53:04.208+0000] {dag.py:3089} INFO - Sync 1 DAGs
[2025-09-03T23:53:04.398+0000] {processor.py:183} INFO - Processing /opt/airflow/dags/banvic_pipeline.py took 0.486 seconds
[2025-09-03T23:53:34.635+0000] {processor.py:161} INFO - Started process (PID=239) to work on /opt/airflow/dags/banvic_pipeline.py
[2025-09-03T23:53:34.637+0000] {processor.py:830} INFO - Processing file /opt/airflow/dags/banvic_pipeline.py for tasks to queue
[2025-09-03T23:53:34.639+0000] {logging_mixin.py:188} INFO - [2025-09-03T23:53:34.639+0000] {dagbag.py:545} INFO - Filling up the DagBag from /opt/airflow/dags/banvic_pipeline.py
[2025-09-03T23:53:34.670+0000] {processor.py:840} INFO - DAG(s) 'banvic_pipeline' retrieved from /opt/airflow/dags/banvic_pipeline.py
[2025-09-03T23:53:34.805+0000] {logging_mixin.py:188} INFO - [2025-09-03T23:53:34.804+0000] {dag.py:3089} INFO - Sync 1 DAGs
[2025-09-03T23:53:34.947+0000] {processor.py:183} INFO - Processing /opt/airflow/dags/banvic_pipeline.py took 0.323 seconds
[2025-09-03T23:54:05.354+0000] {processor.py:161} INFO - Started process (PID=244) to work on /opt/airflow/dags/banvic_pipeline.py
[2025-09-03T23:54:05.356+0000] {processor.py:830} INFO - Processing file /opt/airflow/dags/banvic_pipeline.py for tasks to queue
[2025-09-03T23:54:05.359+0000] {logging_mixin.py:188} INFO - [2025-09-03T23:54:05.359+0000] {dagbag.py:545} INFO - Filling up the DagBag from /opt/airflow/dags/banvic_pipeline.py
[2025-09-03T23:54:05.404+0000] {processor.py:840} INFO - DAG(s) 'banvic_pipeline' retrieved from /opt/airflow/dags/banvic_pipeline.py
[2025-09-03T23:54:05.494+0000] {logging_mixin.py:188} INFO - [2025-09-03T23:54:05.494+0000] {dag.py:3089} INFO - Sync 1 DAGs
[2025-09-03T23:54:06.027+0000] {processor.py:183} INFO - Processing /opt/airflow/dags/banvic_pipeline.py took 0.681 seconds
[2025-09-03T23:54:36.679+0000] {processor.py:161} INFO - Started process (PID=249) to work on /opt/airflow/dags/banvic_pipeline.py
[2025-09-03T23:54:36.682+0000] {processor.py:830} INFO - Processing file /opt/airflow/dags/banvic_pipeline.py for tasks to queue
[2025-09-03T23:54:36.691+0000] {logging_mixin.py:188} INFO - [2025-09-03T23:54:36.691+0000] {dagbag.py:545} INFO - Filling up the DagBag from /opt/airflow/dags/banvic_pipeline.py
[2025-09-03T23:54:36.860+0000] {processor.py:840} INFO - DAG(s) 'banvic_pipeline' retrieved from /opt/airflow/dags/banvic_pipeline.py
[2025-09-03T23:54:37.024+0000] {logging_mixin.py:188} INFO - [2025-09-03T23:54:37.023+0000] {dag.py:3089} INFO - Sync 1 DAGs
[2025-09-03T23:54:37.202+0000] {processor.py:183} INFO - Processing /opt/airflow/dags/banvic_pipeline.py took 0.541 seconds
[2025-09-03T23:55:07.900+0000] {processor.py:161} INFO - Started process (PID=254) to work on /opt/airflow/dags/banvic_pipeline.py
[2025-09-03T23:55:07.903+0000] {processor.py:830} INFO - Processing file /opt/airflow/dags/banvic_pipeline.py for tasks to queue
[2025-09-03T23:55:07.908+0000] {logging_mixin.py:188} INFO - [2025-09-03T23:55:07.907+0000] {dagbag.py:545} INFO - Filling up the DagBag from /opt/airflow/dags/banvic_pipeline.py
[2025-09-03T23:55:07.974+0000] {processor.py:840} INFO - DAG(s) 'banvic_pipeline' retrieved from /opt/airflow/dags/banvic_pipeline.py
[2025-09-03T23:55:08.127+0000] {logging_mixin.py:188} INFO - [2025-09-03T23:55:08.127+0000] {dag.py:3089} INFO - Sync 1 DAGs
[2025-09-03T23:55:08.319+0000] {processor.py:183} INFO - Processing /opt/airflow/dags/banvic_pipeline.py took 0.428 seconds
[2025-09-03T23:55:38.559+0000] {processor.py:161} INFO - Started process (PID=319) to work on /opt/airflow/dags/banvic_pipeline.py
[2025-09-03T23:55:38.561+0000] {processor.py:830} INFO - Processing file /opt/airflow/dags/banvic_pipeline.py for tasks to queue
[2025-09-03T23:55:38.565+0000] {logging_mixin.py:188} INFO - [2025-09-03T23:55:38.564+0000] {dagbag.py:545} INFO - Filling up the DagBag from /opt/airflow/dags/banvic_pipeline.py
[2025-09-03T23:55:38.608+0000] {processor.py:840} INFO - DAG(s) 'banvic_pipeline' retrieved from /opt/airflow/dags/banvic_pipeline.py
[2025-09-03T23:55:38.678+0000] {logging_mixin.py:188} INFO - [2025-09-03T23:55:38.678+0000] {dag.py:3089} INFO - Sync 1 DAGs
[2025-09-03T23:55:38.788+0000] {processor.py:183} INFO - Processing /opt/airflow/dags/banvic_pipeline.py took 0.242 seconds
[2025-09-03T23:56:09.027+0000] {processor.py:161} INFO - Started process (PID=324) to work on /opt/airflow/dags/banvic_pipeline.py
[2025-09-03T23:56:09.029+0000] {processor.py:830} INFO - Processing file /opt/airflow/dags/banvic_pipeline.py for tasks to queue
[2025-09-03T23:56:09.032+0000] {logging_mixin.py:188} INFO - [2025-09-03T23:56:09.032+0000] {dagbag.py:545} INFO - Filling up the DagBag from /opt/airflow/dags/banvic_pipeline.py
[2025-09-03T23:56:09.059+0000] {processor.py:840} INFO - DAG(s) 'banvic_pipeline' retrieved from /opt/airflow/dags/banvic_pipeline.py
[2025-09-03T23:56:09.129+0000] {logging_mixin.py:188} INFO - [2025-09-03T23:56:09.129+0000] {dag.py:3089} INFO - Sync 1 DAGs
[2025-09-03T23:56:09.235+0000] {processor.py:183} INFO - Processing /opt/airflow/dags/banvic_pipeline.py took 0.215 seconds
[2025-09-03T23:56:39.696+0000] {processor.py:161} INFO - Started process (PID=329) to work on /opt/airflow/dags/banvic_pipeline.py
[2025-09-03T23:56:39.697+0000] {processor.py:830} INFO - Processing file /opt/airflow/dags/banvic_pipeline.py for tasks to queue
[2025-09-03T23:56:39.700+0000] {logging_mixin.py:188} INFO - [2025-09-03T23:56:39.700+0000] {dagbag.py:545} INFO - Filling up the DagBag from /opt/airflow/dags/banvic_pipeline.py
[2025-09-03T23:56:39.743+0000] {processor.py:840} INFO - DAG(s) 'banvic_pipeline' retrieved from /opt/airflow/dags/banvic_pipeline.py
[2025-09-03T23:56:39.877+0000] {logging_mixin.py:188} INFO - [2025-09-03T23:56:39.876+0000] {dag.py:3089} INFO - Sync 1 DAGs
[2025-09-03T23:56:40.022+0000] {processor.py:183} INFO - Processing /opt/airflow/dags/banvic_pipeline.py took 0.334 seconds
[2025-09-03T23:57:10.308+0000] {processor.py:161} INFO - Started process (PID=334) to work on /opt/airflow/dags/banvic_pipeline.py
[2025-09-03T23:57:10.311+0000] {processor.py:830} INFO - Processing file /opt/airflow/dags/banvic_pipeline.py for tasks to queue
[2025-09-03T23:57:10.317+0000] {logging_mixin.py:188} INFO - [2025-09-03T23:57:10.316+0000] {dagbag.py:545} INFO - Filling up the DagBag from /opt/airflow/dags/banvic_pipeline.py
[2025-09-03T23:57:10.384+0000] {processor.py:840} INFO - DAG(s) 'banvic_pipeline' retrieved from /opt/airflow/dags/banvic_pipeline.py
[2025-09-03T23:57:10.529+0000] {logging_mixin.py:188} INFO - [2025-09-03T23:57:10.529+0000] {dag.py:3089} INFO - Sync 1 DAGs
[2025-09-03T23:57:10.744+0000] {processor.py:183} INFO - Processing /opt/airflow/dags/banvic_pipeline.py took 0.459 seconds
[2025-09-03T23:57:41.241+0000] {processor.py:161} INFO - Started process (PID=339) to work on /opt/airflow/dags/banvic_pipeline.py
[2025-09-03T23:57:41.243+0000] {processor.py:830} INFO - Processing file /opt/airflow/dags/banvic_pipeline.py for tasks to queue
[2025-09-03T23:57:41.248+0000] {logging_mixin.py:188} INFO - [2025-09-03T23:57:41.247+0000] {dagbag.py:545} INFO - Filling up the DagBag from /opt/airflow/dags/banvic_pipeline.py
[2025-09-03T23:57:41.289+0000] {processor.py:840} INFO - DAG(s) 'banvic_pipeline' retrieved from /opt/airflow/dags/banvic_pipeline.py
[2025-09-03T23:57:41.412+0000] {logging_mixin.py:188} INFO - [2025-09-03T23:57:41.411+0000] {dag.py:3089} INFO - Sync 1 DAGs
[2025-09-03T23:57:41.592+0000] {processor.py:183} INFO - Processing /opt/airflow/dags/banvic_pipeline.py took 0.363 seconds
[2025-09-03T23:58:12.038+0000] {processor.py:161} INFO - Started process (PID=344) to work on /opt/airflow/dags/banvic_pipeline.py
[2025-09-03T23:58:12.042+0000] {processor.py:830} INFO - Processing file /opt/airflow/dags/banvic_pipeline.py for tasks to queue
[2025-09-03T23:58:12.047+0000] {logging_mixin.py:188} INFO - [2025-09-03T23:58:12.046+0000] {dagbag.py:545} INFO - Filling up the DagBag from /opt/airflow/dags/banvic_pipeline.py
[2025-09-03T23:58:12.107+0000] {processor.py:840} INFO - DAG(s) 'banvic_pipeline' retrieved from /opt/airflow/dags/banvic_pipeline.py
[2025-09-03T23:58:12.407+0000] {logging_mixin.py:188} INFO - [2025-09-03T23:58:12.407+0000] {dag.py:3089} INFO - Sync 1 DAGs
[2025-09-03T23:58:13.110+0000] {processor.py:183} INFO - Processing /opt/airflow/dags/banvic_pipeline.py took 1.095 seconds
[2025-09-03T23:58:43.472+0000] {processor.py:161} INFO - Started process (PID=349) to work on /opt/airflow/dags/banvic_pipeline.py
[2025-09-03T23:58:43.474+0000] {processor.py:830} INFO - Processing file /opt/airflow/dags/banvic_pipeline.py for tasks to queue
[2025-09-03T23:58:43.478+0000] {logging_mixin.py:188} INFO - [2025-09-03T23:58:43.477+0000] {dagbag.py:545} INFO - Filling up the DagBag from /opt/airflow/dags/banvic_pipeline.py
[2025-09-03T23:58:43.527+0000] {processor.py:840} INFO - DAG(s) 'banvic_pipeline' retrieved from /opt/airflow/dags/banvic_pipeline.py
[2025-09-03T23:58:43.628+0000] {logging_mixin.py:188} INFO - [2025-09-03T23:58:43.628+0000] {dag.py:3089} INFO - Sync 1 DAGs
[2025-09-03T23:58:43.829+0000] {processor.py:183} INFO - Processing /opt/airflow/dags/banvic_pipeline.py took 0.368 seconds
[2025-09-03T23:59:14.173+0000] {processor.py:161} INFO - Started process (PID=354) to work on /opt/airflow/dags/banvic_pipeline.py
[2025-09-03T23:59:14.175+0000] {processor.py:830} INFO - Processing file /opt/airflow/dags/banvic_pipeline.py for tasks to queue
[2025-09-03T23:59:14.179+0000] {logging_mixin.py:188} INFO - [2025-09-03T23:59:14.179+0000] {dagbag.py:545} INFO - Filling up the DagBag from /opt/airflow/dags/banvic_pipeline.py
[2025-09-03T23:59:14.233+0000] {processor.py:840} INFO - DAG(s) 'banvic_pipeline' retrieved from /opt/airflow/dags/banvic_pipeline.py
[2025-09-03T23:59:14.368+0000] {logging_mixin.py:188} INFO - [2025-09-03T23:59:14.367+0000] {dag.py:3089} INFO - Sync 1 DAGs
[2025-09-03T23:59:14.554+0000] {processor.py:183} INFO - Processing /opt/airflow/dags/banvic_pipeline.py took 0.392 seconds
[2025-09-03T23:59:44.727+0000] {processor.py:161} INFO - Started process (PID=359) to work on /opt/airflow/dags/banvic_pipeline.py
[2025-09-03T23:59:44.731+0000] {processor.py:830} INFO - Processing file /opt/airflow/dags/banvic_pipeline.py for tasks to queue
[2025-09-03T23:59:44.737+0000] {logging_mixin.py:188} INFO - [2025-09-03T23:59:44.737+0000] {dagbag.py:545} INFO - Filling up the DagBag from /opt/airflow/dags/banvic_pipeline.py
[2025-09-03T23:59:44.803+0000] {processor.py:840} INFO - DAG(s) 'banvic_pipeline' retrieved from /opt/airflow/dags/banvic_pipeline.py
[2025-09-03T23:59:45.005+0000] {logging_mixin.py:188} INFO - [2025-09-03T23:59:45.004+0000] {dag.py:3089} INFO - Sync 1 DAGs
[2025-09-03T23:59:45.179+0000] {processor.py:183} INFO - Processing /opt/airflow/dags/banvic_pipeline.py took 0.472 seconds
