[2025-09-04T00:48:10.985+0000] {local_task_job_runner.py:120} INFO - ::group::Pre task execution logs
[2025-09-04T00:48:11.041+0000] {taskinstance.py:2076} INFO - Dependencies all met for dep_context=non-requeueable deps ti=<TaskInstance: banvic_pipeline.load_dw manual__2025-09-04T00:34:15.908726+00:00 [queued]>
[2025-09-04T00:48:11.050+0000] {taskinstance.py:2076} INFO - Dependencies all met for dep_context=requeueable deps ti=<TaskInstance: banvic_pipeline.load_dw manual__2025-09-04T00:34:15.908726+00:00 [queued]>
[2025-09-04T00:48:11.051+0000] {taskinstance.py:2306} INFO - Starting attempt 3 of 4
[2025-09-04T00:48:11.067+0000] {taskinstance.py:2330} INFO - Executing <Task(BashOperator): load_dw> on 2025-09-04 00:34:15.908726+00:00
[2025-09-04T00:48:11.072+0000] {standard_task_runner.py:64} INFO - Started process 399 to run task
[2025-09-04T00:48:11.077+0000] {standard_task_runner.py:90} INFO - Running: ['airflow', 'tasks', 'run', 'banvic_pipeline', 'load_dw', 'manual__2025-09-04T00:34:15.908726+00:00', '--job-id', '55', '--raw', '--subdir', 'DAGS_FOLDER/banvic_pipeline.py', '--cfg-path', '/tmp/tmpg87uoexu']
[2025-09-04T00:48:11.080+0000] {standard_task_runner.py:91} INFO - Job 55: Subtask load_dw
[2025-09-04T00:48:11.228+0000] {task_command.py:426} INFO - Running <TaskInstance: banvic_pipeline.load_dw manual__2025-09-04T00:34:15.908726+00:00 [running]> on host 8ecc11fed1c2
[2025-09-04T00:48:11.489+0000] {taskinstance.py:2648} INFO - Exporting env vars: AIRFLOW_CTX_DAG_OWNER='lucas' AIRFLOW_CTX_DAG_ID='banvic_pipeline' AIRFLOW_CTX_TASK_ID='load_dw' AIRFLOW_CTX_EXECUTION_DATE='2025-09-04T00:34:15.908726+00:00' AIRFLOW_CTX_TRY_NUMBER='3' AIRFLOW_CTX_DAG_RUN_ID='manual__2025-09-04T00:34:15.908726+00:00'
[2025-09-04T00:48:11.491+0000] {taskinstance.py:430} INFO - ::endgroup::
[2025-09-04T00:48:11.504+0000] {subprocess.py:63} INFO - Tmp dir root location: /tmp
[2025-09-04T00:48:11.506+0000] {subprocess.py:75} INFO - Running command: ['/usr/bin/bash', '-c', 'cd /opt/airflow/project && python scripts/load_dw.py']
[2025-09-04T00:48:11.516+0000] {subprocess.py:86} INFO - Output:
[2025-09-04T00:48:13.729+0000] {subprocess.py:93} INFO - 
[2025-09-04T00:48:13.731+0000] {subprocess.py:93} INFO -  CARREGANDO: agencias
[2025-09-04T00:48:13.731+0000] {subprocess.py:93} INFO -    -> 10 linhas carregadas no DW
[2025-09-04T00:48:13.732+0000] {subprocess.py:93} INFO - 
[2025-09-04T00:48:13.734+0000] {subprocess.py:93} INFO -  CARREGANDO: clientes
[2025-09-04T00:48:13.734+0000] {subprocess.py:93} INFO -    -> 998 linhas carregadas no DW
[2025-09-04T00:48:13.735+0000] {subprocess.py:93} INFO - 
[2025-09-04T00:48:13.736+0000] {subprocess.py:93} INFO -  CARREGANDO: colaborador_agencia
[2025-09-04T00:48:13.736+0000] {subprocess.py:93} INFO -    -> 100 linhas carregadas no DW
[2025-09-04T00:48:13.737+0000] {subprocess.py:93} INFO - 
[2025-09-04T00:48:13.737+0000] {subprocess.py:93} INFO -  CARREGANDO: colaboradores
[2025-09-04T00:48:13.738+0000] {subprocess.py:93} INFO -    -> 100 linhas carregadas no DW
[2025-09-04T00:48:13.738+0000] {subprocess.py:93} INFO - 
[2025-09-04T00:48:13.738+0000] {subprocess.py:93} INFO -  CARREGANDO: contas
[2025-09-04T00:48:13.739+0000] {subprocess.py:93} INFO -    -> 998 linhas carregadas no DW
[2025-09-04T00:48:13.739+0000] {subprocess.py:93} INFO - 
[2025-09-04T00:48:13.740+0000] {subprocess.py:93} INFO -  CARREGANDO: propostas_credito
[2025-09-04T00:48:13.740+0000] {subprocess.py:93} INFO -    -> 1995 linhas carregadas no DW
[2025-09-04T00:48:13.741+0000] {subprocess.py:93} INFO - 
[2025-09-04T00:48:13.741+0000] {subprocess.py:93} INFO -  CARREGANDO: transacoes
[2025-09-04T00:48:13.742+0000] {subprocess.py:93} INFO -    -> 71921 linhas carregadas no DW
[2025-09-04T00:48:13.742+0000] {subprocess.py:93} INFO - 
[2025-09-04T00:48:13.743+0000] {subprocess.py:93} INFO -  Carga concluída com sucesso no DW!
[2025-09-04T00:48:13.743+0000] {subprocess.py:97} INFO - Command exited with return code 0
[2025-09-04T00:48:13.744+0000] {taskinstance.py:441} INFO - ::group::Post task execution logs
[2025-09-04T00:48:13.903+0000] {taskinstance.py:1206} INFO - Marking task as SUCCESS. dag_id=banvic_pipeline, task_id=load_dw, run_id=manual__2025-09-04T00:34:15.908726+00:00, execution_date=20250904T003415, start_date=20250904T004811, end_date=20250904T004813
[2025-09-04T00:48:13.987+0000] {local_task_job_runner.py:243} INFO - Task exited with return code 0
[2025-09-04T00:48:14.044+0000] {taskinstance.py:3503} INFO - 0 downstream tasks scheduled from follow-on schedule check
[2025-09-04T00:48:14.048+0000] {local_task_job_runner.py:222} INFO - ::endgroup::
