[2025-09-05T13:36:47.771+0000] {processor.py:161} INFO - Started process (PID=167) to work on /opt/airflow/dags/banvic_pipeline.py
[2025-09-05T13:36:47.778+0000] {processor.py:830} INFO - Processing file /opt/airflow/dags/banvic_pipeline.py for tasks to queue
[2025-09-05T13:36:47.784+0000] {logging_mixin.py:188} INFO - [2025-09-05T13:36:47.783+0000] {dagbag.py:545} INFO - Filling up the DagBag from /opt/airflow/dags/banvic_pipeline.py
[2025-09-05T13:36:47.850+0000] {processor.py:840} INFO - DAG(s) 'banvic_pipeline' retrieved from /opt/airflow/dags/banvic_pipeline.py
[2025-09-05T13:36:47.994+0000] {logging_mixin.py:188} INFO - [2025-09-05T13:36:47.994+0000] {dag.py:3089} INFO - Sync 1 DAGs
[2025-09-05T13:36:48.215+0000] {processor.py:183} INFO - Processing /opt/airflow/dags/banvic_pipeline.py took 0.464 seconds
[2025-09-05T13:37:18.559+0000] {processor.py:161} INFO - Started process (PID=239) to work on /opt/airflow/dags/banvic_pipeline.py
[2025-09-05T13:37:18.561+0000] {processor.py:830} INFO - Processing file /opt/airflow/dags/banvic_pipeline.py for tasks to queue
[2025-09-05T13:37:18.564+0000] {logging_mixin.py:188} INFO - [2025-09-05T13:37:18.564+0000] {dagbag.py:545} INFO - Filling up the DagBag from /opt/airflow/dags/banvic_pipeline.py
[2025-09-05T13:37:18.594+0000] {processor.py:840} INFO - DAG(s) 'banvic_pipeline' retrieved from /opt/airflow/dags/banvic_pipeline.py
[2025-09-05T13:37:18.662+0000] {logging_mixin.py:188} INFO - [2025-09-05T13:37:18.662+0000] {dag.py:3089} INFO - Sync 1 DAGs
[2025-09-05T13:37:18.707+0000] {logging_mixin.py:188} INFO - [2025-09-05T13:37:18.707+0000] {dag.py:3947} INFO - Setting next_dagrun for banvic_pipeline to 2025-09-05 07:35:00+00:00, run_after=2025-09-06 07:35:00+00:00
[2025-09-05T13:37:18.757+0000] {processor.py:183} INFO - Processing /opt/airflow/dags/banvic_pipeline.py took 0.205 seconds
[2025-09-05T13:37:48.881+0000] {processor.py:161} INFO - Started process (PID=244) to work on /opt/airflow/dags/banvic_pipeline.py
[2025-09-05T13:37:48.882+0000] {processor.py:830} INFO - Processing file /opt/airflow/dags/banvic_pipeline.py for tasks to queue
[2025-09-05T13:37:48.885+0000] {logging_mixin.py:188} INFO - [2025-09-05T13:37:48.885+0000] {dagbag.py:545} INFO - Filling up the DagBag from /opt/airflow/dags/banvic_pipeline.py
[2025-09-05T13:37:48.907+0000] {processor.py:840} INFO - DAG(s) 'banvic_pipeline' retrieved from /opt/airflow/dags/banvic_pipeline.py
[2025-09-05T13:37:48.981+0000] {logging_mixin.py:188} INFO - [2025-09-05T13:37:48.981+0000] {dag.py:3089} INFO - Sync 1 DAGs
[2025-09-05T13:37:49.020+0000] {logging_mixin.py:188} INFO - [2025-09-05T13:37:49.020+0000] {dag.py:3947} INFO - Setting next_dagrun for banvic_pipeline to 2025-09-05 07:35:00+00:00, run_after=2025-09-06 07:35:00+00:00
[2025-09-05T13:37:49.075+0000] {processor.py:183} INFO - Processing /opt/airflow/dags/banvic_pipeline.py took 0.201 seconds
[2025-09-05T13:38:19.550+0000] {processor.py:161} INFO - Started process (PID=249) to work on /opt/airflow/dags/banvic_pipeline.py
[2025-09-05T13:38:19.555+0000] {processor.py:830} INFO - Processing file /opt/airflow/dags/banvic_pipeline.py for tasks to queue
[2025-09-05T13:38:19.575+0000] {logging_mixin.py:188} INFO - [2025-09-05T13:38:19.573+0000] {dagbag.py:545} INFO - Filling up the DagBag from /opt/airflow/dags/banvic_pipeline.py
[2025-09-05T13:38:19.684+0000] {processor.py:840} INFO - DAG(s) 'banvic_pipeline' retrieved from /opt/airflow/dags/banvic_pipeline.py
[2025-09-05T13:38:19.870+0000] {logging_mixin.py:188} INFO - [2025-09-05T13:38:19.870+0000] {dag.py:3089} INFO - Sync 1 DAGs
[2025-09-05T13:38:19.930+0000] {logging_mixin.py:188} INFO - [2025-09-05T13:38:19.930+0000] {dag.py:3947} INFO - Setting next_dagrun for banvic_pipeline to 2025-09-05 07:35:00+00:00, run_after=2025-09-06 07:35:00+00:00
[2025-09-05T13:38:20.025+0000] {processor.py:183} INFO - Processing /opt/airflow/dags/banvic_pipeline.py took 0.506 seconds
[2025-09-05T13:38:50.447+0000] {processor.py:161} INFO - Started process (PID=254) to work on /opt/airflow/dags/banvic_pipeline.py
[2025-09-05T13:38:50.449+0000] {processor.py:830} INFO - Processing file /opt/airflow/dags/banvic_pipeline.py for tasks to queue
[2025-09-05T13:38:50.453+0000] {logging_mixin.py:188} INFO - [2025-09-05T13:38:50.452+0000] {dagbag.py:545} INFO - Filling up the DagBag from /opt/airflow/dags/banvic_pipeline.py
[2025-09-05T13:38:50.476+0000] {processor.py:840} INFO - DAG(s) 'banvic_pipeline' retrieved from /opt/airflow/dags/banvic_pipeline.py
[2025-09-05T13:38:50.530+0000] {logging_mixin.py:188} INFO - [2025-09-05T13:38:50.529+0000] {dag.py:3089} INFO - Sync 1 DAGs
[2025-09-05T13:38:50.559+0000] {logging_mixin.py:188} INFO - [2025-09-05T13:38:50.559+0000] {dag.py:3947} INFO - Setting next_dagrun for banvic_pipeline to 2025-09-05 07:35:00+00:00, run_after=2025-09-06 07:35:00+00:00
[2025-09-05T13:38:50.607+0000] {processor.py:183} INFO - Processing /opt/airflow/dags/banvic_pipeline.py took 0.168 seconds
[2025-09-05T13:39:20.763+0000] {processor.py:161} INFO - Started process (PID=259) to work on /opt/airflow/dags/banvic_pipeline.py
[2025-09-05T13:39:20.765+0000] {processor.py:830} INFO - Processing file /opt/airflow/dags/banvic_pipeline.py for tasks to queue
[2025-09-05T13:39:20.768+0000] {logging_mixin.py:188} INFO - [2025-09-05T13:39:20.767+0000] {dagbag.py:545} INFO - Filling up the DagBag from /opt/airflow/dags/banvic_pipeline.py
[2025-09-05T13:39:20.795+0000] {processor.py:840} INFO - DAG(s) 'banvic_pipeline' retrieved from /opt/airflow/dags/banvic_pipeline.py
[2025-09-05T13:39:20.853+0000] {logging_mixin.py:188} INFO - [2025-09-05T13:39:20.853+0000] {dag.py:3089} INFO - Sync 1 DAGs
[2025-09-05T13:39:20.883+0000] {logging_mixin.py:188} INFO - [2025-09-05T13:39:20.882+0000] {dag.py:3947} INFO - Setting next_dagrun for banvic_pipeline to 2025-09-05 07:35:00+00:00, run_after=2025-09-06 07:35:00+00:00
[2025-09-05T13:39:20.928+0000] {processor.py:183} INFO - Processing /opt/airflow/dags/banvic_pipeline.py took 0.172 seconds
[2025-09-05T13:39:51.200+0000] {processor.py:161} INFO - Started process (PID=264) to work on /opt/airflow/dags/banvic_pipeline.py
[2025-09-05T13:39:51.202+0000] {processor.py:830} INFO - Processing file /opt/airflow/dags/banvic_pipeline.py for tasks to queue
[2025-09-05T13:39:51.205+0000] {logging_mixin.py:188} INFO - [2025-09-05T13:39:51.204+0000] {dagbag.py:545} INFO - Filling up the DagBag from /opt/airflow/dags/banvic_pipeline.py
[2025-09-05T13:39:51.240+0000] {processor.py:840} INFO - DAG(s) 'banvic_pipeline' retrieved from /opt/airflow/dags/banvic_pipeline.py
[2025-09-05T13:39:51.315+0000] {logging_mixin.py:188} INFO - [2025-09-05T13:39:51.315+0000] {dag.py:3089} INFO - Sync 1 DAGs
[2025-09-05T13:39:51.365+0000] {logging_mixin.py:188} INFO - [2025-09-05T13:39:51.365+0000] {dag.py:3947} INFO - Setting next_dagrun for banvic_pipeline to 2025-09-05 07:35:00+00:00, run_after=2025-09-06 07:35:00+00:00
[2025-09-05T13:39:51.420+0000] {processor.py:183} INFO - Processing /opt/airflow/dags/banvic_pipeline.py took 0.229 seconds
[2025-09-05T13:40:21.528+0000] {processor.py:161} INFO - Started process (PID=269) to work on /opt/airflow/dags/banvic_pipeline.py
[2025-09-05T13:40:21.530+0000] {processor.py:830} INFO - Processing file /opt/airflow/dags/banvic_pipeline.py for tasks to queue
[2025-09-05T13:40:21.533+0000] {logging_mixin.py:188} INFO - [2025-09-05T13:40:21.533+0000] {dagbag.py:545} INFO - Filling up the DagBag from /opt/airflow/dags/banvic_pipeline.py
[2025-09-05T13:40:21.563+0000] {processor.py:840} INFO - DAG(s) 'banvic_pipeline' retrieved from /opt/airflow/dags/banvic_pipeline.py
[2025-09-05T13:40:21.626+0000] {logging_mixin.py:188} INFO - [2025-09-05T13:40:21.626+0000] {dag.py:3089} INFO - Sync 1 DAGs
[2025-09-05T13:40:21.661+0000] {logging_mixin.py:188} INFO - [2025-09-05T13:40:21.661+0000] {dag.py:3947} INFO - Setting next_dagrun for banvic_pipeline to 2025-09-05 07:35:00+00:00, run_after=2025-09-06 07:35:00+00:00
[2025-09-05T13:40:21.710+0000] {processor.py:183} INFO - Processing /opt/airflow/dags/banvic_pipeline.py took 0.191 seconds
[2025-09-05T13:40:52.091+0000] {processor.py:161} INFO - Started process (PID=274) to work on /opt/airflow/dags/banvic_pipeline.py
[2025-09-05T13:40:52.092+0000] {processor.py:830} INFO - Processing file /opt/airflow/dags/banvic_pipeline.py for tasks to queue
[2025-09-05T13:40:52.099+0000] {logging_mixin.py:188} INFO - [2025-09-05T13:40:52.098+0000] {dagbag.py:545} INFO - Filling up the DagBag from /opt/airflow/dags/banvic_pipeline.py
[2025-09-05T13:40:52.126+0000] {processor.py:840} INFO - DAG(s) 'banvic_pipeline' retrieved from /opt/airflow/dags/banvic_pipeline.py
[2025-09-05T13:40:52.357+0000] {logging_mixin.py:188} INFO - [2025-09-05T13:40:52.356+0000] {dag.py:3089} INFO - Sync 1 DAGs
[2025-09-05T13:40:52.571+0000] {logging_mixin.py:188} INFO - [2025-09-05T13:40:52.570+0000] {dag.py:3947} INFO - Setting next_dagrun for banvic_pipeline to 2025-09-05 07:35:00+00:00, run_after=2025-09-06 07:35:00+00:00
[2025-09-05T13:40:52.700+0000] {processor.py:183} INFO - Processing /opt/airflow/dags/banvic_pipeline.py took 0.616 seconds
[2025-09-05T13:41:23.108+0000] {processor.py:161} INFO - Started process (PID=279) to work on /opt/airflow/dags/banvic_pipeline.py
[2025-09-05T13:41:23.110+0000] {processor.py:830} INFO - Processing file /opt/airflow/dags/banvic_pipeline.py for tasks to queue
[2025-09-05T13:41:23.112+0000] {logging_mixin.py:188} INFO - [2025-09-05T13:41:23.112+0000] {dagbag.py:545} INFO - Filling up the DagBag from /opt/airflow/dags/banvic_pipeline.py
[2025-09-05T13:41:23.134+0000] {processor.py:840} INFO - DAG(s) 'banvic_pipeline' retrieved from /opt/airflow/dags/banvic_pipeline.py
[2025-09-05T13:41:23.185+0000] {logging_mixin.py:188} INFO - [2025-09-05T13:41:23.184+0000] {dag.py:3089} INFO - Sync 1 DAGs
[2025-09-05T13:41:23.211+0000] {logging_mixin.py:188} INFO - [2025-09-05T13:41:23.211+0000] {dag.py:3947} INFO - Setting next_dagrun for banvic_pipeline to 2025-09-05 07:35:00+00:00, run_after=2025-09-06 07:35:00+00:00
[2025-09-05T13:41:23.248+0000] {processor.py:183} INFO - Processing /opt/airflow/dags/banvic_pipeline.py took 0.145 seconds
[2025-09-05T13:41:53.820+0000] {processor.py:161} INFO - Started process (PID=284) to work on /opt/airflow/dags/banvic_pipeline.py
[2025-09-05T13:41:53.826+0000] {processor.py:830} INFO - Processing file /opt/airflow/dags/banvic_pipeline.py for tasks to queue
[2025-09-05T13:41:53.830+0000] {logging_mixin.py:188} INFO - [2025-09-05T13:41:53.829+0000] {dagbag.py:545} INFO - Filling up the DagBag from /opt/airflow/dags/banvic_pipeline.py
[2025-09-05T13:41:53.855+0000] {processor.py:840} INFO - DAG(s) 'banvic_pipeline' retrieved from /opt/airflow/dags/banvic_pipeline.py
[2025-09-05T13:41:53.907+0000] {logging_mixin.py:188} INFO - [2025-09-05T13:41:53.907+0000] {dag.py:3089} INFO - Sync 1 DAGs
[2025-09-05T13:41:53.947+0000] {logging_mixin.py:188} INFO - [2025-09-05T13:41:53.947+0000] {dag.py:3947} INFO - Setting next_dagrun for banvic_pipeline to 2025-09-05 07:35:00+00:00, run_after=2025-09-06 07:35:00+00:00
[2025-09-05T13:41:53.992+0000] {processor.py:183} INFO - Processing /opt/airflow/dags/banvic_pipeline.py took 0.179 seconds
[2025-09-05T13:42:24.126+0000] {processor.py:161} INFO - Started process (PID=289) to work on /opt/airflow/dags/banvic_pipeline.py
[2025-09-05T13:42:24.127+0000] {processor.py:830} INFO - Processing file /opt/airflow/dags/banvic_pipeline.py for tasks to queue
[2025-09-05T13:42:24.129+0000] {logging_mixin.py:188} INFO - [2025-09-05T13:42:24.129+0000] {dagbag.py:545} INFO - Filling up the DagBag from /opt/airflow/dags/banvic_pipeline.py
[2025-09-05T13:42:24.151+0000] {processor.py:840} INFO - DAG(s) 'banvic_pipeline' retrieved from /opt/airflow/dags/banvic_pipeline.py
[2025-09-05T13:42:24.215+0000] {logging_mixin.py:188} INFO - [2025-09-05T13:42:24.214+0000] {dag.py:3089} INFO - Sync 1 DAGs
[2025-09-05T13:42:24.248+0000] {logging_mixin.py:188} INFO - [2025-09-05T13:42:24.248+0000] {dag.py:3947} INFO - Setting next_dagrun for banvic_pipeline to 2025-09-05 07:35:00+00:00, run_after=2025-09-06 07:35:00+00:00
[2025-09-05T13:42:24.297+0000] {processor.py:183} INFO - Processing /opt/airflow/dags/banvic_pipeline.py took 0.177 seconds
[2025-09-05T13:42:54.469+0000] {processor.py:161} INFO - Started process (PID=294) to work on /opt/airflow/dags/banvic_pipeline.py
[2025-09-05T13:42:54.470+0000] {processor.py:830} INFO - Processing file /opt/airflow/dags/banvic_pipeline.py for tasks to queue
[2025-09-05T13:42:54.472+0000] {logging_mixin.py:188} INFO - [2025-09-05T13:42:54.472+0000] {dagbag.py:545} INFO - Filling up the DagBag from /opt/airflow/dags/banvic_pipeline.py
[2025-09-05T13:42:54.492+0000] {processor.py:840} INFO - DAG(s) 'banvic_pipeline' retrieved from /opt/airflow/dags/banvic_pipeline.py
[2025-09-05T13:42:54.539+0000] {logging_mixin.py:188} INFO - [2025-09-05T13:42:54.538+0000] {dag.py:3089} INFO - Sync 1 DAGs
[2025-09-05T13:42:54.563+0000] {logging_mixin.py:188} INFO - [2025-09-05T13:42:54.563+0000] {dag.py:3947} INFO - Setting next_dagrun for banvic_pipeline to 2025-09-05 07:35:00+00:00, run_after=2025-09-06 07:35:00+00:00
[2025-09-05T13:42:54.611+0000] {processor.py:183} INFO - Processing /opt/airflow/dags/banvic_pipeline.py took 0.147 seconds
[2025-09-05T13:43:24.862+0000] {processor.py:161} INFO - Started process (PID=299) to work on /opt/airflow/dags/banvic_pipeline.py
[2025-09-05T13:43:24.864+0000] {processor.py:830} INFO - Processing file /opt/airflow/dags/banvic_pipeline.py for tasks to queue
[2025-09-05T13:43:24.867+0000] {logging_mixin.py:188} INFO - [2025-09-05T13:43:24.867+0000] {dagbag.py:545} INFO - Filling up the DagBag from /opt/airflow/dags/banvic_pipeline.py
[2025-09-05T13:43:24.890+0000] {processor.py:840} INFO - DAG(s) 'banvic_pipeline' retrieved from /opt/airflow/dags/banvic_pipeline.py
[2025-09-05T13:43:24.948+0000] {logging_mixin.py:188} INFO - [2025-09-05T13:43:24.948+0000] {dag.py:3089} INFO - Sync 1 DAGs
[2025-09-05T13:43:24.977+0000] {logging_mixin.py:188} INFO - [2025-09-05T13:43:24.977+0000] {dag.py:3947} INFO - Setting next_dagrun for banvic_pipeline to 2025-09-05 07:35:00+00:00, run_after=2025-09-06 07:35:00+00:00
[2025-09-05T13:43:25.023+0000] {processor.py:183} INFO - Processing /opt/airflow/dags/banvic_pipeline.py took 0.168 seconds
[2025-09-05T13:43:55.252+0000] {processor.py:161} INFO - Started process (PID=304) to work on /opt/airflow/dags/banvic_pipeline.py
[2025-09-05T13:43:55.254+0000] {processor.py:830} INFO - Processing file /opt/airflow/dags/banvic_pipeline.py for tasks to queue
[2025-09-05T13:43:55.256+0000] {logging_mixin.py:188} INFO - [2025-09-05T13:43:55.256+0000] {dagbag.py:545} INFO - Filling up the DagBag from /opt/airflow/dags/banvic_pipeline.py
[2025-09-05T13:43:55.292+0000] {processor.py:840} INFO - DAG(s) 'banvic_pipeline' retrieved from /opt/airflow/dags/banvic_pipeline.py
[2025-09-05T13:43:55.368+0000] {logging_mixin.py:188} INFO - [2025-09-05T13:43:55.368+0000] {dag.py:3089} INFO - Sync 1 DAGs
[2025-09-05T13:43:55.403+0000] {logging_mixin.py:188} INFO - [2025-09-05T13:43:55.403+0000] {dag.py:3947} INFO - Setting next_dagrun for banvic_pipeline to 2025-09-05 07:35:00+00:00, run_after=2025-09-06 07:35:00+00:00
[2025-09-05T13:43:55.473+0000] {processor.py:183} INFO - Processing /opt/airflow/dags/banvic_pipeline.py took 0.228 seconds
[2025-09-05T13:44:25.574+0000] {processor.py:161} INFO - Started process (PID=309) to work on /opt/airflow/dags/banvic_pipeline.py
[2025-09-05T13:44:25.576+0000] {processor.py:830} INFO - Processing file /opt/airflow/dags/banvic_pipeline.py for tasks to queue
[2025-09-05T13:44:25.578+0000] {logging_mixin.py:188} INFO - [2025-09-05T13:44:25.578+0000] {dagbag.py:545} INFO - Filling up the DagBag from /opt/airflow/dags/banvic_pipeline.py
[2025-09-05T13:44:25.602+0000] {processor.py:840} INFO - DAG(s) 'banvic_pipeline' retrieved from /opt/airflow/dags/banvic_pipeline.py
[2025-09-05T13:44:25.675+0000] {logging_mixin.py:188} INFO - [2025-09-05T13:44:25.674+0000] {dag.py:3089} INFO - Sync 1 DAGs
[2025-09-05T13:44:25.713+0000] {logging_mixin.py:188} INFO - [2025-09-05T13:44:25.713+0000] {dag.py:3947} INFO - Setting next_dagrun for banvic_pipeline to 2025-09-05 07:35:00+00:00, run_after=2025-09-06 07:35:00+00:00
[2025-09-05T13:44:25.759+0000] {processor.py:183} INFO - Processing /opt/airflow/dags/banvic_pipeline.py took 0.192 seconds
[2025-09-05T13:44:56.061+0000] {processor.py:161} INFO - Started process (PID=314) to work on /opt/airflow/dags/banvic_pipeline.py
[2025-09-05T13:44:56.062+0000] {processor.py:830} INFO - Processing file /opt/airflow/dags/banvic_pipeline.py for tasks to queue
[2025-09-05T13:44:56.065+0000] {logging_mixin.py:188} INFO - [2025-09-05T13:44:56.065+0000] {dagbag.py:545} INFO - Filling up the DagBag from /opt/airflow/dags/banvic_pipeline.py
[2025-09-05T13:44:56.091+0000] {processor.py:840} INFO - DAG(s) 'banvic_pipeline' retrieved from /opt/airflow/dags/banvic_pipeline.py
[2025-09-05T13:44:56.149+0000] {logging_mixin.py:188} INFO - [2025-09-05T13:44:56.149+0000] {dag.py:3089} INFO - Sync 1 DAGs
[2025-09-05T13:44:56.179+0000] {logging_mixin.py:188} INFO - [2025-09-05T13:44:56.179+0000] {dag.py:3947} INFO - Setting next_dagrun for banvic_pipeline to 2025-09-05 07:35:00+00:00, run_after=2025-09-06 07:35:00+00:00
[2025-09-05T13:44:56.237+0000] {processor.py:183} INFO - Processing /opt/airflow/dags/banvic_pipeline.py took 0.182 seconds
[2025-09-05T13:45:26.915+0000] {processor.py:161} INFO - Started process (PID=319) to work on /opt/airflow/dags/banvic_pipeline.py
[2025-09-05T13:45:26.930+0000] {processor.py:830} INFO - Processing file /opt/airflow/dags/banvic_pipeline.py for tasks to queue
[2025-09-05T13:45:26.949+0000] {logging_mixin.py:188} INFO - [2025-09-05T13:45:26.944+0000] {dagbag.py:545} INFO - Filling up the DagBag from /opt/airflow/dags/banvic_pipeline.py
[2025-09-05T13:45:27.098+0000] {processor.py:840} INFO - DAG(s) 'banvic_pipeline' retrieved from /opt/airflow/dags/banvic_pipeline.py
[2025-09-05T13:45:28.817+0000] {logging_mixin.py:188} INFO - [2025-09-05T13:45:28.816+0000] {dag.py:3089} INFO - Sync 1 DAGs
[2025-09-05T13:45:28.992+0000] {logging_mixin.py:188} INFO - [2025-09-05T13:45:28.991+0000] {dag.py:3947} INFO - Setting next_dagrun for banvic_pipeline to 2025-09-05 07:35:00+00:00, run_after=2025-09-06 07:35:00+00:00
[2025-09-05T13:45:29.112+0000] {processor.py:183} INFO - Processing /opt/airflow/dags/banvic_pipeline.py took 2.273 seconds
[2025-09-05T13:45:59.233+0000] {processor.py:161} INFO - Started process (PID=324) to work on /opt/airflow/dags/banvic_pipeline.py
[2025-09-05T13:45:59.234+0000] {processor.py:830} INFO - Processing file /opt/airflow/dags/banvic_pipeline.py for tasks to queue
[2025-09-05T13:45:59.237+0000] {logging_mixin.py:188} INFO - [2025-09-05T13:45:59.236+0000] {dagbag.py:545} INFO - Filling up the DagBag from /opt/airflow/dags/banvic_pipeline.py
[2025-09-05T13:45:59.266+0000] {processor.py:840} INFO - DAG(s) 'banvic_pipeline' retrieved from /opt/airflow/dags/banvic_pipeline.py
[2025-09-05T13:45:59.321+0000] {logging_mixin.py:188} INFO - [2025-09-05T13:45:59.321+0000] {dag.py:3089} INFO - Sync 1 DAGs
[2025-09-05T13:45:59.348+0000] {logging_mixin.py:188} INFO - [2025-09-05T13:45:59.348+0000] {dag.py:3947} INFO - Setting next_dagrun for banvic_pipeline to 2025-09-05 07:35:00+00:00, run_after=2025-09-06 07:35:00+00:00
[2025-09-05T13:45:59.395+0000] {processor.py:183} INFO - Processing /opt/airflow/dags/banvic_pipeline.py took 0.168 seconds
[2025-09-05T13:46:29.755+0000] {processor.py:161} INFO - Started process (PID=359) to work on /opt/airflow/dags/banvic_pipeline.py
[2025-09-05T13:46:29.757+0000] {processor.py:830} INFO - Processing file /opt/airflow/dags/banvic_pipeline.py for tasks to queue
[2025-09-05T13:46:29.764+0000] {logging_mixin.py:188} INFO - [2025-09-05T13:46:29.763+0000] {dagbag.py:545} INFO - Filling up the DagBag from /opt/airflow/dags/banvic_pipeline.py
[2025-09-05T13:46:29.816+0000] {processor.py:840} INFO - DAG(s) 'banvic_pipeline' retrieved from /opt/airflow/dags/banvic_pipeline.py
[2025-09-05T13:46:29.941+0000] {logging_mixin.py:188} INFO - [2025-09-05T13:46:29.940+0000] {dag.py:3089} INFO - Sync 1 DAGs
[2025-09-05T13:46:30.130+0000] {processor.py:183} INFO - Processing /opt/airflow/dags/banvic_pipeline.py took 0.389 seconds
[2025-09-05T13:47:00.490+0000] {processor.py:161} INFO - Started process (PID=367) to work on /opt/airflow/dags/banvic_pipeline.py
[2025-09-05T13:47:00.495+0000] {processor.py:830} INFO - Processing file /opt/airflow/dags/banvic_pipeline.py for tasks to queue
[2025-09-05T13:47:00.500+0000] {logging_mixin.py:188} INFO - [2025-09-05T13:47:00.499+0000] {dagbag.py:545} INFO - Filling up the DagBag from /opt/airflow/dags/banvic_pipeline.py
[2025-09-05T13:47:00.551+0000] {processor.py:840} INFO - DAG(s) 'banvic_pipeline' retrieved from /opt/airflow/dags/banvic_pipeline.py
[2025-09-05T13:47:00.622+0000] {logging_mixin.py:188} INFO - [2025-09-05T13:47:00.622+0000] {dag.py:3089} INFO - Sync 1 DAGs
[2025-09-05T13:47:00.654+0000] {logging_mixin.py:188} INFO - [2025-09-05T13:47:00.654+0000] {dag.py:3947} INFO - Setting next_dagrun for banvic_pipeline to 2025-09-05 07:35:00+00:00, run_after=2025-09-06 07:35:00+00:00
[2025-09-05T13:47:00.725+0000] {processor.py:183} INFO - Processing /opt/airflow/dags/banvic_pipeline.py took 0.248 seconds
[2025-09-05T13:47:30.818+0000] {processor.py:161} INFO - Started process (PID=372) to work on /opt/airflow/dags/banvic_pipeline.py
[2025-09-05T13:47:30.823+0000] {processor.py:830} INFO - Processing file /opt/airflow/dags/banvic_pipeline.py for tasks to queue
[2025-09-05T13:47:30.829+0000] {logging_mixin.py:188} INFO - [2025-09-05T13:47:30.829+0000] {dagbag.py:545} INFO - Filling up the DagBag from /opt/airflow/dags/banvic_pipeline.py
[2025-09-05T13:47:30.867+0000] {processor.py:840} INFO - DAG(s) 'banvic_pipeline' retrieved from /opt/airflow/dags/banvic_pipeline.py
[2025-09-05T13:47:30.956+0000] {logging_mixin.py:188} INFO - [2025-09-05T13:47:30.956+0000] {dag.py:3089} INFO - Sync 1 DAGs
[2025-09-05T13:47:31.061+0000] {logging_mixin.py:188} INFO - [2025-09-05T13:47:31.061+0000] {dag.py:3947} INFO - Setting next_dagrun for banvic_pipeline to 2025-09-05 07:35:00+00:00, run_after=2025-09-06 07:35:00+00:00
[2025-09-05T13:47:31.157+0000] {processor.py:183} INFO - Processing /opt/airflow/dags/banvic_pipeline.py took 0.350 seconds
[2025-09-05T13:48:01.401+0000] {processor.py:161} INFO - Started process (PID=377) to work on /opt/airflow/dags/banvic_pipeline.py
[2025-09-05T13:48:01.403+0000] {processor.py:830} INFO - Processing file /opt/airflow/dags/banvic_pipeline.py for tasks to queue
[2025-09-05T13:48:01.411+0000] {logging_mixin.py:188} INFO - [2025-09-05T13:48:01.411+0000] {dagbag.py:545} INFO - Filling up the DagBag from /opt/airflow/dags/banvic_pipeline.py
[2025-09-05T13:48:01.440+0000] {processor.py:840} INFO - DAG(s) 'banvic_pipeline' retrieved from /opt/airflow/dags/banvic_pipeline.py
[2025-09-05T13:48:01.501+0000] {logging_mixin.py:188} INFO - [2025-09-05T13:48:01.501+0000] {dag.py:3089} INFO - Sync 1 DAGs
[2025-09-05T13:48:01.539+0000] {logging_mixin.py:188} INFO - [2025-09-05T13:48:01.539+0000] {dag.py:3947} INFO - Setting next_dagrun for banvic_pipeline to 2025-09-05 07:35:00+00:00, run_after=2025-09-06 07:35:00+00:00
[2025-09-05T13:48:01.610+0000] {processor.py:183} INFO - Processing /opt/airflow/dags/banvic_pipeline.py took 0.214 seconds
[2025-09-05T13:48:31.856+0000] {processor.py:161} INFO - Started process (PID=382) to work on /opt/airflow/dags/banvic_pipeline.py
[2025-09-05T13:48:31.858+0000] {processor.py:830} INFO - Processing file /opt/airflow/dags/banvic_pipeline.py for tasks to queue
[2025-09-05T13:48:31.862+0000] {logging_mixin.py:188} INFO - [2025-09-05T13:48:31.862+0000] {dagbag.py:545} INFO - Filling up the DagBag from /opt/airflow/dags/banvic_pipeline.py
[2025-09-05T13:48:31.901+0000] {processor.py:840} INFO - DAG(s) 'banvic_pipeline' retrieved from /opt/airflow/dags/banvic_pipeline.py
[2025-09-05T13:48:31.948+0000] {logging_mixin.py:188} INFO - [2025-09-05T13:48:31.948+0000] {dag.py:3089} INFO - Sync 1 DAGs
[2025-09-05T13:48:31.982+0000] {logging_mixin.py:188} INFO - [2025-09-05T13:48:31.982+0000] {dag.py:3947} INFO - Setting next_dagrun for banvic_pipeline to 2025-09-05 07:35:00+00:00, run_after=2025-09-06 07:35:00+00:00
[2025-09-05T13:48:32.049+0000] {processor.py:183} INFO - Processing /opt/airflow/dags/banvic_pipeline.py took 0.199 seconds
[2025-09-05T13:49:02.256+0000] {processor.py:161} INFO - Started process (PID=387) to work on /opt/airflow/dags/banvic_pipeline.py
[2025-09-05T13:49:02.258+0000] {processor.py:830} INFO - Processing file /opt/airflow/dags/banvic_pipeline.py for tasks to queue
[2025-09-05T13:49:02.261+0000] {logging_mixin.py:188} INFO - [2025-09-05T13:49:02.260+0000] {dagbag.py:545} INFO - Filling up the DagBag from /opt/airflow/dags/banvic_pipeline.py
[2025-09-05T13:49:02.291+0000] {processor.py:840} INFO - DAG(s) 'banvic_pipeline' retrieved from /opt/airflow/dags/banvic_pipeline.py
[2025-09-05T13:49:02.367+0000] {logging_mixin.py:188} INFO - [2025-09-05T13:49:02.367+0000] {dag.py:3089} INFO - Sync 1 DAGs
[2025-09-05T13:49:02.401+0000] {logging_mixin.py:188} INFO - [2025-09-05T13:49:02.401+0000] {dag.py:3947} INFO - Setting next_dagrun for banvic_pipeline to 2025-09-05 07:35:00+00:00, run_after=2025-09-06 07:35:00+00:00
[2025-09-05T13:49:02.444+0000] {processor.py:183} INFO - Processing /opt/airflow/dags/banvic_pipeline.py took 0.196 seconds
[2025-09-05T13:49:32.708+0000] {processor.py:161} INFO - Started process (PID=392) to work on /opt/airflow/dags/banvic_pipeline.py
[2025-09-05T13:49:32.709+0000] {processor.py:830} INFO - Processing file /opt/airflow/dags/banvic_pipeline.py for tasks to queue
[2025-09-05T13:49:32.712+0000] {logging_mixin.py:188} INFO - [2025-09-05T13:49:32.712+0000] {dagbag.py:545} INFO - Filling up the DagBag from /opt/airflow/dags/banvic_pipeline.py
[2025-09-05T13:49:32.729+0000] {processor.py:840} INFO - DAG(s) 'banvic_pipeline' retrieved from /opt/airflow/dags/banvic_pipeline.py
[2025-09-05T13:49:32.777+0000] {logging_mixin.py:188} INFO - [2025-09-05T13:49:32.777+0000] {dag.py:3089} INFO - Sync 1 DAGs
[2025-09-05T13:49:32.805+0000] {logging_mixin.py:188} INFO - [2025-09-05T13:49:32.805+0000] {dag.py:3947} INFO - Setting next_dagrun for banvic_pipeline to 2025-09-05 07:35:00+00:00, run_after=2025-09-06 07:35:00+00:00
[2025-09-05T13:49:32.852+0000] {processor.py:183} INFO - Processing /opt/airflow/dags/banvic_pipeline.py took 0.150 seconds
[2025-09-05T13:50:03.092+0000] {processor.py:161} INFO - Started process (PID=397) to work on /opt/airflow/dags/banvic_pipeline.py
[2025-09-05T13:50:03.093+0000] {processor.py:830} INFO - Processing file /opt/airflow/dags/banvic_pipeline.py for tasks to queue
[2025-09-05T13:50:03.095+0000] {logging_mixin.py:188} INFO - [2025-09-05T13:50:03.095+0000] {dagbag.py:545} INFO - Filling up the DagBag from /opt/airflow/dags/banvic_pipeline.py
[2025-09-05T13:50:03.118+0000] {processor.py:840} INFO - DAG(s) 'banvic_pipeline' retrieved from /opt/airflow/dags/banvic_pipeline.py
[2025-09-05T13:50:03.161+0000] {logging_mixin.py:188} INFO - [2025-09-05T13:50:03.161+0000] {dag.py:3089} INFO - Sync 1 DAGs
[2025-09-05T13:50:03.203+0000] {logging_mixin.py:188} INFO - [2025-09-05T13:50:03.202+0000] {dag.py:3947} INFO - Setting next_dagrun for banvic_pipeline to 2025-09-05 07:35:00+00:00, run_after=2025-09-06 07:35:00+00:00
[2025-09-05T13:50:03.267+0000] {processor.py:183} INFO - Processing /opt/airflow/dags/banvic_pipeline.py took 0.180 seconds
[2025-09-05T13:50:33.404+0000] {processor.py:161} INFO - Started process (PID=402) to work on /opt/airflow/dags/banvic_pipeline.py
[2025-09-05T13:50:33.406+0000] {processor.py:830} INFO - Processing file /opt/airflow/dags/banvic_pipeline.py for tasks to queue
[2025-09-05T13:50:33.407+0000] {logging_mixin.py:188} INFO - [2025-09-05T13:50:33.407+0000] {dagbag.py:545} INFO - Filling up the DagBag from /opt/airflow/dags/banvic_pipeline.py
[2025-09-05T13:50:33.427+0000] {processor.py:840} INFO - DAG(s) 'banvic_pipeline' retrieved from /opt/airflow/dags/banvic_pipeline.py
[2025-09-05T13:50:33.484+0000] {logging_mixin.py:188} INFO - [2025-09-05T13:50:33.484+0000] {dag.py:3089} INFO - Sync 1 DAGs
[2025-09-05T13:50:33.521+0000] {logging_mixin.py:188} INFO - [2025-09-05T13:50:33.520+0000] {dag.py:3947} INFO - Setting next_dagrun for banvic_pipeline to 2025-09-05 07:35:00+00:00, run_after=2025-09-06 07:35:00+00:00
[2025-09-05T13:50:33.581+0000] {processor.py:183} INFO - Processing /opt/airflow/dags/banvic_pipeline.py took 0.181 seconds
[2025-09-05T13:51:03.843+0000] {processor.py:161} INFO - Started process (PID=407) to work on /opt/airflow/dags/banvic_pipeline.py
[2025-09-05T13:51:03.844+0000] {processor.py:830} INFO - Processing file /opt/airflow/dags/banvic_pipeline.py for tasks to queue
[2025-09-05T13:51:03.847+0000] {logging_mixin.py:188} INFO - [2025-09-05T13:51:03.846+0000] {dagbag.py:545} INFO - Filling up the DagBag from /opt/airflow/dags/banvic_pipeline.py
[2025-09-05T13:51:03.869+0000] {processor.py:840} INFO - DAG(s) 'banvic_pipeline' retrieved from /opt/airflow/dags/banvic_pipeline.py
[2025-09-05T13:51:03.915+0000] {logging_mixin.py:188} INFO - [2025-09-05T13:51:03.915+0000] {dag.py:3089} INFO - Sync 1 DAGs
[2025-09-05T13:51:03.940+0000] {logging_mixin.py:188} INFO - [2025-09-05T13:51:03.940+0000] {dag.py:3947} INFO - Setting next_dagrun for banvic_pipeline to 2025-09-05 07:35:00+00:00, run_after=2025-09-06 07:35:00+00:00
[2025-09-05T13:51:04.007+0000] {processor.py:183} INFO - Processing /opt/airflow/dags/banvic_pipeline.py took 0.169 seconds
[2025-09-05T13:51:34.170+0000] {processor.py:161} INFO - Started process (PID=412) to work on /opt/airflow/dags/banvic_pipeline.py
[2025-09-05T13:51:34.171+0000] {processor.py:830} INFO - Processing file /opt/airflow/dags/banvic_pipeline.py for tasks to queue
[2025-09-05T13:51:34.174+0000] {logging_mixin.py:188} INFO - [2025-09-05T13:51:34.173+0000] {dagbag.py:545} INFO - Filling up the DagBag from /opt/airflow/dags/banvic_pipeline.py
[2025-09-05T13:51:34.195+0000] {processor.py:840} INFO - DAG(s) 'banvic_pipeline' retrieved from /opt/airflow/dags/banvic_pipeline.py
[2025-09-05T13:51:34.244+0000] {logging_mixin.py:188} INFO - [2025-09-05T13:51:34.244+0000] {dag.py:3089} INFO - Sync 1 DAGs
[2025-09-05T13:51:34.273+0000] {logging_mixin.py:188} INFO - [2025-09-05T13:51:34.273+0000] {dag.py:3947} INFO - Setting next_dagrun for banvic_pipeline to 2025-09-05 07:35:00+00:00, run_after=2025-09-06 07:35:00+00:00
[2025-09-05T13:51:34.343+0000] {processor.py:183} INFO - Processing /opt/airflow/dags/banvic_pipeline.py took 0.180 seconds
[2025-09-05T13:52:04.647+0000] {processor.py:161} INFO - Started process (PID=417) to work on /opt/airflow/dags/banvic_pipeline.py
[2025-09-05T13:52:04.648+0000] {processor.py:830} INFO - Processing file /opt/airflow/dags/banvic_pipeline.py for tasks to queue
[2025-09-05T13:52:04.652+0000] {logging_mixin.py:188} INFO - [2025-09-05T13:52:04.651+0000] {dagbag.py:545} INFO - Filling up the DagBag from /opt/airflow/dags/banvic_pipeline.py
[2025-09-05T13:52:04.678+0000] {processor.py:840} INFO - DAG(s) 'banvic_pipeline' retrieved from /opt/airflow/dags/banvic_pipeline.py
[2025-09-05T13:52:04.729+0000] {logging_mixin.py:188} INFO - [2025-09-05T13:52:04.729+0000] {dag.py:3089} INFO - Sync 1 DAGs
[2025-09-05T13:52:04.756+0000] {logging_mixin.py:188} INFO - [2025-09-05T13:52:04.756+0000] {dag.py:3947} INFO - Setting next_dagrun for banvic_pipeline to 2025-09-05 07:35:00+00:00, run_after=2025-09-06 07:35:00+00:00
[2025-09-05T13:52:04.816+0000] {processor.py:183} INFO - Processing /opt/airflow/dags/banvic_pipeline.py took 0.175 seconds
[2025-09-05T13:52:34.990+0000] {processor.py:161} INFO - Started process (PID=422) to work on /opt/airflow/dags/banvic_pipeline.py
[2025-09-05T13:52:34.992+0000] {processor.py:830} INFO - Processing file /opt/airflow/dags/banvic_pipeline.py for tasks to queue
[2025-09-05T13:52:34.995+0000] {logging_mixin.py:188} INFO - [2025-09-05T13:52:34.994+0000] {dagbag.py:545} INFO - Filling up the DagBag from /opt/airflow/dags/banvic_pipeline.py
[2025-09-05T13:52:35.020+0000] {processor.py:840} INFO - DAG(s) 'banvic_pipeline' retrieved from /opt/airflow/dags/banvic_pipeline.py
[2025-09-05T13:52:35.089+0000] {logging_mixin.py:188} INFO - [2025-09-05T13:52:35.089+0000] {dag.py:3089} INFO - Sync 1 DAGs
[2025-09-05T13:52:35.126+0000] {logging_mixin.py:188} INFO - [2025-09-05T13:52:35.126+0000] {dag.py:3947} INFO - Setting next_dagrun for banvic_pipeline to 2025-09-05 07:35:00+00:00, run_after=2025-09-06 07:35:00+00:00
[2025-09-05T13:52:35.177+0000] {processor.py:183} INFO - Processing /opt/airflow/dags/banvic_pipeline.py took 0.195 seconds
[2025-09-05T13:53:05.453+0000] {processor.py:161} INFO - Started process (PID=460) to work on /opt/airflow/dags/banvic_pipeline.py
[2025-09-05T13:53:05.455+0000] {processor.py:830} INFO - Processing file /opt/airflow/dags/banvic_pipeline.py for tasks to queue
[2025-09-05T13:53:05.456+0000] {logging_mixin.py:188} INFO - [2025-09-05T13:53:05.456+0000] {dagbag.py:545} INFO - Filling up the DagBag from /opt/airflow/dags/banvic_pipeline.py
[2025-09-05T13:53:05.476+0000] {processor.py:840} INFO - DAG(s) 'banvic_pipeline' retrieved from /opt/airflow/dags/banvic_pipeline.py
[2025-09-05T13:53:05.547+0000] {logging_mixin.py:188} INFO - [2025-09-05T13:53:05.547+0000] {dag.py:3089} INFO - Sync 1 DAGs
[2025-09-05T13:53:05.585+0000] {logging_mixin.py:188} INFO - [2025-09-05T13:53:05.585+0000] {dag.py:3947} INFO - Setting next_dagrun for banvic_pipeline to 2025-09-05 07:35:00+00:00, run_after=2025-09-06 07:35:00+00:00
[2025-09-05T13:53:05.637+0000] {processor.py:183} INFO - Processing /opt/airflow/dags/banvic_pipeline.py took 0.192 seconds
[2025-09-05T13:53:35.773+0000] {processor.py:161} INFO - Started process (PID=465) to work on /opt/airflow/dags/banvic_pipeline.py
[2025-09-05T13:53:35.774+0000] {processor.py:830} INFO - Processing file /opt/airflow/dags/banvic_pipeline.py for tasks to queue
[2025-09-05T13:53:35.776+0000] {logging_mixin.py:188} INFO - [2025-09-05T13:53:35.776+0000] {dagbag.py:545} INFO - Filling up the DagBag from /opt/airflow/dags/banvic_pipeline.py
[2025-09-05T13:53:35.803+0000] {processor.py:840} INFO - DAG(s) 'banvic_pipeline' retrieved from /opt/airflow/dags/banvic_pipeline.py
[2025-09-05T13:53:35.893+0000] {logging_mixin.py:188} INFO - [2025-09-05T13:53:35.893+0000] {dag.py:3089} INFO - Sync 1 DAGs
[2025-09-05T13:53:35.923+0000] {logging_mixin.py:188} INFO - [2025-09-05T13:53:35.923+0000] {dag.py:3947} INFO - Setting next_dagrun for banvic_pipeline to 2025-09-05 07:35:00+00:00, run_after=2025-09-06 07:35:00+00:00
[2025-09-05T13:53:35.969+0000] {processor.py:183} INFO - Processing /opt/airflow/dags/banvic_pipeline.py took 0.202 seconds
[2025-09-05T13:54:06.249+0000] {processor.py:161} INFO - Started process (PID=470) to work on /opt/airflow/dags/banvic_pipeline.py
[2025-09-05T13:54:06.250+0000] {processor.py:830} INFO - Processing file /opt/airflow/dags/banvic_pipeline.py for tasks to queue
[2025-09-05T13:54:06.252+0000] {logging_mixin.py:188} INFO - [2025-09-05T13:54:06.252+0000] {dagbag.py:545} INFO - Filling up the DagBag from /opt/airflow/dags/banvic_pipeline.py
[2025-09-05T13:54:06.292+0000] {processor.py:840} INFO - DAG(s) 'banvic_pipeline' retrieved from /opt/airflow/dags/banvic_pipeline.py
[2025-09-05T13:54:06.338+0000] {logging_mixin.py:188} INFO - [2025-09-05T13:54:06.338+0000] {dag.py:3089} INFO - Sync 1 DAGs
[2025-09-05T13:54:06.365+0000] {logging_mixin.py:188} INFO - [2025-09-05T13:54:06.364+0000] {dag.py:3947} INFO - Setting next_dagrun for banvic_pipeline to 2025-09-05 07:35:00+00:00, run_after=2025-09-06 07:35:00+00:00
[2025-09-05T13:54:06.396+0000] {processor.py:183} INFO - Processing /opt/airflow/dags/banvic_pipeline.py took 0.153 seconds
[2025-09-05T13:54:36.566+0000] {processor.py:161} INFO - Started process (PID=475) to work on /opt/airflow/dags/banvic_pipeline.py
[2025-09-05T13:54:36.568+0000] {processor.py:830} INFO - Processing file /opt/airflow/dags/banvic_pipeline.py for tasks to queue
[2025-09-05T13:54:36.570+0000] {logging_mixin.py:188} INFO - [2025-09-05T13:54:36.569+0000] {dagbag.py:545} INFO - Filling up the DagBag from /opt/airflow/dags/banvic_pipeline.py
[2025-09-05T13:54:36.584+0000] {processor.py:840} INFO - DAG(s) 'banvic_pipeline' retrieved from /opt/airflow/dags/banvic_pipeline.py
[2025-09-05T13:54:36.622+0000] {logging_mixin.py:188} INFO - [2025-09-05T13:54:36.622+0000] {dag.py:3089} INFO - Sync 1 DAGs
[2025-09-05T13:54:36.659+0000] {logging_mixin.py:188} INFO - [2025-09-05T13:54:36.659+0000] {dag.py:3947} INFO - Setting next_dagrun for banvic_pipeline to 2025-09-05 07:35:00+00:00, run_after=2025-09-06 07:35:00+00:00
[2025-09-05T13:54:36.725+0000] {processor.py:183} INFO - Processing /opt/airflow/dags/banvic_pipeline.py took 0.164 seconds
[2025-09-05T13:55:06.967+0000] {processor.py:161} INFO - Started process (PID=480) to work on /opt/airflow/dags/banvic_pipeline.py
[2025-09-05T13:55:06.968+0000] {processor.py:830} INFO - Processing file /opt/airflow/dags/banvic_pipeline.py for tasks to queue
[2025-09-05T13:55:06.971+0000] {logging_mixin.py:188} INFO - [2025-09-05T13:55:06.971+0000] {dagbag.py:545} INFO - Filling up the DagBag from /opt/airflow/dags/banvic_pipeline.py
[2025-09-05T13:55:06.995+0000] {processor.py:840} INFO - DAG(s) 'banvic_pipeline' retrieved from /opt/airflow/dags/banvic_pipeline.py
[2025-09-05T13:55:07.046+0000] {logging_mixin.py:188} INFO - [2025-09-05T13:55:07.046+0000] {dag.py:3089} INFO - Sync 1 DAGs
[2025-09-05T13:55:07.080+0000] {logging_mixin.py:188} INFO - [2025-09-05T13:55:07.079+0000] {dag.py:3947} INFO - Setting next_dagrun for banvic_pipeline to 2025-09-05 07:35:00+00:00, run_after=2025-09-06 07:35:00+00:00
[2025-09-05T13:55:07.133+0000] {processor.py:183} INFO - Processing /opt/airflow/dags/banvic_pipeline.py took 0.173 seconds
[2025-09-05T13:55:37.275+0000] {processor.py:161} INFO - Started process (PID=485) to work on /opt/airflow/dags/banvic_pipeline.py
[2025-09-05T13:55:37.277+0000] {processor.py:830} INFO - Processing file /opt/airflow/dags/banvic_pipeline.py for tasks to queue
[2025-09-05T13:55:37.279+0000] {logging_mixin.py:188} INFO - [2025-09-05T13:55:37.279+0000] {dagbag.py:545} INFO - Filling up the DagBag from /opt/airflow/dags/banvic_pipeline.py
[2025-09-05T13:55:37.303+0000] {processor.py:840} INFO - DAG(s) 'banvic_pipeline' retrieved from /opt/airflow/dags/banvic_pipeline.py
[2025-09-05T13:55:37.358+0000] {logging_mixin.py:188} INFO - [2025-09-05T13:55:37.358+0000] {dag.py:3089} INFO - Sync 1 DAGs
[2025-09-05T13:55:37.389+0000] {logging_mixin.py:188} INFO - [2025-09-05T13:55:37.389+0000] {dag.py:3947} INFO - Setting next_dagrun for banvic_pipeline to 2025-09-05 07:35:00+00:00, run_after=2025-09-06 07:35:00+00:00
[2025-09-05T13:55:37.431+0000] {processor.py:183} INFO - Processing /opt/airflow/dags/banvic_pipeline.py took 0.161 seconds
[2025-09-05T13:56:07.570+0000] {processor.py:161} INFO - Started process (PID=490) to work on /opt/airflow/dags/banvic_pipeline.py
[2025-09-05T13:56:07.571+0000] {processor.py:830} INFO - Processing file /opt/airflow/dags/banvic_pipeline.py for tasks to queue
[2025-09-05T13:56:07.573+0000] {logging_mixin.py:188} INFO - [2025-09-05T13:56:07.573+0000] {dagbag.py:545} INFO - Filling up the DagBag from /opt/airflow/dags/banvic_pipeline.py
[2025-09-05T13:56:07.600+0000] {processor.py:840} INFO - DAG(s) 'banvic_pipeline' retrieved from /opt/airflow/dags/banvic_pipeline.py
[2025-09-05T13:56:07.671+0000] {logging_mixin.py:188} INFO - [2025-09-05T13:56:07.671+0000] {dag.py:3089} INFO - Sync 1 DAGs
[2025-09-05T13:56:07.702+0000] {logging_mixin.py:188} INFO - [2025-09-05T13:56:07.702+0000] {dag.py:3947} INFO - Setting next_dagrun for banvic_pipeline to 2025-09-05 07:35:00+00:00, run_after=2025-09-06 07:35:00+00:00
[2025-09-05T13:56:07.757+0000] {processor.py:183} INFO - Processing /opt/airflow/dags/banvic_pipeline.py took 0.192 seconds
[2025-09-05T13:56:37.815+0000] {processor.py:161} INFO - Started process (PID=495) to work on /opt/airflow/dags/banvic_pipeline.py
[2025-09-05T13:56:37.816+0000] {processor.py:830} INFO - Processing file /opt/airflow/dags/banvic_pipeline.py for tasks to queue
[2025-09-05T13:56:37.818+0000] {logging_mixin.py:188} INFO - [2025-09-05T13:56:37.817+0000] {dagbag.py:545} INFO - Filling up the DagBag from /opt/airflow/dags/banvic_pipeline.py
[2025-09-05T13:56:37.833+0000] {processor.py:840} INFO - DAG(s) 'banvic_pipeline' retrieved from /opt/airflow/dags/banvic_pipeline.py
[2025-09-05T13:56:37.872+0000] {logging_mixin.py:188} INFO - [2025-09-05T13:56:37.872+0000] {dag.py:3089} INFO - Sync 1 DAGs
[2025-09-05T13:56:37.902+0000] {logging_mixin.py:188} INFO - [2025-09-05T13:56:37.901+0000] {dag.py:3947} INFO - Setting next_dagrun for banvic_pipeline to 2025-09-05 07:35:00+00:00, run_after=2025-09-06 07:35:00+00:00
[2025-09-05T13:56:37.965+0000] {processor.py:183} INFO - Processing /opt/airflow/dags/banvic_pipeline.py took 0.154 seconds
[2025-09-05T13:57:08.272+0000] {processor.py:161} INFO - Started process (PID=500) to work on /opt/airflow/dags/banvic_pipeline.py
[2025-09-05T13:57:08.274+0000] {processor.py:830} INFO - Processing file /opt/airflow/dags/banvic_pipeline.py for tasks to queue
[2025-09-05T13:57:08.276+0000] {logging_mixin.py:188} INFO - [2025-09-05T13:57:08.276+0000] {dagbag.py:545} INFO - Filling up the DagBag from /opt/airflow/dags/banvic_pipeline.py
[2025-09-05T13:57:08.298+0000] {processor.py:840} INFO - DAG(s) 'banvic_pipeline' retrieved from /opt/airflow/dags/banvic_pipeline.py
[2025-09-05T13:57:08.342+0000] {logging_mixin.py:188} INFO - [2025-09-05T13:57:08.341+0000] {dag.py:3089} INFO - Sync 1 DAGs
[2025-09-05T13:57:08.369+0000] {logging_mixin.py:188} INFO - [2025-09-05T13:57:08.369+0000] {dag.py:3947} INFO - Setting next_dagrun for banvic_pipeline to 2025-09-05 07:35:00+00:00, run_after=2025-09-06 07:35:00+00:00
[2025-09-05T13:57:08.411+0000] {processor.py:183} INFO - Processing /opt/airflow/dags/banvic_pipeline.py took 0.145 seconds
[2025-09-05T13:57:38.596+0000] {processor.py:161} INFO - Started process (PID=505) to work on /opt/airflow/dags/banvic_pipeline.py
[2025-09-05T13:57:38.597+0000] {processor.py:830} INFO - Processing file /opt/airflow/dags/banvic_pipeline.py for tasks to queue
[2025-09-05T13:57:38.599+0000] {logging_mixin.py:188} INFO - [2025-09-05T13:57:38.599+0000] {dagbag.py:545} INFO - Filling up the DagBag from /opt/airflow/dags/banvic_pipeline.py
[2025-09-05T13:57:38.614+0000] {processor.py:840} INFO - DAG(s) 'banvic_pipeline' retrieved from /opt/airflow/dags/banvic_pipeline.py
[2025-09-05T13:57:38.653+0000] {logging_mixin.py:188} INFO - [2025-09-05T13:57:38.653+0000] {dag.py:3089} INFO - Sync 1 DAGs
[2025-09-05T13:57:38.680+0000] {logging_mixin.py:188} INFO - [2025-09-05T13:57:38.679+0000] {dag.py:3947} INFO - Setting next_dagrun for banvic_pipeline to 2025-09-05 07:35:00+00:00, run_after=2025-09-06 07:35:00+00:00
[2025-09-05T13:57:38.716+0000] {processor.py:183} INFO - Processing /opt/airflow/dags/banvic_pipeline.py took 0.126 seconds
[2025-09-05T13:58:09.055+0000] {processor.py:161} INFO - Started process (PID=510) to work on /opt/airflow/dags/banvic_pipeline.py
[2025-09-05T13:58:09.056+0000] {processor.py:830} INFO - Processing file /opt/airflow/dags/banvic_pipeline.py for tasks to queue
[2025-09-05T13:58:09.058+0000] {logging_mixin.py:188} INFO - [2025-09-05T13:58:09.058+0000] {dagbag.py:545} INFO - Filling up the DagBag from /opt/airflow/dags/banvic_pipeline.py
[2025-09-05T13:58:09.077+0000] {processor.py:840} INFO - DAG(s) 'banvic_pipeline' retrieved from /opt/airflow/dags/banvic_pipeline.py
[2025-09-05T13:58:09.125+0000] {logging_mixin.py:188} INFO - [2025-09-05T13:58:09.125+0000] {dag.py:3089} INFO - Sync 1 DAGs
[2025-09-05T13:58:09.190+0000] {logging_mixin.py:188} INFO - [2025-09-05T13:58:09.190+0000] {dag.py:3947} INFO - Setting next_dagrun for banvic_pipeline to 2025-09-05 07:35:00+00:00, run_after=2025-09-06 07:35:00+00:00
[2025-09-05T13:58:09.255+0000] {processor.py:183} INFO - Processing /opt/airflow/dags/banvic_pipeline.py took 0.205 seconds
[2025-09-05T13:58:39.358+0000] {processor.py:161} INFO - Started process (PID=515) to work on /opt/airflow/dags/banvic_pipeline.py
[2025-09-05T13:58:39.360+0000] {processor.py:830} INFO - Processing file /opt/airflow/dags/banvic_pipeline.py for tasks to queue
[2025-09-05T13:58:39.362+0000] {logging_mixin.py:188} INFO - [2025-09-05T13:58:39.362+0000] {dagbag.py:545} INFO - Filling up the DagBag from /opt/airflow/dags/banvic_pipeline.py
[2025-09-05T13:58:39.381+0000] {processor.py:840} INFO - DAG(s) 'banvic_pipeline' retrieved from /opt/airflow/dags/banvic_pipeline.py
[2025-09-05T13:58:39.429+0000] {logging_mixin.py:188} INFO - [2025-09-05T13:58:39.429+0000] {dag.py:3089} INFO - Sync 1 DAGs
[2025-09-05T13:58:39.464+0000] {logging_mixin.py:188} INFO - [2025-09-05T13:58:39.463+0000] {dag.py:3947} INFO - Setting next_dagrun for banvic_pipeline to 2025-09-05 07:35:00+00:00, run_after=2025-09-06 07:35:00+00:00
[2025-09-05T13:58:39.525+0000] {processor.py:183} INFO - Processing /opt/airflow/dags/banvic_pipeline.py took 0.174 seconds
[2025-09-05T13:59:09.854+0000] {processor.py:161} INFO - Started process (PID=520) to work on /opt/airflow/dags/banvic_pipeline.py
[2025-09-05T13:59:09.855+0000] {processor.py:830} INFO - Processing file /opt/airflow/dags/banvic_pipeline.py for tasks to queue
[2025-09-05T13:59:09.857+0000] {logging_mixin.py:188} INFO - [2025-09-05T13:59:09.857+0000] {dagbag.py:545} INFO - Filling up the DagBag from /opt/airflow/dags/banvic_pipeline.py
[2025-09-05T13:59:09.877+0000] {processor.py:840} INFO - DAG(s) 'banvic_pipeline' retrieved from /opt/airflow/dags/banvic_pipeline.py
[2025-09-05T13:59:09.923+0000] {logging_mixin.py:188} INFO - [2025-09-05T13:59:09.923+0000] {dag.py:3089} INFO - Sync 1 DAGs
[2025-09-05T13:59:09.951+0000] {logging_mixin.py:188} INFO - [2025-09-05T13:59:09.951+0000] {dag.py:3947} INFO - Setting next_dagrun for banvic_pipeline to 2025-09-05 07:35:00+00:00, run_after=2025-09-06 07:35:00+00:00
[2025-09-05T13:59:09.991+0000] {processor.py:183} INFO - Processing /opt/airflow/dags/banvic_pipeline.py took 0.143 seconds
[2025-09-05T13:59:40.212+0000] {processor.py:161} INFO - Started process (PID=525) to work on /opt/airflow/dags/banvic_pipeline.py
[2025-09-05T13:59:40.213+0000] {processor.py:830} INFO - Processing file /opt/airflow/dags/banvic_pipeline.py for tasks to queue
[2025-09-05T13:59:40.214+0000] {logging_mixin.py:188} INFO - [2025-09-05T13:59:40.214+0000] {dagbag.py:545} INFO - Filling up the DagBag from /opt/airflow/dags/banvic_pipeline.py
[2025-09-05T13:59:40.229+0000] {processor.py:840} INFO - DAG(s) 'banvic_pipeline' retrieved from /opt/airflow/dags/banvic_pipeline.py
[2025-09-05T13:59:40.266+0000] {logging_mixin.py:188} INFO - [2025-09-05T13:59:40.266+0000] {dag.py:3089} INFO - Sync 1 DAGs
[2025-09-05T13:59:40.290+0000] {logging_mixin.py:188} INFO - [2025-09-05T13:59:40.290+0000] {dag.py:3947} INFO - Setting next_dagrun for banvic_pipeline to 2025-09-05 07:35:00+00:00, run_after=2025-09-06 07:35:00+00:00
[2025-09-05T13:59:40.326+0000] {processor.py:183} INFO - Processing /opt/airflow/dags/banvic_pipeline.py took 0.119 seconds
[2025-09-05T14:00:10.656+0000] {processor.py:161} INFO - Started process (PID=530) to work on /opt/airflow/dags/banvic_pipeline.py
[2025-09-05T14:00:10.658+0000] {processor.py:830} INFO - Processing file /opt/airflow/dags/banvic_pipeline.py for tasks to queue
[2025-09-05T14:00:10.660+0000] {logging_mixin.py:188} INFO - [2025-09-05T14:00:10.660+0000] {dagbag.py:545} INFO - Filling up the DagBag from /opt/airflow/dags/banvic_pipeline.py
[2025-09-05T14:00:10.683+0000] {processor.py:840} INFO - DAG(s) 'banvic_pipeline' retrieved from /opt/airflow/dags/banvic_pipeline.py
[2025-09-05T14:00:10.734+0000] {logging_mixin.py:188} INFO - [2025-09-05T14:00:10.734+0000] {dag.py:3089} INFO - Sync 1 DAGs
[2025-09-05T14:00:10.764+0000] {logging_mixin.py:188} INFO - [2025-09-05T14:00:10.763+0000] {dag.py:3947} INFO - Setting next_dagrun for banvic_pipeline to 2025-09-05 07:35:00+00:00, run_after=2025-09-06 07:35:00+00:00
[2025-09-05T14:00:10.825+0000] {processor.py:183} INFO - Processing /opt/airflow/dags/banvic_pipeline.py took 0.173 seconds
[2025-09-05T14:00:40.982+0000] {processor.py:161} INFO - Started process (PID=535) to work on /opt/airflow/dags/banvic_pipeline.py
[2025-09-05T14:00:40.985+0000] {processor.py:830} INFO - Processing file /opt/airflow/dags/banvic_pipeline.py for tasks to queue
[2025-09-05T14:00:40.988+0000] {logging_mixin.py:188} INFO - [2025-09-05T14:00:40.987+0000] {dagbag.py:545} INFO - Filling up the DagBag from /opt/airflow/dags/banvic_pipeline.py
[2025-09-05T14:00:41.018+0000] {processor.py:840} INFO - DAG(s) 'banvic_pipeline' retrieved from /opt/airflow/dags/banvic_pipeline.py
[2025-09-05T14:00:41.076+0000] {logging_mixin.py:188} INFO - [2025-09-05T14:00:41.075+0000] {dag.py:3089} INFO - Sync 1 DAGs
[2025-09-05T14:00:41.116+0000] {logging_mixin.py:188} INFO - [2025-09-05T14:00:41.116+0000] {dag.py:3947} INFO - Setting next_dagrun for banvic_pipeline to 2025-09-05 07:35:00+00:00, run_after=2025-09-06 07:35:00+00:00
[2025-09-05T14:00:41.166+0000] {processor.py:183} INFO - Processing /opt/airflow/dags/banvic_pipeline.py took 0.191 seconds
[2025-09-05T14:01:11.476+0000] {processor.py:161} INFO - Started process (PID=540) to work on /opt/airflow/dags/banvic_pipeline.py
[2025-09-05T14:01:11.477+0000] {processor.py:830} INFO - Processing file /opt/airflow/dags/banvic_pipeline.py for tasks to queue
[2025-09-05T14:01:11.480+0000] {logging_mixin.py:188} INFO - [2025-09-05T14:01:11.479+0000] {dagbag.py:545} INFO - Filling up the DagBag from /opt/airflow/dags/banvic_pipeline.py
[2025-09-05T14:01:11.502+0000] {processor.py:840} INFO - DAG(s) 'banvic_pipeline' retrieved from /opt/airflow/dags/banvic_pipeline.py
[2025-09-05T14:01:11.574+0000] {logging_mixin.py:188} INFO - [2025-09-05T14:01:11.574+0000] {dag.py:3089} INFO - Sync 1 DAGs
[2025-09-05T14:01:11.620+0000] {logging_mixin.py:188} INFO - [2025-09-05T14:01:11.620+0000] {dag.py:3947} INFO - Setting next_dagrun for banvic_pipeline to 2025-09-05 07:35:00+00:00, run_after=2025-09-06 07:35:00+00:00
[2025-09-05T14:01:11.695+0000] {processor.py:183} INFO - Processing /opt/airflow/dags/banvic_pipeline.py took 0.224 seconds
[2025-09-05T14:01:41.816+0000] {processor.py:161} INFO - Started process (PID=545) to work on /opt/airflow/dags/banvic_pipeline.py
[2025-09-05T14:01:41.818+0000] {processor.py:830} INFO - Processing file /opt/airflow/dags/banvic_pipeline.py for tasks to queue
[2025-09-05T14:01:41.821+0000] {logging_mixin.py:188} INFO - [2025-09-05T14:01:41.820+0000] {dagbag.py:545} INFO - Filling up the DagBag from /opt/airflow/dags/banvic_pipeline.py
[2025-09-05T14:01:41.868+0000] {processor.py:840} INFO - DAG(s) 'banvic_pipeline' retrieved from /opt/airflow/dags/banvic_pipeline.py
[2025-09-05T14:01:41.921+0000] {logging_mixin.py:188} INFO - [2025-09-05T14:01:41.921+0000] {dag.py:3089} INFO - Sync 1 DAGs
[2025-09-05T14:01:41.951+0000] {logging_mixin.py:188} INFO - [2025-09-05T14:01:41.951+0000] {dag.py:3947} INFO - Setting next_dagrun for banvic_pipeline to 2025-09-05 07:35:00+00:00, run_after=2025-09-06 07:35:00+00:00
[2025-09-05T14:01:42.001+0000] {processor.py:183} INFO - Processing /opt/airflow/dags/banvic_pipeline.py took 0.190 seconds
[2025-09-05T14:02:12.305+0000] {processor.py:161} INFO - Started process (PID=550) to work on /opt/airflow/dags/banvic_pipeline.py
[2025-09-05T14:02:12.307+0000] {processor.py:830} INFO - Processing file /opt/airflow/dags/banvic_pipeline.py for tasks to queue
[2025-09-05T14:02:12.312+0000] {logging_mixin.py:188} INFO - [2025-09-05T14:02:12.309+0000] {dagbag.py:545} INFO - Filling up the DagBag from /opt/airflow/dags/banvic_pipeline.py
[2025-09-05T14:02:12.352+0000] {processor.py:840} INFO - DAG(s) 'banvic_pipeline' retrieved from /opt/airflow/dags/banvic_pipeline.py
[2025-09-05T14:02:12.415+0000] {logging_mixin.py:188} INFO - [2025-09-05T14:02:12.415+0000] {dag.py:3089} INFO - Sync 1 DAGs
[2025-09-05T14:02:12.451+0000] {logging_mixin.py:188} INFO - [2025-09-05T14:02:12.451+0000] {dag.py:3947} INFO - Setting next_dagrun for banvic_pipeline to 2025-09-05 07:35:00+00:00, run_after=2025-09-06 07:35:00+00:00
[2025-09-05T14:02:12.528+0000] {processor.py:183} INFO - Processing /opt/airflow/dags/banvic_pipeline.py took 0.230 seconds
[2025-09-05T14:02:42.671+0000] {processor.py:161} INFO - Started process (PID=555) to work on /opt/airflow/dags/banvic_pipeline.py
[2025-09-05T14:02:42.673+0000] {processor.py:830} INFO - Processing file /opt/airflow/dags/banvic_pipeline.py for tasks to queue
[2025-09-05T14:02:42.676+0000] {logging_mixin.py:188} INFO - [2025-09-05T14:02:42.675+0000] {dagbag.py:545} INFO - Filling up the DagBag from /opt/airflow/dags/banvic_pipeline.py
[2025-09-05T14:02:42.701+0000] {processor.py:840} INFO - DAG(s) 'banvic_pipeline' retrieved from /opt/airflow/dags/banvic_pipeline.py
[2025-09-05T14:02:42.753+0000] {logging_mixin.py:188} INFO - [2025-09-05T14:02:42.753+0000] {dag.py:3089} INFO - Sync 1 DAGs
[2025-09-05T14:02:42.779+0000] {logging_mixin.py:188} INFO - [2025-09-05T14:02:42.779+0000] {dag.py:3947} INFO - Setting next_dagrun for banvic_pipeline to 2025-09-05 07:35:00+00:00, run_after=2025-09-06 07:35:00+00:00
[2025-09-05T14:02:42.838+0000] {processor.py:183} INFO - Processing /opt/airflow/dags/banvic_pipeline.py took 0.175 seconds
[2025-09-05T14:03:13.143+0000] {processor.py:161} INFO - Started process (PID=560) to work on /opt/airflow/dags/banvic_pipeline.py
[2025-09-05T14:03:13.144+0000] {processor.py:830} INFO - Processing file /opt/airflow/dags/banvic_pipeline.py for tasks to queue
[2025-09-05T14:03:13.147+0000] {logging_mixin.py:188} INFO - [2025-09-05T14:03:13.146+0000] {dagbag.py:545} INFO - Filling up the DagBag from /opt/airflow/dags/banvic_pipeline.py
[2025-09-05T14:03:13.172+0000] {processor.py:840} INFO - DAG(s) 'banvic_pipeline' retrieved from /opt/airflow/dags/banvic_pipeline.py
[2025-09-05T14:03:13.222+0000] {logging_mixin.py:188} INFO - [2025-09-05T14:03:13.222+0000] {dag.py:3089} INFO - Sync 1 DAGs
[2025-09-05T14:03:13.254+0000] {logging_mixin.py:188} INFO - [2025-09-05T14:03:13.254+0000] {dag.py:3947} INFO - Setting next_dagrun for banvic_pipeline to 2025-09-05 07:35:00+00:00, run_after=2025-09-06 07:35:00+00:00
[2025-09-05T14:03:13.307+0000] {processor.py:183} INFO - Processing /opt/airflow/dags/banvic_pipeline.py took 0.171 seconds
[2025-09-05T14:03:43.510+0000] {processor.py:161} INFO - Started process (PID=565) to work on /opt/airflow/dags/banvic_pipeline.py
[2025-09-05T14:03:43.512+0000] {processor.py:830} INFO - Processing file /opt/airflow/dags/banvic_pipeline.py for tasks to queue
[2025-09-05T14:03:43.516+0000] {logging_mixin.py:188} INFO - [2025-09-05T14:03:43.515+0000] {dagbag.py:545} INFO - Filling up the DagBag from /opt/airflow/dags/banvic_pipeline.py
[2025-09-05T14:03:43.534+0000] {processor.py:840} INFO - DAG(s) 'banvic_pipeline' retrieved from /opt/airflow/dags/banvic_pipeline.py
[2025-09-05T14:03:43.588+0000] {logging_mixin.py:188} INFO - [2025-09-05T14:03:43.588+0000] {dag.py:3089} INFO - Sync 1 DAGs
[2025-09-05T14:03:43.624+0000] {logging_mixin.py:188} INFO - [2025-09-05T14:03:43.624+0000] {dag.py:3947} INFO - Setting next_dagrun for banvic_pipeline to 2025-09-05 07:35:00+00:00, run_after=2025-09-06 07:35:00+00:00
[2025-09-05T14:03:43.681+0000] {processor.py:183} INFO - Processing /opt/airflow/dags/banvic_pipeline.py took 0.177 seconds
[2025-09-05T14:04:13.970+0000] {processor.py:161} INFO - Started process (PID=570) to work on /opt/airflow/dags/banvic_pipeline.py
[2025-09-05T14:04:13.972+0000] {processor.py:830} INFO - Processing file /opt/airflow/dags/banvic_pipeline.py for tasks to queue
[2025-09-05T14:04:13.974+0000] {logging_mixin.py:188} INFO - [2025-09-05T14:04:13.974+0000] {dagbag.py:545} INFO - Filling up the DagBag from /opt/airflow/dags/banvic_pipeline.py
[2025-09-05T14:04:13.996+0000] {processor.py:840} INFO - DAG(s) 'banvic_pipeline' retrieved from /opt/airflow/dags/banvic_pipeline.py
[2025-09-05T14:04:14.044+0000] {logging_mixin.py:188} INFO - [2025-09-05T14:04:14.044+0000] {dag.py:3089} INFO - Sync 1 DAGs
[2025-09-05T14:04:14.087+0000] {logging_mixin.py:188} INFO - [2025-09-05T14:04:14.087+0000] {dag.py:3947} INFO - Setting next_dagrun for banvic_pipeline to 2025-09-05 07:35:00+00:00, run_after=2025-09-06 07:35:00+00:00
[2025-09-05T14:04:14.168+0000] {processor.py:183} INFO - Processing /opt/airflow/dags/banvic_pipeline.py took 0.202 seconds
[2025-09-05T14:04:44.256+0000] {processor.py:161} INFO - Started process (PID=575) to work on /opt/airflow/dags/banvic_pipeline.py
[2025-09-05T14:04:44.258+0000] {processor.py:830} INFO - Processing file /opt/airflow/dags/banvic_pipeline.py for tasks to queue
[2025-09-05T14:04:44.261+0000] {logging_mixin.py:188} INFO - [2025-09-05T14:04:44.261+0000] {dagbag.py:545} INFO - Filling up the DagBag from /opt/airflow/dags/banvic_pipeline.py
[2025-09-05T14:04:44.286+0000] {processor.py:840} INFO - DAG(s) 'banvic_pipeline' retrieved from /opt/airflow/dags/banvic_pipeline.py
[2025-09-05T14:04:44.372+0000] {logging_mixin.py:188} INFO - [2025-09-05T14:04:44.371+0000] {dag.py:3089} INFO - Sync 1 DAGs
[2025-09-05T14:04:44.431+0000] {logging_mixin.py:188} INFO - [2025-09-05T14:04:44.430+0000] {dag.py:3947} INFO - Setting next_dagrun for banvic_pipeline to 2025-09-05 07:35:00+00:00, run_after=2025-09-06 07:35:00+00:00
[2025-09-05T14:04:44.499+0000] {processor.py:183} INFO - Processing /opt/airflow/dags/banvic_pipeline.py took 0.251 seconds
[2025-09-05T14:05:14.708+0000] {processor.py:161} INFO - Started process (PID=580) to work on /opt/airflow/dags/banvic_pipeline.py
[2025-09-05T14:05:14.709+0000] {processor.py:830} INFO - Processing file /opt/airflow/dags/banvic_pipeline.py for tasks to queue
[2025-09-05T14:05:14.711+0000] {logging_mixin.py:188} INFO - [2025-09-05T14:05:14.710+0000] {dagbag.py:545} INFO - Filling up the DagBag from /opt/airflow/dags/banvic_pipeline.py
[2025-09-05T14:05:14.723+0000] {processor.py:840} INFO - DAG(s) 'banvic_pipeline' retrieved from /opt/airflow/dags/banvic_pipeline.py
[2025-09-05T14:05:14.761+0000] {logging_mixin.py:188} INFO - [2025-09-05T14:05:14.761+0000] {dag.py:3089} INFO - Sync 1 DAGs
[2025-09-05T14:05:14.785+0000] {logging_mixin.py:188} INFO - [2025-09-05T14:05:14.784+0000] {dag.py:3947} INFO - Setting next_dagrun for banvic_pipeline to 2025-09-05 07:35:00+00:00, run_after=2025-09-06 07:35:00+00:00
[2025-09-05T14:05:14.847+0000] {processor.py:183} INFO - Processing /opt/airflow/dags/banvic_pipeline.py took 0.144 seconds
[2025-09-05T14:05:45.129+0000] {processor.py:161} INFO - Started process (PID=585) to work on /opt/airflow/dags/banvic_pipeline.py
[2025-09-05T14:05:45.131+0000] {processor.py:830} INFO - Processing file /opt/airflow/dags/banvic_pipeline.py for tasks to queue
[2025-09-05T14:05:45.133+0000] {logging_mixin.py:188} INFO - [2025-09-05T14:05:45.133+0000] {dagbag.py:545} INFO - Filling up the DagBag from /opt/airflow/dags/banvic_pipeline.py
[2025-09-05T14:05:45.163+0000] {processor.py:840} INFO - DAG(s) 'banvic_pipeline' retrieved from /opt/airflow/dags/banvic_pipeline.py
[2025-09-05T14:05:45.214+0000] {logging_mixin.py:188} INFO - [2025-09-05T14:05:45.214+0000] {dag.py:3089} INFO - Sync 1 DAGs
[2025-09-05T14:05:45.243+0000] {logging_mixin.py:188} INFO - [2025-09-05T14:05:45.243+0000] {dag.py:3947} INFO - Setting next_dagrun for banvic_pipeline to 2025-09-05 07:35:00+00:00, run_after=2025-09-06 07:35:00+00:00
[2025-09-05T14:05:45.302+0000] {processor.py:183} INFO - Processing /opt/airflow/dags/banvic_pipeline.py took 0.180 seconds
[2025-09-05T14:06:15.493+0000] {processor.py:161} INFO - Started process (PID=590) to work on /opt/airflow/dags/banvic_pipeline.py
[2025-09-05T14:06:15.495+0000] {processor.py:830} INFO - Processing file /opt/airflow/dags/banvic_pipeline.py for tasks to queue
[2025-09-05T14:06:15.499+0000] {logging_mixin.py:188} INFO - [2025-09-05T14:06:15.499+0000] {dagbag.py:545} INFO - Filling up the DagBag from /opt/airflow/dags/banvic_pipeline.py
[2025-09-05T14:06:15.527+0000] {processor.py:840} INFO - DAG(s) 'banvic_pipeline' retrieved from /opt/airflow/dags/banvic_pipeline.py
[2025-09-05T14:06:15.589+0000] {logging_mixin.py:188} INFO - [2025-09-05T14:06:15.589+0000] {dag.py:3089} INFO - Sync 1 DAGs
[2025-09-05T14:06:15.626+0000] {logging_mixin.py:188} INFO - [2025-09-05T14:06:15.626+0000] {dag.py:3947} INFO - Setting next_dagrun for banvic_pipeline to 2025-09-05 07:35:00+00:00, run_after=2025-09-06 07:35:00+00:00
[2025-09-05T14:06:15.679+0000] {processor.py:183} INFO - Processing /opt/airflow/dags/banvic_pipeline.py took 0.195 seconds
[2025-09-05T14:06:45.926+0000] {processor.py:161} INFO - Started process (PID=595) to work on /opt/airflow/dags/banvic_pipeline.py
[2025-09-05T14:06:45.928+0000] {processor.py:830} INFO - Processing file /opt/airflow/dags/banvic_pipeline.py for tasks to queue
[2025-09-05T14:06:45.931+0000] {logging_mixin.py:188} INFO - [2025-09-05T14:06:45.931+0000] {dagbag.py:545} INFO - Filling up the DagBag from /opt/airflow/dags/banvic_pipeline.py
[2025-09-05T14:06:45.956+0000] {processor.py:840} INFO - DAG(s) 'banvic_pipeline' retrieved from /opt/airflow/dags/banvic_pipeline.py
[2025-09-05T14:06:46.013+0000] {logging_mixin.py:188} INFO - [2025-09-05T14:06:46.013+0000] {dag.py:3089} INFO - Sync 1 DAGs
[2025-09-05T14:06:46.041+0000] {logging_mixin.py:188} INFO - [2025-09-05T14:06:46.041+0000] {dag.py:3947} INFO - Setting next_dagrun for banvic_pipeline to 2025-09-05 07:35:00+00:00, run_after=2025-09-06 07:35:00+00:00
[2025-09-05T14:06:46.083+0000] {processor.py:183} INFO - Processing /opt/airflow/dags/banvic_pipeline.py took 0.164 seconds
[2025-09-05T14:07:16.309+0000] {processor.py:161} INFO - Started process (PID=600) to work on /opt/airflow/dags/banvic_pipeline.py
[2025-09-05T14:07:16.311+0000] {processor.py:830} INFO - Processing file /opt/airflow/dags/banvic_pipeline.py for tasks to queue
[2025-09-05T14:07:16.315+0000] {logging_mixin.py:188} INFO - [2025-09-05T14:07:16.315+0000] {dagbag.py:545} INFO - Filling up the DagBag from /opt/airflow/dags/banvic_pipeline.py
[2025-09-05T14:07:16.344+0000] {processor.py:840} INFO - DAG(s) 'banvic_pipeline' retrieved from /opt/airflow/dags/banvic_pipeline.py
[2025-09-05T14:07:16.401+0000] {logging_mixin.py:188} INFO - [2025-09-05T14:07:16.400+0000] {dag.py:3089} INFO - Sync 1 DAGs
[2025-09-05T14:07:16.433+0000] {logging_mixin.py:188} INFO - [2025-09-05T14:07:16.433+0000] {dag.py:3947} INFO - Setting next_dagrun for banvic_pipeline to 2025-09-05 07:35:00+00:00, run_after=2025-09-06 07:35:00+00:00
[2025-09-05T14:07:16.479+0000] {processor.py:183} INFO - Processing /opt/airflow/dags/banvic_pipeline.py took 0.176 seconds
[2025-09-05T14:07:46.687+0000] {processor.py:161} INFO - Started process (PID=605) to work on /opt/airflow/dags/banvic_pipeline.py
[2025-09-05T14:07:46.688+0000] {processor.py:830} INFO - Processing file /opt/airflow/dags/banvic_pipeline.py for tasks to queue
[2025-09-05T14:07:46.691+0000] {logging_mixin.py:188} INFO - [2025-09-05T14:07:46.690+0000] {dagbag.py:545} INFO - Filling up the DagBag from /opt/airflow/dags/banvic_pipeline.py
[2025-09-05T14:07:46.706+0000] {processor.py:840} INFO - DAG(s) 'banvic_pipeline' retrieved from /opt/airflow/dags/banvic_pipeline.py
[2025-09-05T14:07:46.743+0000] {logging_mixin.py:188} INFO - [2025-09-05T14:07:46.742+0000] {dag.py:3089} INFO - Sync 1 DAGs
[2025-09-05T14:07:46.767+0000] {logging_mixin.py:188} INFO - [2025-09-05T14:07:46.767+0000] {dag.py:3947} INFO - Setting next_dagrun for banvic_pipeline to 2025-09-05 07:35:00+00:00, run_after=2025-09-06 07:35:00+00:00
[2025-09-05T14:07:46.806+0000] {processor.py:183} INFO - Processing /opt/airflow/dags/banvic_pipeline.py took 0.125 seconds
[2025-09-05T14:08:17.108+0000] {processor.py:161} INFO - Started process (PID=610) to work on /opt/airflow/dags/banvic_pipeline.py
[2025-09-05T14:08:17.109+0000] {processor.py:830} INFO - Processing file /opt/airflow/dags/banvic_pipeline.py for tasks to queue
[2025-09-05T14:08:17.111+0000] {logging_mixin.py:188} INFO - [2025-09-05T14:08:17.111+0000] {dagbag.py:545} INFO - Filling up the DagBag from /opt/airflow/dags/banvic_pipeline.py
[2025-09-05T14:08:17.136+0000] {processor.py:840} INFO - DAG(s) 'banvic_pipeline' retrieved from /opt/airflow/dags/banvic_pipeline.py
[2025-09-05T14:08:17.199+0000] {logging_mixin.py:188} INFO - [2025-09-05T14:08:17.199+0000] {dag.py:3089} INFO - Sync 1 DAGs
[2025-09-05T14:08:17.225+0000] {logging_mixin.py:188} INFO - [2025-09-05T14:08:17.225+0000] {dag.py:3947} INFO - Setting next_dagrun for banvic_pipeline to 2025-09-05 07:35:00+00:00, run_after=2025-09-06 07:35:00+00:00
[2025-09-05T14:08:17.297+0000] {processor.py:183} INFO - Processing /opt/airflow/dags/banvic_pipeline.py took 0.195 seconds
[2025-09-05T14:08:47.419+0000] {processor.py:161} INFO - Started process (PID=615) to work on /opt/airflow/dags/banvic_pipeline.py
[2025-09-05T14:08:47.421+0000] {processor.py:830} INFO - Processing file /opt/airflow/dags/banvic_pipeline.py for tasks to queue
[2025-09-05T14:08:47.424+0000] {logging_mixin.py:188} INFO - [2025-09-05T14:08:47.424+0000] {dagbag.py:545} INFO - Filling up the DagBag from /opt/airflow/dags/banvic_pipeline.py
[2025-09-05T14:08:47.449+0000] {processor.py:840} INFO - DAG(s) 'banvic_pipeline' retrieved from /opt/airflow/dags/banvic_pipeline.py
[2025-09-05T14:08:47.523+0000] {logging_mixin.py:188} INFO - [2025-09-05T14:08:47.522+0000] {dag.py:3089} INFO - Sync 1 DAGs
[2025-09-05T14:08:47.555+0000] {logging_mixin.py:188} INFO - [2025-09-05T14:08:47.555+0000] {dag.py:3947} INFO - Setting next_dagrun for banvic_pipeline to 2025-09-05 07:35:00+00:00, run_after=2025-09-06 07:35:00+00:00
[2025-09-05T14:08:47.598+0000] {processor.py:183} INFO - Processing /opt/airflow/dags/banvic_pipeline.py took 0.185 seconds
[2025-09-05T14:09:17.884+0000] {processor.py:161} INFO - Started process (PID=620) to work on /opt/airflow/dags/banvic_pipeline.py
[2025-09-05T14:09:17.885+0000] {processor.py:830} INFO - Processing file /opt/airflow/dags/banvic_pipeline.py for tasks to queue
[2025-09-05T14:09:17.888+0000] {logging_mixin.py:188} INFO - [2025-09-05T14:09:17.887+0000] {dagbag.py:545} INFO - Filling up the DagBag from /opt/airflow/dags/banvic_pipeline.py
[2025-09-05T14:09:17.914+0000] {processor.py:840} INFO - DAG(s) 'banvic_pipeline' retrieved from /opt/airflow/dags/banvic_pipeline.py
[2025-09-05T14:09:17.973+0000] {logging_mixin.py:188} INFO - [2025-09-05T14:09:17.973+0000] {dag.py:3089} INFO - Sync 1 DAGs
[2025-09-05T14:09:18.007+0000] {logging_mixin.py:188} INFO - [2025-09-05T14:09:18.007+0000] {dag.py:3947} INFO - Setting next_dagrun for banvic_pipeline to 2025-09-05 07:35:00+00:00, run_after=2025-09-06 07:35:00+00:00
[2025-09-05T14:09:18.067+0000] {processor.py:183} INFO - Processing /opt/airflow/dags/banvic_pipeline.py took 0.189 seconds
[2025-09-05T14:09:48.193+0000] {processor.py:161} INFO - Started process (PID=625) to work on /opt/airflow/dags/banvic_pipeline.py
[2025-09-05T14:09:48.195+0000] {processor.py:830} INFO - Processing file /opt/airflow/dags/banvic_pipeline.py for tasks to queue
[2025-09-05T14:09:48.197+0000] {logging_mixin.py:188} INFO - [2025-09-05T14:09:48.196+0000] {dagbag.py:545} INFO - Filling up the DagBag from /opt/airflow/dags/banvic_pipeline.py
[2025-09-05T14:09:48.211+0000] {processor.py:840} INFO - DAG(s) 'banvic_pipeline' retrieved from /opt/airflow/dags/banvic_pipeline.py
[2025-09-05T14:09:48.247+0000] {logging_mixin.py:188} INFO - [2025-09-05T14:09:48.247+0000] {dag.py:3089} INFO - Sync 1 DAGs
[2025-09-05T14:09:48.275+0000] {logging_mixin.py:188} INFO - [2025-09-05T14:09:48.275+0000] {dag.py:3947} INFO - Setting next_dagrun for banvic_pipeline to 2025-09-05 07:35:00+00:00, run_after=2025-09-06 07:35:00+00:00
[2025-09-05T14:09:48.317+0000] {processor.py:183} INFO - Processing /opt/airflow/dags/banvic_pipeline.py took 0.130 seconds
[2025-09-05T14:10:18.543+0000] {processor.py:161} INFO - Started process (PID=630) to work on /opt/airflow/dags/banvic_pipeline.py
[2025-09-05T14:10:18.545+0000] {processor.py:830} INFO - Processing file /opt/airflow/dags/banvic_pipeline.py for tasks to queue
[2025-09-05T14:10:18.548+0000] {logging_mixin.py:188} INFO - [2025-09-05T14:10:18.547+0000] {dagbag.py:545} INFO - Filling up the DagBag from /opt/airflow/dags/banvic_pipeline.py
[2025-09-05T14:10:18.573+0000] {processor.py:840} INFO - DAG(s) 'banvic_pipeline' retrieved from /opt/airflow/dags/banvic_pipeline.py
[2025-09-05T14:10:18.630+0000] {logging_mixin.py:188} INFO - [2025-09-05T14:10:18.630+0000] {dag.py:3089} INFO - Sync 1 DAGs
[2025-09-05T14:10:18.711+0000] {logging_mixin.py:188} INFO - [2025-09-05T14:10:18.711+0000] {dag.py:3947} INFO - Setting next_dagrun for banvic_pipeline to 2025-09-05 07:35:00+00:00, run_after=2025-09-06 07:35:00+00:00
[2025-09-05T14:10:18.837+0000] {processor.py:183} INFO - Processing /opt/airflow/dags/banvic_pipeline.py took 0.301 seconds
[2025-09-05T14:10:49.215+0000] {processor.py:161} INFO - Started process (PID=635) to work on /opt/airflow/dags/banvic_pipeline.py
[2025-09-05T14:10:49.217+0000] {processor.py:830} INFO - Processing file /opt/airflow/dags/banvic_pipeline.py for tasks to queue
[2025-09-05T14:10:49.219+0000] {logging_mixin.py:188} INFO - [2025-09-05T14:10:49.219+0000] {dagbag.py:545} INFO - Filling up the DagBag from /opt/airflow/dags/banvic_pipeline.py
[2025-09-05T14:10:49.243+0000] {processor.py:840} INFO - DAG(s) 'banvic_pipeline' retrieved from /opt/airflow/dags/banvic_pipeline.py
[2025-09-05T14:10:49.306+0000] {logging_mixin.py:188} INFO - [2025-09-05T14:10:49.305+0000] {dag.py:3089} INFO - Sync 1 DAGs
[2025-09-05T14:10:49.344+0000] {logging_mixin.py:188} INFO - [2025-09-05T14:10:49.343+0000] {dag.py:3947} INFO - Setting next_dagrun for banvic_pipeline to 2025-09-05 07:35:00+00:00, run_after=2025-09-06 07:35:00+00:00
[2025-09-05T14:10:49.399+0000] {processor.py:183} INFO - Processing /opt/airflow/dags/banvic_pipeline.py took 0.190 seconds
[2025-09-05T14:11:19.501+0000] {processor.py:161} INFO - Started process (PID=640) to work on /opt/airflow/dags/banvic_pipeline.py
[2025-09-05T14:11:19.503+0000] {processor.py:830} INFO - Processing file /opt/airflow/dags/banvic_pipeline.py for tasks to queue
[2025-09-05T14:11:19.505+0000] {logging_mixin.py:188} INFO - [2025-09-05T14:11:19.505+0000] {dagbag.py:545} INFO - Filling up the DagBag from /opt/airflow/dags/banvic_pipeline.py
[2025-09-05T14:11:19.526+0000] {processor.py:840} INFO - DAG(s) 'banvic_pipeline' retrieved from /opt/airflow/dags/banvic_pipeline.py
[2025-09-05T14:11:19.574+0000] {logging_mixin.py:188} INFO - [2025-09-05T14:11:19.574+0000] {dag.py:3089} INFO - Sync 1 DAGs
[2025-09-05T14:11:19.600+0000] {logging_mixin.py:188} INFO - [2025-09-05T14:11:19.600+0000] {dag.py:3947} INFO - Setting next_dagrun for banvic_pipeline to 2025-09-05 07:35:00+00:00, run_after=2025-09-06 07:35:00+00:00
[2025-09-05T14:11:19.641+0000] {processor.py:183} INFO - Processing /opt/airflow/dags/banvic_pipeline.py took 0.147 seconds
[2025-09-05T14:11:49.858+0000] {processor.py:161} INFO - Started process (PID=645) to work on /opt/airflow/dags/banvic_pipeline.py
[2025-09-05T14:11:49.859+0000] {processor.py:830} INFO - Processing file /opt/airflow/dags/banvic_pipeline.py for tasks to queue
[2025-09-05T14:11:49.861+0000] {logging_mixin.py:188} INFO - [2025-09-05T14:11:49.861+0000] {dagbag.py:545} INFO - Filling up the DagBag from /opt/airflow/dags/banvic_pipeline.py
[2025-09-05T14:11:49.895+0000] {processor.py:840} INFO - DAG(s) 'banvic_pipeline' retrieved from /opt/airflow/dags/banvic_pipeline.py
[2025-09-05T14:11:50.014+0000] {logging_mixin.py:188} INFO - [2025-09-05T14:11:50.013+0000] {dag.py:3089} INFO - Sync 1 DAGs
[2025-09-05T14:11:50.051+0000] {logging_mixin.py:188} INFO - [2025-09-05T14:11:50.051+0000] {dag.py:3947} INFO - Setting next_dagrun for banvic_pipeline to 2025-09-05 07:35:00+00:00, run_after=2025-09-06 07:35:00+00:00
[2025-09-05T14:11:50.108+0000] {processor.py:183} INFO - Processing /opt/airflow/dags/banvic_pipeline.py took 0.259 seconds
[2025-09-05T14:12:20.271+0000] {processor.py:161} INFO - Started process (PID=650) to work on /opt/airflow/dags/banvic_pipeline.py
[2025-09-05T14:12:20.273+0000] {processor.py:830} INFO - Processing file /opt/airflow/dags/banvic_pipeline.py for tasks to queue
[2025-09-05T14:12:20.276+0000] {logging_mixin.py:188} INFO - [2025-09-05T14:12:20.275+0000] {dagbag.py:545} INFO - Filling up the DagBag from /opt/airflow/dags/banvic_pipeline.py
[2025-09-05T14:12:20.297+0000] {processor.py:840} INFO - DAG(s) 'banvic_pipeline' retrieved from /opt/airflow/dags/banvic_pipeline.py
[2025-09-05T14:12:20.344+0000] {logging_mixin.py:188} INFO - [2025-09-05T14:12:20.344+0000] {dag.py:3089} INFO - Sync 1 DAGs
[2025-09-05T14:12:20.375+0000] {logging_mixin.py:188} INFO - [2025-09-05T14:12:20.375+0000] {dag.py:3947} INFO - Setting next_dagrun for banvic_pipeline to 2025-09-05 07:35:00+00:00, run_after=2025-09-06 07:35:00+00:00
[2025-09-05T14:12:20.447+0000] {processor.py:183} INFO - Processing /opt/airflow/dags/banvic_pipeline.py took 0.182 seconds
[2025-09-05T14:12:50.927+0000] {processor.py:161} INFO - Started process (PID=655) to work on /opt/airflow/dags/banvic_pipeline.py
[2025-09-05T14:12:50.933+0000] {processor.py:830} INFO - Processing file /opt/airflow/dags/banvic_pipeline.py for tasks to queue
[2025-09-05T14:12:50.946+0000] {logging_mixin.py:188} INFO - [2025-09-05T14:12:50.944+0000] {dagbag.py:545} INFO - Filling up the DagBag from /opt/airflow/dags/banvic_pipeline.py
[2025-09-05T14:12:51.113+0000] {processor.py:840} INFO - DAG(s) 'banvic_pipeline' retrieved from /opt/airflow/dags/banvic_pipeline.py
[2025-09-05T14:12:51.425+0000] {logging_mixin.py:188} INFO - [2025-09-05T14:12:51.425+0000] {dag.py:3089} INFO - Sync 1 DAGs
[2025-09-05T14:12:51.508+0000] {logging_mixin.py:188} INFO - [2025-09-05T14:12:51.507+0000] {dag.py:3947} INFO - Setting next_dagrun for banvic_pipeline to 2025-09-05 07:35:00+00:00, run_after=2025-09-06 07:35:00+00:00
[2025-09-05T14:12:51.683+0000] {processor.py:183} INFO - Processing /opt/airflow/dags/banvic_pipeline.py took 0.789 seconds
