[2025-09-05T13:52:55.603+0000] {local_task_job_runner.py:120} INFO - ::group::Pre task execution logs
[2025-09-05T13:52:55.664+0000] {taskinstance.py:2076} INFO - Dependencies all met for dep_context=non-requeueable deps ti=<TaskInstance: banvic_pipeline.load_dw manual__2025-09-05T13:52:51.342721+00:00 [queued]>
[2025-09-05T13:52:55.674+0000] {taskinstance.py:2076} INFO - Dependencies all met for dep_context=requeueable deps ti=<TaskInstance: banvic_pipeline.load_dw manual__2025-09-05T13:52:51.342721+00:00 [queued]>
[2025-09-05T13:52:55.676+0000] {taskinstance.py:2306} INFO - Starting attempt 1 of 2
[2025-09-05T13:52:55.688+0000] {taskinstance.py:2330} INFO - Executing <Task(BashOperator): load_dw> on 2025-09-05 13:52:51.342721+00:00
[2025-09-05T13:52:55.694+0000] {standard_task_runner.py:64} INFO - Started process 458 to run task
[2025-09-05T13:52:55.698+0000] {standard_task_runner.py:90} INFO - Running: ['airflow', 'tasks', 'run', 'banvic_pipeline', 'load_dw', 'manual__2025-09-05T13:52:51.342721+00:00', '--job-id', '68', '--raw', '--subdir', 'DAGS_FOLDER/banvic_pipeline.py', '--cfg-path', '/tmp/tmptunq2d8a']
[2025-09-05T13:52:55.701+0000] {standard_task_runner.py:91} INFO - Job 68: Subtask load_dw
[2025-09-05T13:52:55.836+0000] {task_command.py:426} INFO - Running <TaskInstance: banvic_pipeline.load_dw manual__2025-09-05T13:52:51.342721+00:00 [running]> on host f4bdb282283e
[2025-09-05T13:52:56.037+0000] {taskinstance.py:2648} INFO - Exporting env vars: AIRFLOW_CTX_DAG_OWNER='lucas' AIRFLOW_CTX_DAG_ID='banvic_pipeline' AIRFLOW_CTX_TASK_ID='load_dw' AIRFLOW_CTX_EXECUTION_DATE='2025-09-05T13:52:51.342721+00:00' AIRFLOW_CTX_TRY_NUMBER='1' AIRFLOW_CTX_DAG_RUN_ID='manual__2025-09-05T13:52:51.342721+00:00'
[2025-09-05T13:52:56.039+0000] {taskinstance.py:430} INFO - ::endgroup::
[2025-09-05T13:52:56.048+0000] {subprocess.py:63} INFO - Tmp dir root location: /tmp
[2025-09-05T13:52:56.049+0000] {subprocess.py:75} INFO - Running command: ['/usr/bin/bash', '-c', 'cd /opt/airflow/project && python scripts/load_dw.py']
[2025-09-05T13:52:56.058+0000] {subprocess.py:86} INFO - Output:
[2025-09-05T13:52:58.727+0000] {subprocess.py:93} INFO - 
[2025-09-05T13:52:58.728+0000] {subprocess.py:93} INFO -  CARREGANDO: agencias
[2025-09-05T13:52:58.729+0000] {subprocess.py:93} INFO -    -> 10 linhas carregadas no DW
[2025-09-05T13:52:58.730+0000] {subprocess.py:93} INFO - 
[2025-09-05T13:52:58.731+0000] {subprocess.py:93} INFO -  CARREGANDO: clientes
[2025-09-05T13:52:58.731+0000] {subprocess.py:93} INFO -    -> 998 linhas carregadas no DW
[2025-09-05T13:52:58.732+0000] {subprocess.py:93} INFO - 
[2025-09-05T13:52:58.733+0000] {subprocess.py:93} INFO -  CARREGANDO: colaborador_agencia
[2025-09-05T13:52:58.733+0000] {subprocess.py:93} INFO -    -> 100 linhas carregadas no DW
[2025-09-05T13:52:58.734+0000] {subprocess.py:93} INFO - 
[2025-09-05T13:52:58.734+0000] {subprocess.py:93} INFO -  CARREGANDO: colaboradores
[2025-09-05T13:52:58.734+0000] {subprocess.py:93} INFO -    -> 100 linhas carregadas no DW
[2025-09-05T13:52:58.735+0000] {subprocess.py:93} INFO - 
[2025-09-05T13:52:58.736+0000] {subprocess.py:93} INFO -  CARREGANDO: contas
[2025-09-05T13:52:58.737+0000] {subprocess.py:93} INFO -    -> 998 linhas carregadas no DW
[2025-09-05T13:52:58.738+0000] {subprocess.py:93} INFO - 
[2025-09-05T13:52:58.739+0000] {subprocess.py:93} INFO -  CARREGANDO: propostas_credito
[2025-09-05T13:52:58.740+0000] {subprocess.py:93} INFO -    -> 1995 linhas carregadas no DW
[2025-09-05T13:52:58.740+0000] {subprocess.py:93} INFO - 
[2025-09-05T13:52:58.741+0000] {subprocess.py:93} INFO -  CARREGANDO: transacoes
[2025-09-05T13:52:58.741+0000] {subprocess.py:93} INFO -    -> 71921 linhas carregadas no DW
[2025-09-05T13:52:58.742+0000] {subprocess.py:93} INFO - 
[2025-09-05T13:52:58.742+0000] {subprocess.py:93} INFO -  Carga concluída com sucesso no DW!
[2025-09-05T13:52:58.743+0000] {subprocess.py:97} INFO - Command exited with return code 0
[2025-09-05T13:52:58.744+0000] {taskinstance.py:441} INFO - ::group::Post task execution logs
[2025-09-05T13:52:58.864+0000] {taskinstance.py:1206} INFO - Marking task as SUCCESS. dag_id=banvic_pipeline, task_id=load_dw, run_id=manual__2025-09-05T13:52:51.342721+00:00, execution_date=20250905T135251, start_date=20250905T135255, end_date=20250905T135258
[2025-09-05T13:52:58.935+0000] {local_task_job_runner.py:243} INFO - Task exited with return code 0
[2025-09-05T13:52:59.013+0000] {taskinstance.py:3503} INFO - 0 downstream tasks scheduled from follow-on schedule check
[2025-09-05T13:52:59.020+0000] {local_task_job_runner.py:222} INFO - ::endgroup::
