[2025-09-04T00:39:28.713+0000] {local_task_job_runner.py:120} INFO - ::group::Pre task execution logs
[2025-09-04T00:39:28.778+0000] {taskinstance.py:2076} INFO - Dependencies all met for dep_context=non-requeueable deps ti=<TaskInstance: banvic_pipeline.extract_postgres manual__2025-09-04T00:34:15.908726+00:00 [queued]>
[2025-09-04T00:39:28.788+0000] {taskinstance.py:2076} INFO - Dependencies all met for dep_context=requeueable deps ti=<TaskInstance: banvic_pipeline.extract_postgres manual__2025-09-04T00:34:15.908726+00:00 [queued]>
[2025-09-04T00:39:28.788+0000] {taskinstance.py:2306} INFO - Starting attempt 1 of 2
[2025-09-04T00:39:28.804+0000] {taskinstance.py:2330} INFO - Executing <Task(BashOperator): extract_postgres> on 2025-09-04 00:34:15.908726+00:00
[2025-09-04T00:39:28.811+0000] {standard_task_runner.py:64} INFO - Started process 276 to run task
[2025-09-04T00:39:28.817+0000] {standard_task_runner.py:90} INFO - Running: ['airflow', 'tasks', 'run', 'banvic_pipeline', 'extract_postgres', 'manual__2025-09-04T00:34:15.908726+00:00', '--job-id', '50', '--raw', '--subdir', 'DAGS_FOLDER/banvic_pipeline.py', '--cfg-path', '/tmp/tmpxta1jyei']
[2025-09-04T00:39:28.819+0000] {standard_task_runner.py:91} INFO - Job 50: Subtask extract_postgres
[2025-09-04T00:39:28.979+0000] {task_command.py:426} INFO - Running <TaskInstance: banvic_pipeline.extract_postgres manual__2025-09-04T00:34:15.908726+00:00 [running]> on host 8ecc11fed1c2
[2025-09-04T00:39:29.182+0000] {taskinstance.py:2648} INFO - Exporting env vars: AIRFLOW_CTX_DAG_OWNER='lucas' AIRFLOW_CTX_DAG_ID='banvic_pipeline' AIRFLOW_CTX_TASK_ID='extract_postgres' AIRFLOW_CTX_EXECUTION_DATE='2025-09-04T00:34:15.908726+00:00' AIRFLOW_CTX_TRY_NUMBER='1' AIRFLOW_CTX_DAG_RUN_ID='manual__2025-09-04T00:34:15.908726+00:00'
[2025-09-04T00:39:29.183+0000] {taskinstance.py:430} INFO - ::endgroup::
[2025-09-04T00:39:29.196+0000] {subprocess.py:63} INFO - Tmp dir root location: /tmp
[2025-09-04T00:39:29.198+0000] {subprocess.py:75} INFO - Running command: ['/usr/bin/bash', '-c', 'cd /opt/airflow/project && python scripts/extracao_postgres/extracao_completa.py']
[2025-09-04T00:39:29.210+0000] {subprocess.py:86} INFO - Output:
[2025-09-04T00:39:30.971+0000] {subprocess.py:93} INFO - /opt/airflow/project/scripts/extracao_postgres/extracao_completa.py:39: UserWarning: pandas only supports SQLAlchemy connectable (engine/connection) or database string URI or sqlite3 DBAPI2 connection. Other DBAPI2 objects are not tested. Please consider using SQLAlchemy.
[2025-09-04T00:39:30.972+0000] {subprocess.py:93} INFO -   df = pd.read_sql(f'select * from "{tabela}";', conn)
[2025-09-04T00:39:31.099+0000] {subprocess.py:93} INFO - /opt/airflow/project/scripts/extracao_postgres/extracao_completa.py:39: UserWarning: pandas only supports SQLAlchemy connectable (engine/connection) or database string URI or sqlite3 DBAPI2 connection. Other DBAPI2 objects are not tested. Please consider using SQLAlchemy.
[2025-09-04T00:39:31.101+0000] {subprocess.py:93} INFO -   df = pd.read_sql(f'select * from "{tabela}";', conn)
[2025-09-04T00:39:31.212+0000] {subprocess.py:93} INFO - /opt/airflow/project/scripts/extracao_postgres/extracao_completa.py:39: UserWarning: pandas only supports SQLAlchemy connectable (engine/connection) or database string URI or sqlite3 DBAPI2 connection. Other DBAPI2 objects are not tested. Please consider using SQLAlchemy.
[2025-09-04T00:39:31.214+0000] {subprocess.py:93} INFO -   df = pd.read_sql(f'select * from "{tabela}";', conn)
[2025-09-04T00:39:31.297+0000] {subprocess.py:93} INFO - Tabelas encontradas: ['agencias', 'clientes', 'colaborador_agencia', 'colaboradores', 'contas', 'propostas_credito']
[2025-09-04T00:39:31.298+0000] {subprocess.py:93} INFO - 
[2025-09-04T00:39:31.299+0000] {subprocess.py:93} INFO - Extraindo: agencias
[2025-09-04T00:39:31.300+0000] {subprocess.py:93} INFO - Linhas DB: 10 | Linhas CSV: 10 -> OK
[2025-09-04T00:39:31.300+0000] {subprocess.py:93} INFO - Arquivo salvo: 2025-09-04/postgres/agencias.csv
[2025-09-04T00:39:31.301+0000] {subprocess.py:93} INFO - 
[2025-09-04T00:39:31.302+0000] {subprocess.py:93} INFO - Extraindo: clientes
[2025-09-04T00:39:31.303+0000] {subprocess.py:93} INFO - Linhas DB: 998 | Linhas CSV: 998 -> OK
[2025-09-04T00:39:31.303+0000] {subprocess.py:93} INFO - Arquivo salvo: 2025-09-04/postgres/clientes.csv
[2025-09-04T00:39:31.304+0000] {subprocess.py:93} INFO - 
[2025-09-04T00:39:31.304+0000] {subprocess.py:93} INFO - Extraindo: colaborador_agencia
[2025-09-04T00:39:31.305+0000] {subprocess.py:93} INFO - Linhas DB: 100 | Linhas CSV: 100 -> OK
[2025-09-04T00:39:31.306+0000] {subprocess.py:93} INFO - Arquivo salvo: 2025-09-04/postgres/colaborador_agencia.csv
[2025-09-04T00:39:31.306+0000] {subprocess.py:93} INFO - 
[2025-09-04T00:39:31.307+0000] {subprocess.py:93} INFO - Extraindo: colaboradores
[2025-09-04T00:39:31.308+0000] {subprocess.py:93} INFO - Linhas DB: 100 | Linhas CSV: 100 -> OK
[2025-09-04T00:39:31.309+0000] {subprocess.py:93} INFO - Arquivo salvo: 2025-09-04/postgres/colaboradores.csv
[2025-09-04T00:39:31.310+0000] {subprocess.py:93} INFO - 
[2025-09-04T00:39:31.311+0000] {subprocess.py:93} INFO - Extraindo: contas
[2025-09-04T00:39:31.311+0000] {subprocess.py:93} INFO - Linhas DB: 998 | Linhas CSV: 998 -> OK
[2025-09-04T00:39:31.312+0000] {subprocess.py:93} INFO - Arquivo salvo: 2025-09-04/postgres/contas.csv
[2025-09-04T00:39:31.313+0000] {subprocess.py:93} INFO - 
[2025-09-04T00:39:31.313+0000] {subprocess.py:93} INFO - Extraindo: propostas_credito
[2025-09-04T00:39:31.314+0000] {subprocess.py:93} INFO - Linhas DB: 1995 | Linhas CSV: 1995 -> OK
[2025-09-04T00:39:31.315+0000] {subprocess.py:93} INFO - Arquivo salvo: 2025-09-04/postgres/propostas_credito.csv
[2025-09-04T00:39:31.315+0000] {subprocess.py:93} INFO - 
[2025-09-04T00:39:31.316+0000] {subprocess.py:93} INFO - Finalizado! Todos os CSVs foram gerados na pasta: 2025-09-04/postgres
[2025-09-04T00:39:31.418+0000] {subprocess.py:97} INFO - Command exited with return code 0
[2025-09-04T00:39:31.423+0000] {taskinstance.py:441} INFO - ::group::Post task execution logs
[2025-09-04T00:39:31.546+0000] {taskinstance.py:1206} INFO - Marking task as SUCCESS. dag_id=banvic_pipeline, task_id=extract_postgres, run_id=manual__2025-09-04T00:34:15.908726+00:00, execution_date=20250904T003415, start_date=20250904T003928, end_date=20250904T003931
[2025-09-04T00:39:31.645+0000] {local_task_job_runner.py:243} INFO - Task exited with return code 0
[2025-09-04T00:39:31.705+0000] {taskinstance.py:3503} INFO - 1 downstream tasks scheduled from follow-on schedule check
[2025-09-04T00:39:31.714+0000] {local_task_job_runner.py:222} INFO - ::endgroup::
