[2025-09-05T13:36:48.558+0000] {local_task_job_runner.py:120} INFO - ::group::Pre task execution logs
[2025-09-05T13:36:48.621+0000] {taskinstance.py:2076} INFO - Dependencies all met for dep_context=non-requeueable deps ti=<TaskInstance: banvic_pipeline.extract_postgres scheduled__2025-09-03T07:35:00+00:00 [queued]>
[2025-09-05T13:36:48.636+0000] {taskinstance.py:2076} INFO - Dependencies all met for dep_context=requeueable deps ti=<TaskInstance: banvic_pipeline.extract_postgres scheduled__2025-09-03T07:35:00+00:00 [queued]>
[2025-09-05T13:36:48.637+0000] {taskinstance.py:2306} INFO - Starting attempt 1 of 2
[2025-09-05T13:36:48.692+0000] {taskinstance.py:2330} INFO - Executing <Task(BashOperator): extract_postgres> on 2025-09-03 07:35:00+00:00
[2025-09-05T13:36:48.703+0000] {standard_task_runner.py:64} INFO - Started process 176 to run task
[2025-09-05T13:36:48.713+0000] {standard_task_runner.py:90} INFO - Running: ['airflow', 'tasks', 'run', 'banvic_pipeline', 'extract_postgres', 'scheduled__2025-09-03T07:35:00+00:00', '--job-id', '57', '--raw', '--subdir', 'DAGS_FOLDER/banvic_pipeline.py', '--cfg-path', '/tmp/tmpfc8lmbkr']
[2025-09-05T13:36:48.715+0000] {standard_task_runner.py:91} INFO - Job 57: Subtask extract_postgres
[2025-09-05T13:36:48.902+0000] {task_command.py:426} INFO - Running <TaskInstance: banvic_pipeline.extract_postgres scheduled__2025-09-03T07:35:00+00:00 [running]> on host f4bdb282283e
[2025-09-05T13:36:49.421+0000] {taskinstance.py:2648} INFO - Exporting env vars: AIRFLOW_CTX_DAG_OWNER='lucas' AIRFLOW_CTX_DAG_ID='banvic_pipeline' AIRFLOW_CTX_TASK_ID='extract_postgres' AIRFLOW_CTX_EXECUTION_DATE='2025-09-03T07:35:00+00:00' AIRFLOW_CTX_TRY_NUMBER='1' AIRFLOW_CTX_DAG_RUN_ID='scheduled__2025-09-03T07:35:00+00:00'
[2025-09-05T13:36:49.426+0000] {taskinstance.py:430} INFO - ::endgroup::
[2025-09-05T13:36:49.503+0000] {subprocess.py:63} INFO - Tmp dir root location: /tmp
[2025-09-05T13:36:49.505+0000] {subprocess.py:75} INFO - Running command: ['/usr/bin/bash', '-c', 'cd /opt/airflow/project && python scripts/extracao_postgres/extracao_completa.py']
[2025-09-05T13:36:49.522+0000] {subprocess.py:86} INFO - Output:
[2025-09-05T13:36:53.963+0000] {subprocess.py:93} INFO - /opt/airflow/project/scripts/extracao_postgres/extracao_completa.py:39: UserWarning: pandas only supports SQLAlchemy connectable (engine/connection) or database string URI or sqlite3 DBAPI2 connection. Other DBAPI2 objects are not tested. Please consider using SQLAlchemy.
[2025-09-05T13:36:53.965+0000] {subprocess.py:93} INFO -   df = pd.read_sql(f'select * from "{tabela}";', conn)
[2025-09-05T13:36:54.427+0000] {subprocess.py:93} INFO - /opt/airflow/project/scripts/extracao_postgres/extracao_completa.py:39: UserWarning: pandas only supports SQLAlchemy connectable (engine/connection) or database string URI or sqlite3 DBAPI2 connection. Other DBAPI2 objects are not tested. Please consider using SQLAlchemy.
[2025-09-05T13:36:54.428+0000] {subprocess.py:93} INFO -   df = pd.read_sql(f'select * from "{tabela}";', conn)
[2025-09-05T13:36:54.628+0000] {subprocess.py:93} INFO - /opt/airflow/project/scripts/extracao_postgres/extracao_completa.py:39: UserWarning: pandas only supports SQLAlchemy connectable (engine/connection) or database string URI or sqlite3 DBAPI2 connection. Other DBAPI2 objects are not tested. Please consider using SQLAlchemy.
[2025-09-05T13:36:54.630+0000] {subprocess.py:93} INFO -   df = pd.read_sql(f'select * from "{tabela}";', conn)
[2025-09-05T13:36:54.741+0000] {subprocess.py:93} INFO - Tabelas encontradas: ['agencias', 'clientes', 'colaborador_agencia', 'colaboradores', 'contas', 'propostas_credito']
[2025-09-05T13:36:54.742+0000] {subprocess.py:93} INFO - 
[2025-09-05T13:36:54.743+0000] {subprocess.py:93} INFO - Extraindo: agencias
[2025-09-05T13:36:54.744+0000] {subprocess.py:93} INFO - Linhas DB: 10 | Linhas CSV: 10 -> OK
[2025-09-05T13:36:54.745+0000] {subprocess.py:93} INFO - Arquivo salvo: 2025-09-05/postgres/agencias.csv
[2025-09-05T13:36:54.746+0000] {subprocess.py:93} INFO - 
[2025-09-05T13:36:54.747+0000] {subprocess.py:93} INFO - Extraindo: clientes
[2025-09-05T13:36:54.748+0000] {subprocess.py:93} INFO - Linhas DB: 998 | Linhas CSV: 998 -> OK
[2025-09-05T13:36:54.749+0000] {subprocess.py:93} INFO - Arquivo salvo: 2025-09-05/postgres/clientes.csv
[2025-09-05T13:36:54.750+0000] {subprocess.py:93} INFO - 
[2025-09-05T13:36:54.751+0000] {subprocess.py:93} INFO - Extraindo: colaborador_agencia
[2025-09-05T13:36:54.751+0000] {subprocess.py:93} INFO - Linhas DB: 100 | Linhas CSV: 100 -> OK
[2025-09-05T13:36:54.752+0000] {subprocess.py:93} INFO - Arquivo salvo: 2025-09-05/postgres/colaborador_agencia.csv
[2025-09-05T13:36:54.753+0000] {subprocess.py:93} INFO - 
[2025-09-05T13:36:54.754+0000] {subprocess.py:93} INFO - Extraindo: colaboradores
[2025-09-05T13:36:54.755+0000] {subprocess.py:93} INFO - Linhas DB: 100 | Linhas CSV: 100 -> OK
[2025-09-05T13:36:54.756+0000] {subprocess.py:93} INFO - Arquivo salvo: 2025-09-05/postgres/colaboradores.csv
[2025-09-05T13:36:54.757+0000] {subprocess.py:93} INFO - 
[2025-09-05T13:36:54.758+0000] {subprocess.py:93} INFO - Extraindo: contas
[2025-09-05T13:36:54.760+0000] {subprocess.py:93} INFO - Linhas DB: 998 | Linhas CSV: 998 -> OK
[2025-09-05T13:36:54.761+0000] {subprocess.py:93} INFO - Arquivo salvo: 2025-09-05/postgres/contas.csv
[2025-09-05T13:36:54.763+0000] {subprocess.py:93} INFO - 
[2025-09-05T13:36:54.764+0000] {subprocess.py:93} INFO - Extraindo: propostas_credito
[2025-09-05T13:36:54.765+0000] {subprocess.py:93} INFO - Linhas DB: 1995 | Linhas CSV: 1995 -> OK
[2025-09-05T13:36:54.767+0000] {subprocess.py:93} INFO - Arquivo salvo: 2025-09-05/postgres/propostas_credito.csv
[2025-09-05T13:36:54.769+0000] {subprocess.py:93} INFO - 
[2025-09-05T13:36:54.770+0000] {subprocess.py:93} INFO - Finalizado! Todos os CSVs foram gerados na pasta: 2025-09-05/postgres
[2025-09-05T13:36:54.946+0000] {subprocess.py:97} INFO - Command exited with return code 0
[2025-09-05T13:36:54.947+0000] {taskinstance.py:441} INFO - ::group::Post task execution logs
[2025-09-05T13:36:55.093+0000] {taskinstance.py:1206} INFO - Marking task as SUCCESS. dag_id=banvic_pipeline, task_id=extract_postgres, run_id=scheduled__2025-09-03T07:35:00+00:00, execution_date=20250903T073500, start_date=20250905T133648, end_date=20250905T133655
[2025-09-05T13:36:55.141+0000] {local_task_job_runner.py:243} INFO - Task exited with return code 0
[2025-09-05T13:36:55.210+0000] {taskinstance.py:3503} INFO - 1 downstream tasks scheduled from follow-on schedule check
[2025-09-05T13:36:55.214+0000] {local_task_job_runner.py:222} INFO - ::endgroup::
