[2025-09-05T13:36:48.558+0000] {local_task_job_runner.py:120} INFO - ::group::Pre task execution logs
[2025-09-05T13:36:48.627+0000] {taskinstance.py:2076} INFO - Dependencies all met for dep_context=non-requeueable deps ti=<TaskInstance: banvic_pipeline.extract_transacoes scheduled__2025-09-03T07:35:00+00:00 [queued]>
[2025-09-05T13:36:48.638+0000] {taskinstance.py:2076} INFO - Dependencies all met for dep_context=requeueable deps ti=<TaskInstance: banvic_pipeline.extract_transacoes scheduled__2025-09-03T07:35:00+00:00 [queued]>
[2025-09-05T13:36:48.639+0000] {taskinstance.py:2306} INFO - Starting attempt 1 of 2
[2025-09-05T13:36:48.675+0000] {taskinstance.py:2330} INFO - Executing <Task(BashOperator): extract_transacoes> on 2025-09-03 07:35:00+00:00
[2025-09-05T13:36:48.683+0000] {standard_task_runner.py:64} INFO - Started process 175 to run task
[2025-09-05T13:36:48.697+0000] {standard_task_runner.py:90} INFO - Running: ['airflow', 'tasks', 'run', 'banvic_pipeline', 'extract_transacoes', 'scheduled__2025-09-03T07:35:00+00:00', '--job-id', '58', '--raw', '--subdir', 'DAGS_FOLDER/banvic_pipeline.py', '--cfg-path', '/tmp/tmpcuxr67zv']
[2025-09-05T13:36:48.704+0000] {standard_task_runner.py:91} INFO - Job 58: Subtask extract_transacoes
[2025-09-05T13:36:48.884+0000] {task_command.py:426} INFO - Running <TaskInstance: banvic_pipeline.extract_transacoes scheduled__2025-09-03T07:35:00+00:00 [running]> on host f4bdb282283e
[2025-09-05T13:36:49.402+0000] {taskinstance.py:2648} INFO - Exporting env vars: AIRFLOW_CTX_DAG_OWNER='lucas' AIRFLOW_CTX_DAG_ID='banvic_pipeline' AIRFLOW_CTX_TASK_ID='extract_transacoes' AIRFLOW_CTX_EXECUTION_DATE='2025-09-03T07:35:00+00:00' AIRFLOW_CTX_TRY_NUMBER='1' AIRFLOW_CTX_DAG_RUN_ID='scheduled__2025-09-03T07:35:00+00:00'
[2025-09-05T13:36:49.405+0000] {taskinstance.py:430} INFO - ::endgroup::
[2025-09-05T13:36:49.503+0000] {subprocess.py:63} INFO - Tmp dir root location: /tmp
[2025-09-05T13:36:49.506+0000] {subprocess.py:75} INFO - Running command: ['/usr/bin/bash', '-c', 'cd /opt/airflow/project && python scripts/extracao_csv/extracao_transacoes.py']
[2025-09-05T13:36:49.521+0000] {subprocess.py:86} INFO - Output:
[2025-09-05T13:36:53.087+0000] {subprocess.py:93} INFO -  Transacoes.csv salvo em: 2025-09-05/csv/transacoes.csv
[2025-09-05T13:36:53.090+0000] {subprocess.py:93} INFO -  Linhas: 71921 | Colunas: 5 -> OK
[2025-09-05T13:36:53.093+0000] {subprocess.py:93} INFO -  Cabeçalho: ['cod_transacao', 'num_conta', 'data_transacao', 'nome_transacao', 'valor_transacao']
[2025-09-05T13:36:53.364+0000] {subprocess.py:97} INFO - Command exited with return code 0
[2025-09-05T13:36:53.375+0000] {taskinstance.py:441} INFO - ::group::Post task execution logs
[2025-09-05T13:36:53.672+0000] {taskinstance.py:1206} INFO - Marking task as SUCCESS. dag_id=banvic_pipeline, task_id=extract_transacoes, run_id=scheduled__2025-09-03T07:35:00+00:00, execution_date=20250903T073500, start_date=20250905T133648, end_date=20250905T133653
[2025-09-05T13:36:53.854+0000] {local_task_job_runner.py:243} INFO - Task exited with return code 0
[2025-09-05T13:36:53.946+0000] {taskinstance.py:3503} INFO - 0 downstream tasks scheduled from follow-on schedule check
[2025-09-05T13:36:53.952+0000] {local_task_job_runner.py:222} INFO - ::endgroup::
