[2025-09-04T00:48:03.096+0000] {local_task_job_runner.py:120} INFO - ::group::Pre task execution logs
[2025-09-04T00:48:03.176+0000] {taskinstance.py:2076} INFO - Dependencies all met for dep_context=non-requeueable deps ti=<TaskInstance: banvic_pipeline.load_dw scheduled__2025-09-02T07:35:00+00:00 [queued]>
[2025-09-04T00:48:03.187+0000] {taskinstance.py:2076} INFO - Dependencies all met for dep_context=requeueable deps ti=<TaskInstance: banvic_pipeline.load_dw scheduled__2025-09-02T07:35:00+00:00 [queued]>
[2025-09-04T00:48:03.188+0000] {taskinstance.py:2306} INFO - Starting attempt 3 of 4
[2025-09-04T00:48:03.206+0000] {taskinstance.py:2330} INFO - Executing <Task(BashOperator): load_dw> on 2025-09-02 07:35:00+00:00
[2025-09-04T00:48:03.212+0000] {standard_task_runner.py:64} INFO - Started process 396 to run task
[2025-09-04T00:48:03.220+0000] {standard_task_runner.py:90} INFO - Running: ['airflow', 'tasks', 'run', 'banvic_pipeline', 'load_dw', 'scheduled__2025-09-02T07:35:00+00:00', '--job-id', '54', '--raw', '--subdir', 'DAGS_FOLDER/banvic_pipeline.py', '--cfg-path', '/tmp/tmpsmaaru86']
[2025-09-04T00:48:03.223+0000] {standard_task_runner.py:91} INFO - Job 54: Subtask load_dw
[2025-09-04T00:48:03.395+0000] {task_command.py:426} INFO - Running <TaskInstance: banvic_pipeline.load_dw scheduled__2025-09-02T07:35:00+00:00 [running]> on host 8ecc11fed1c2
[2025-09-04T00:48:03.605+0000] {taskinstance.py:2648} INFO - Exporting env vars: AIRFLOW_CTX_DAG_OWNER='lucas' AIRFLOW_CTX_DAG_ID='banvic_pipeline' AIRFLOW_CTX_TASK_ID='load_dw' AIRFLOW_CTX_EXECUTION_DATE='2025-09-02T07:35:00+00:00' AIRFLOW_CTX_TRY_NUMBER='3' AIRFLOW_CTX_DAG_RUN_ID='scheduled__2025-09-02T07:35:00+00:00'
[2025-09-04T00:48:03.607+0000] {taskinstance.py:430} INFO - ::endgroup::
[2025-09-04T00:48:03.627+0000] {subprocess.py:63} INFO - Tmp dir root location: /tmp
[2025-09-04T00:48:03.630+0000] {subprocess.py:75} INFO - Running command: ['/usr/bin/bash', '-c', 'cd /opt/airflow/project && python scripts/load_dw.py']
[2025-09-04T00:48:03.646+0000] {subprocess.py:86} INFO - Output:
[2025-09-04T00:48:06.754+0000] {subprocess.py:93} INFO - 
[2025-09-04T00:48:06.756+0000] {subprocess.py:93} INFO -  CARREGANDO: agencias
[2025-09-04T00:48:06.757+0000] {subprocess.py:93} INFO -    -> 10 linhas carregadas no DW
[2025-09-04T00:48:06.758+0000] {subprocess.py:93} INFO - 
[2025-09-04T00:48:06.759+0000] {subprocess.py:93} INFO -  CARREGANDO: clientes
[2025-09-04T00:48:06.759+0000] {subprocess.py:93} INFO -    -> 998 linhas carregadas no DW
[2025-09-04T00:48:06.760+0000] {subprocess.py:93} INFO - 
[2025-09-04T00:48:06.761+0000] {subprocess.py:93} INFO -  CARREGANDO: colaborador_agencia
[2025-09-04T00:48:06.761+0000] {subprocess.py:93} INFO -    -> 100 linhas carregadas no DW
[2025-09-04T00:48:06.762+0000] {subprocess.py:93} INFO - 
[2025-09-04T00:48:06.762+0000] {subprocess.py:93} INFO -  CARREGANDO: colaboradores
[2025-09-04T00:48:06.763+0000] {subprocess.py:93} INFO -    -> 100 linhas carregadas no DW
[2025-09-04T00:48:06.763+0000] {subprocess.py:93} INFO - 
[2025-09-04T00:48:06.764+0000] {subprocess.py:93} INFO -  CARREGANDO: contas
[2025-09-04T00:48:06.764+0000] {subprocess.py:93} INFO -    -> 998 linhas carregadas no DW
[2025-09-04T00:48:06.765+0000] {subprocess.py:93} INFO - 
[2025-09-04T00:48:06.765+0000] {subprocess.py:93} INFO -  CARREGANDO: propostas_credito
[2025-09-04T00:48:06.766+0000] {subprocess.py:93} INFO -    -> 1995 linhas carregadas no DW
[2025-09-04T00:48:06.766+0000] {subprocess.py:93} INFO - 
[2025-09-04T00:48:06.768+0000] {subprocess.py:93} INFO -  CARREGANDO: transacoes
[2025-09-04T00:48:06.769+0000] {subprocess.py:93} INFO -    -> 71921 linhas carregadas no DW
[2025-09-04T00:48:06.770+0000] {subprocess.py:93} INFO - 
[2025-09-04T00:48:06.771+0000] {subprocess.py:93} INFO -  Carga concluída com sucesso no DW!
[2025-09-04T00:48:06.772+0000] {subprocess.py:97} INFO - Command exited with return code 0
[2025-09-04T00:48:06.774+0000] {taskinstance.py:441} INFO - ::group::Post task execution logs
[2025-09-04T00:48:06.922+0000] {taskinstance.py:1206} INFO - Marking task as SUCCESS. dag_id=banvic_pipeline, task_id=load_dw, run_id=scheduled__2025-09-02T07:35:00+00:00, execution_date=20250902T073500, start_date=20250904T004803, end_date=20250904T004806
[2025-09-04T00:48:06.986+0000] {local_task_job_runner.py:243} INFO - Task exited with return code 0
[2025-09-04T00:48:07.042+0000] {taskinstance.py:3503} INFO - 0 downstream tasks scheduled from follow-on schedule check
[2025-09-04T00:48:07.046+0000] {local_task_job_runner.py:222} INFO - ::endgroup::
