[2025-09-05T13:52:52.361+0000] {local_task_job_runner.py:120} INFO - ::group::Pre task execution logs
[2025-09-05T13:52:52.440+0000] {taskinstance.py:2076} INFO - Dependencies all met for dep_context=non-requeueable deps ti=<TaskInstance: banvic_pipeline.extract_postgres manual__2025-09-05T13:52:51.342721+00:00 [queued]>
[2025-09-05T13:52:52.450+0000] {taskinstance.py:2076} INFO - Dependencies all met for dep_context=requeueable deps ti=<TaskInstance: banvic_pipeline.extract_postgres manual__2025-09-05T13:52:51.342721+00:00 [queued]>
[2025-09-05T13:52:52.451+0000] {taskinstance.py:2306} INFO - Starting attempt 1 of 2
[2025-09-05T13:52:52.485+0000] {taskinstance.py:2330} INFO - Executing <Task(BashOperator): extract_postgres> on 2025-09-05 13:52:51.342721+00:00
[2025-09-05T13:52:52.494+0000] {standard_task_runner.py:64} INFO - Started process 430 to run task
[2025-09-05T13:52:52.500+0000] {standard_task_runner.py:90} INFO - Running: ['airflow', 'tasks', 'run', 'banvic_pipeline', 'extract_postgres', 'manual__2025-09-05T13:52:51.342721+00:00', '--job-id', '66', '--raw', '--subdir', 'DAGS_FOLDER/banvic_pipeline.py', '--cfg-path', '/tmp/tmpdu5082dl']
[2025-09-05T13:52:52.506+0000] {standard_task_runner.py:91} INFO - Job 66: Subtask extract_postgres
[2025-09-05T13:52:52.680+0000] {task_command.py:426} INFO - Running <TaskInstance: banvic_pipeline.extract_postgres manual__2025-09-05T13:52:51.342721+00:00 [running]> on host f4bdb282283e
[2025-09-05T13:52:52.952+0000] {taskinstance.py:2648} INFO - Exporting env vars: AIRFLOW_CTX_DAG_OWNER='lucas' AIRFLOW_CTX_DAG_ID='banvic_pipeline' AIRFLOW_CTX_TASK_ID='extract_postgres' AIRFLOW_CTX_EXECUTION_DATE='2025-09-05T13:52:51.342721+00:00' AIRFLOW_CTX_TRY_NUMBER='1' AIRFLOW_CTX_DAG_RUN_ID='manual__2025-09-05T13:52:51.342721+00:00'
[2025-09-05T13:52:52.953+0000] {taskinstance.py:430} INFO - ::endgroup::
[2025-09-05T13:52:52.965+0000] {subprocess.py:63} INFO - Tmp dir root location: /tmp
[2025-09-05T13:52:52.966+0000] {subprocess.py:75} INFO - Running command: ['/usr/bin/bash', '-c', 'cd /opt/airflow/project && python scripts/extracao_postgres/extracao_completa.py']
[2025-09-05T13:52:52.979+0000] {subprocess.py:86} INFO - Output:
[2025-09-05T13:52:54.463+0000] {subprocess.py:93} INFO - /opt/airflow/project/scripts/extracao_postgres/extracao_completa.py:39: UserWarning: pandas only supports SQLAlchemy connectable (engine/connection) or database string URI or sqlite3 DBAPI2 connection. Other DBAPI2 objects are not tested. Please consider using SQLAlchemy.
[2025-09-05T13:52:54.465+0000] {subprocess.py:93} INFO -   df = pd.read_sql(f'select * from "{tabela}";', conn)
[2025-09-05T13:52:54.542+0000] {subprocess.py:93} INFO - /opt/airflow/project/scripts/extracao_postgres/extracao_completa.py:39: UserWarning: pandas only supports SQLAlchemy connectable (engine/connection) or database string URI or sqlite3 DBAPI2 connection. Other DBAPI2 objects are not tested. Please consider using SQLAlchemy.
[2025-09-05T13:52:54.543+0000] {subprocess.py:93} INFO -   df = pd.read_sql(f'select * from "{tabela}";', conn)
[2025-09-05T13:52:54.621+0000] {subprocess.py:93} INFO - /opt/airflow/project/scripts/extracao_postgres/extracao_completa.py:39: UserWarning: pandas only supports SQLAlchemy connectable (engine/connection) or database string URI or sqlite3 DBAPI2 connection. Other DBAPI2 objects are not tested. Please consider using SQLAlchemy.
[2025-09-05T13:52:54.624+0000] {subprocess.py:93} INFO -   df = pd.read_sql(f'select * from "{tabela}";', conn)
[2025-09-05T13:52:54.705+0000] {subprocess.py:93} INFO - Tabelas encontradas: ['agencias', 'clientes', 'colaborador_agencia', 'colaboradores', 'contas', 'propostas_credito']
[2025-09-05T13:52:54.706+0000] {subprocess.py:93} INFO - 
[2025-09-05T13:52:54.708+0000] {subprocess.py:93} INFO - Extraindo: agencias
[2025-09-05T13:52:54.709+0000] {subprocess.py:93} INFO - Linhas DB: 10 | Linhas CSV: 10 -> OK
[2025-09-05T13:52:54.710+0000] {subprocess.py:93} INFO - Arquivo salvo: 2025-09-05/postgres/agencias.csv
[2025-09-05T13:52:54.710+0000] {subprocess.py:93} INFO - 
[2025-09-05T13:52:54.711+0000] {subprocess.py:93} INFO - Extraindo: clientes
[2025-09-05T13:52:54.712+0000] {subprocess.py:93} INFO - Linhas DB: 998 | Linhas CSV: 998 -> OK
[2025-09-05T13:52:54.712+0000] {subprocess.py:93} INFO - Arquivo salvo: 2025-09-05/postgres/clientes.csv
[2025-09-05T13:52:54.713+0000] {subprocess.py:93} INFO - 
[2025-09-05T13:52:54.713+0000] {subprocess.py:93} INFO - Extraindo: colaborador_agencia
[2025-09-05T13:52:54.714+0000] {subprocess.py:93} INFO - Linhas DB: 100 | Linhas CSV: 100 -> OK
[2025-09-05T13:52:54.714+0000] {subprocess.py:93} INFO - Arquivo salvo: 2025-09-05/postgres/colaborador_agencia.csv
[2025-09-05T13:52:54.714+0000] {subprocess.py:93} INFO - 
[2025-09-05T13:52:54.715+0000] {subprocess.py:93} INFO - Extraindo: colaboradores
[2025-09-05T13:52:54.715+0000] {subprocess.py:93} INFO - Linhas DB: 100 | Linhas CSV: 100 -> OK
[2025-09-05T13:52:54.716+0000] {subprocess.py:93} INFO - Arquivo salvo: 2025-09-05/postgres/colaboradores.csv
[2025-09-05T13:52:54.716+0000] {subprocess.py:93} INFO - 
[2025-09-05T13:52:54.716+0000] {subprocess.py:93} INFO - Extraindo: contas
[2025-09-05T13:52:54.717+0000] {subprocess.py:93} INFO - Linhas DB: 998 | Linhas CSV: 998 -> OK
[2025-09-05T13:52:54.718+0000] {subprocess.py:93} INFO - Arquivo salvo: 2025-09-05/postgres/contas.csv
[2025-09-05T13:52:54.720+0000] {subprocess.py:93} INFO - 
[2025-09-05T13:52:54.721+0000] {subprocess.py:93} INFO - Extraindo: propostas_credito
[2025-09-05T13:52:54.723+0000] {subprocess.py:93} INFO - Linhas DB: 1995 | Linhas CSV: 1995 -> OK
[2025-09-05T13:52:54.724+0000] {subprocess.py:93} INFO - Arquivo salvo: 2025-09-05/postgres/propostas_credito.csv
[2025-09-05T13:52:54.725+0000] {subprocess.py:93} INFO - 
[2025-09-05T13:52:54.727+0000] {subprocess.py:93} INFO - Finalizado! Todos os CSVs foram gerados na pasta: 2025-09-05/postgres
[2025-09-05T13:52:54.850+0000] {subprocess.py:97} INFO - Command exited with return code 0
[2025-09-05T13:52:54.851+0000] {taskinstance.py:441} INFO - ::group::Post task execution logs
[2025-09-05T13:52:54.965+0000] {taskinstance.py:1206} INFO - Marking task as SUCCESS. dag_id=banvic_pipeline, task_id=extract_postgres, run_id=manual__2025-09-05T13:52:51.342721+00:00, execution_date=20250905T135251, start_date=20250905T135252, end_date=20250905T135254
[2025-09-05T13:52:55.014+0000] {local_task_job_runner.py:243} INFO - Task exited with return code 0
[2025-09-05T13:52:55.072+0000] {taskinstance.py:3503} INFO - 1 downstream tasks scheduled from follow-on schedule check
[2025-09-05T13:52:55.075+0000] {local_task_job_runner.py:222} INFO - ::endgroup::
