[2025-09-05T13:37:06.575+0000] {local_task_job_runner.py:120} INFO - ::group::Pre task execution logs
[2025-09-05T13:37:06.642+0000] {taskinstance.py:2076} INFO - Dependencies all met for dep_context=non-requeueable deps ti=<TaskInstance: banvic_pipeline.load_dw scheduled__2025-09-04T07:35:00+00:00 [queued]>
[2025-09-05T13:37:06.653+0000] {taskinstance.py:2076} INFO - Dependencies all met for dep_context=requeueable deps ti=<TaskInstance: banvic_pipeline.load_dw scheduled__2025-09-04T07:35:00+00:00 [queued]>
[2025-09-05T13:37:06.654+0000] {taskinstance.py:2306} INFO - Starting attempt 1 of 2
[2025-09-05T13:37:06.669+0000] {taskinstance.py:2330} INFO - Executing <Task(BashOperator): load_dw> on 2025-09-04 07:35:00+00:00
[2025-09-05T13:37:06.674+0000] {standard_task_runner.py:64} INFO - Started process 237 to run task
[2025-09-05T13:37:06.678+0000] {standard_task_runner.py:90} INFO - Running: ['airflow', 'tasks', 'run', 'banvic_pipeline', 'load_dw', 'scheduled__2025-09-04T07:35:00+00:00', '--job-id', '62', '--raw', '--subdir', 'DAGS_FOLDER/banvic_pipeline.py', '--cfg-path', '/tmp/tmp6z04te8o']
[2025-09-05T13:37:06.681+0000] {standard_task_runner.py:91} INFO - Job 62: Subtask load_dw
[2025-09-05T13:37:06.859+0000] {task_command.py:426} INFO - Running <TaskInstance: banvic_pipeline.load_dw scheduled__2025-09-04T07:35:00+00:00 [running]> on host f4bdb282283e
[2025-09-05T13:37:07.102+0000] {taskinstance.py:2648} INFO - Exporting env vars: AIRFLOW_CTX_DAG_OWNER='lucas' AIRFLOW_CTX_DAG_ID='banvic_pipeline' AIRFLOW_CTX_TASK_ID='load_dw' AIRFLOW_CTX_EXECUTION_DATE='2025-09-04T07:35:00+00:00' AIRFLOW_CTX_TRY_NUMBER='1' AIRFLOW_CTX_DAG_RUN_ID='scheduled__2025-09-04T07:35:00+00:00'
[2025-09-05T13:37:07.103+0000] {taskinstance.py:430} INFO - ::endgroup::
[2025-09-05T13:37:07.119+0000] {subprocess.py:63} INFO - Tmp dir root location: /tmp
[2025-09-05T13:37:07.121+0000] {subprocess.py:75} INFO - Running command: ['/usr/bin/bash', '-c', 'cd /opt/airflow/project && python scripts/load_dw.py']
[2025-09-05T13:37:07.128+0000] {subprocess.py:86} INFO - Output:
[2025-09-05T13:37:09.052+0000] {subprocess.py:93} INFO - 
[2025-09-05T13:37:09.054+0000] {subprocess.py:93} INFO -  CARREGANDO: agencias
[2025-09-05T13:37:09.055+0000] {subprocess.py:93} INFO -    -> 10 linhas carregadas no DW
[2025-09-05T13:37:09.055+0000] {subprocess.py:93} INFO - 
[2025-09-05T13:37:09.056+0000] {subprocess.py:93} INFO -  CARREGANDO: clientes
[2025-09-05T13:37:09.057+0000] {subprocess.py:93} INFO -    -> 998 linhas carregadas no DW
[2025-09-05T13:37:09.057+0000] {subprocess.py:93} INFO - 
[2025-09-05T13:37:09.058+0000] {subprocess.py:93} INFO -  CARREGANDO: colaborador_agencia
[2025-09-05T13:37:09.058+0000] {subprocess.py:93} INFO -    -> 100 linhas carregadas no DW
[2025-09-05T13:37:09.059+0000] {subprocess.py:93} INFO - 
[2025-09-05T13:37:09.059+0000] {subprocess.py:93} INFO -  CARREGANDO: colaboradores
[2025-09-05T13:37:09.060+0000] {subprocess.py:93} INFO -    -> 100 linhas carregadas no DW
[2025-09-05T13:37:09.060+0000] {subprocess.py:93} INFO - 
[2025-09-05T13:37:09.060+0000] {subprocess.py:93} INFO -  CARREGANDO: contas
[2025-09-05T13:37:09.061+0000] {subprocess.py:93} INFO -    -> 998 linhas carregadas no DW
[2025-09-05T13:37:09.061+0000] {subprocess.py:93} INFO - 
[2025-09-05T13:37:09.061+0000] {subprocess.py:93} INFO -  CARREGANDO: propostas_credito
[2025-09-05T13:37:09.061+0000] {subprocess.py:93} INFO -    -> 1995 linhas carregadas no DW
[2025-09-05T13:37:09.062+0000] {subprocess.py:93} INFO - 
[2025-09-05T13:37:09.062+0000] {subprocess.py:93} INFO -  CARREGANDO: transacoes
[2025-09-05T13:37:09.062+0000] {subprocess.py:93} INFO -    -> 71921 linhas carregadas no DW
[2025-09-05T13:37:09.063+0000] {subprocess.py:93} INFO - 
[2025-09-05T13:37:09.063+0000] {subprocess.py:93} INFO -  Carga concluída com sucesso no DW!
[2025-09-05T13:37:09.063+0000] {subprocess.py:97} INFO - Command exited with return code 0
[2025-09-05T13:37:09.064+0000] {taskinstance.py:441} INFO - ::group::Post task execution logs
[2025-09-05T13:37:09.153+0000] {taskinstance.py:1206} INFO - Marking task as SUCCESS. dag_id=banvic_pipeline, task_id=load_dw, run_id=scheduled__2025-09-04T07:35:00+00:00, execution_date=20250904T073500, start_date=20250905T133706, end_date=20250905T133709
[2025-09-05T13:37:09.183+0000] {local_task_job_runner.py:243} INFO - Task exited with return code 0
[2025-09-05T13:37:09.221+0000] {taskinstance.py:3503} INFO - 0 downstream tasks scheduled from follow-on schedule check
[2025-09-05T13:37:09.224+0000] {local_task_job_runner.py:222} INFO - ::endgroup::
