[2025-09-05T13:52:52.366+0000] {local_task_job_runner.py:120} INFO - ::group::Pre task execution logs
[2025-09-05T13:52:52.440+0000] {taskinstance.py:2076} INFO - Dependencies all met for dep_context=non-requeueable deps ti=<TaskInstance: banvic_pipeline.extract_transacoes manual__2025-09-05T13:52:51.342721+00:00 [queued]>
[2025-09-05T13:52:52.450+0000] {taskinstance.py:2076} INFO - Dependencies all met for dep_context=requeueable deps ti=<TaskInstance: banvic_pipeline.extract_transacoes manual__2025-09-05T13:52:51.342721+00:00 [queued]>
[2025-09-05T13:52:52.451+0000] {taskinstance.py:2306} INFO - Starting attempt 1 of 2
[2025-09-05T13:52:52.469+0000] {taskinstance.py:2330} INFO - Executing <Task(BashOperator): extract_transacoes> on 2025-09-05 13:52:51.342721+00:00
[2025-09-05T13:52:52.475+0000] {standard_task_runner.py:64} INFO - Started process 429 to run task
[2025-09-05T13:52:52.479+0000] {standard_task_runner.py:90} INFO - Running: ['airflow', 'tasks', 'run', 'banvic_pipeline', 'extract_transacoes', 'manual__2025-09-05T13:52:51.342721+00:00', '--job-id', '67', '--raw', '--subdir', 'DAGS_FOLDER/banvic_pipeline.py', '--cfg-path', '/tmp/tmpmakfnqsi']
[2025-09-05T13:52:52.484+0000] {standard_task_runner.py:91} INFO - Job 67: Subtask extract_transacoes
[2025-09-05T13:52:52.662+0000] {task_command.py:426} INFO - Running <TaskInstance: banvic_pipeline.extract_transacoes manual__2025-09-05T13:52:51.342721+00:00 [running]> on host f4bdb282283e
[2025-09-05T13:52:52.934+0000] {taskinstance.py:2648} INFO - Exporting env vars: AIRFLOW_CTX_DAG_OWNER='lucas' AIRFLOW_CTX_DAG_ID='banvic_pipeline' AIRFLOW_CTX_TASK_ID='extract_transacoes' AIRFLOW_CTX_EXECUTION_DATE='2025-09-05T13:52:51.342721+00:00' AIRFLOW_CTX_TRY_NUMBER='1' AIRFLOW_CTX_DAG_RUN_ID='manual__2025-09-05T13:52:51.342721+00:00'
[2025-09-05T13:52:52.936+0000] {taskinstance.py:430} INFO - ::endgroup::
[2025-09-05T13:52:52.950+0000] {subprocess.py:63} INFO - Tmp dir root location: /tmp
[2025-09-05T13:52:52.953+0000] {subprocess.py:75} INFO - Running command: ['/usr/bin/bash', '-c', 'cd /opt/airflow/project && python scripts/extracao_csv/extracao_transacoes.py']
[2025-09-05T13:52:52.967+0000] {subprocess.py:86} INFO - Output:
[2025-09-05T13:52:54.605+0000] {subprocess.py:93} INFO -  Transacoes.csv salvo em: 2025-09-05/csv/transacoes.csv
[2025-09-05T13:52:54.606+0000] {subprocess.py:93} INFO -  Linhas: 71921 | Colunas: 5 -> OK
[2025-09-05T13:52:54.607+0000] {subprocess.py:93} INFO -  Cabeçalho: ['cod_transacao', 'num_conta', 'data_transacao', 'nome_transacao', 'valor_transacao']
[2025-09-05T13:52:54.696+0000] {subprocess.py:97} INFO - Command exited with return code 0
[2025-09-05T13:52:54.697+0000] {taskinstance.py:441} INFO - ::group::Post task execution logs
[2025-09-05T13:52:54.878+0000] {taskinstance.py:1206} INFO - Marking task as SUCCESS. dag_id=banvic_pipeline, task_id=extract_transacoes, run_id=manual__2025-09-05T13:52:51.342721+00:00, execution_date=20250905T135251, start_date=20250905T135252, end_date=20250905T135254
[2025-09-05T13:52:54.918+0000] {local_task_job_runner.py:243} INFO - Task exited with return code 0
[2025-09-05T13:52:54.983+0000] {taskinstance.py:3503} INFO - 0 downstream tasks scheduled from follow-on schedule check
[2025-09-05T13:52:54.987+0000] {local_task_job_runner.py:222} INFO - ::endgroup::
