[2025-09-05T13:37:02.399+0000] {local_task_job_runner.py:120} INFO - ::group::Pre task execution logs
[2025-09-05T13:37:02.481+0000] {taskinstance.py:2076} INFO - Dependencies all met for dep_context=non-requeueable deps ti=<TaskInstance: banvic_pipeline.extract_postgres scheduled__2025-09-04T07:35:00+00:00 [queued]>
[2025-09-05T13:37:02.502+0000] {taskinstance.py:2076} INFO - Dependencies all met for dep_context=requeueable deps ti=<TaskInstance: banvic_pipeline.extract_postgres scheduled__2025-09-04T07:35:00+00:00 [queued]>
[2025-09-05T13:37:02.504+0000] {taskinstance.py:2306} INFO - Starting attempt 1 of 2
[2025-09-05T13:37:02.526+0000] {taskinstance.py:2330} INFO - Executing <Task(BashOperator): extract_postgres> on 2025-09-04 07:35:00+00:00
[2025-09-05T13:37:02.533+0000] {standard_task_runner.py:64} INFO - Started process 209 to run task
[2025-09-05T13:37:02.542+0000] {standard_task_runner.py:90} INFO - Running: ['airflow', 'tasks', 'run', 'banvic_pipeline', 'extract_postgres', 'scheduled__2025-09-04T07:35:00+00:00', '--job-id', '61', '--raw', '--subdir', 'DAGS_FOLDER/banvic_pipeline.py', '--cfg-path', '/tmp/tmpn0_0y2sl']
[2025-09-05T13:37:02.546+0000] {standard_task_runner.py:91} INFO - Job 61: Subtask extract_postgres
[2025-09-05T13:37:02.741+0000] {task_command.py:426} INFO - Running <TaskInstance: banvic_pipeline.extract_postgres scheduled__2025-09-04T07:35:00+00:00 [running]> on host f4bdb282283e
[2025-09-05T13:37:03.207+0000] {taskinstance.py:2648} INFO - Exporting env vars: AIRFLOW_CTX_DAG_OWNER='lucas' AIRFLOW_CTX_DAG_ID='banvic_pipeline' AIRFLOW_CTX_TASK_ID='extract_postgres' AIRFLOW_CTX_EXECUTION_DATE='2025-09-04T07:35:00+00:00' AIRFLOW_CTX_TRY_NUMBER='1' AIRFLOW_CTX_DAG_RUN_ID='scheduled__2025-09-04T07:35:00+00:00'
[2025-09-05T13:37:03.208+0000] {taskinstance.py:430} INFO - ::endgroup::
[2025-09-05T13:37:03.221+0000] {subprocess.py:63} INFO - Tmp dir root location: /tmp
[2025-09-05T13:37:03.223+0000] {subprocess.py:75} INFO - Running command: ['/usr/bin/bash', '-c', 'cd /opt/airflow/project && python scripts/extracao_postgres/extracao_completa.py']
[2025-09-05T13:37:03.238+0000] {subprocess.py:86} INFO - Output:
[2025-09-05T13:37:05.244+0000] {subprocess.py:93} INFO - /opt/airflow/project/scripts/extracao_postgres/extracao_completa.py:39: UserWarning: pandas only supports SQLAlchemy connectable (engine/connection) or database string URI or sqlite3 DBAPI2 connection. Other DBAPI2 objects are not tested. Please consider using SQLAlchemy.
[2025-09-05T13:37:05.245+0000] {subprocess.py:93} INFO -   df = pd.read_sql(f'select * from "{tabela}";', conn)
[2025-09-05T13:37:05.316+0000] {subprocess.py:93} INFO - /opt/airflow/project/scripts/extracao_postgres/extracao_completa.py:39: UserWarning: pandas only supports SQLAlchemy connectable (engine/connection) or database string URI or sqlite3 DBAPI2 connection. Other DBAPI2 objects are not tested. Please consider using SQLAlchemy.
[2025-09-05T13:37:05.318+0000] {subprocess.py:93} INFO -   df = pd.read_sql(f'select * from "{tabela}";', conn)
[2025-09-05T13:37:05.415+0000] {subprocess.py:93} INFO - /opt/airflow/project/scripts/extracao_postgres/extracao_completa.py:39: UserWarning: pandas only supports SQLAlchemy connectable (engine/connection) or database string URI or sqlite3 DBAPI2 connection. Other DBAPI2 objects are not tested. Please consider using SQLAlchemy.
[2025-09-05T13:37:05.417+0000] {subprocess.py:93} INFO -   df = pd.read_sql(f'select * from "{tabela}";', conn)
[2025-09-05T13:37:05.481+0000] {subprocess.py:93} INFO - Tabelas encontradas: ['agencias', 'clientes', 'colaborador_agencia', 'colaboradores', 'contas', 'propostas_credito']
[2025-09-05T13:37:05.482+0000] {subprocess.py:93} INFO - 
[2025-09-05T13:37:05.484+0000] {subprocess.py:93} INFO - Extraindo: agencias
[2025-09-05T13:37:05.485+0000] {subprocess.py:93} INFO - Linhas DB: 10 | Linhas CSV: 10 -> OK
[2025-09-05T13:37:05.485+0000] {subprocess.py:93} INFO - Arquivo salvo: 2025-09-05/postgres/agencias.csv
[2025-09-05T13:37:05.486+0000] {subprocess.py:93} INFO - 
[2025-09-05T13:37:05.487+0000] {subprocess.py:93} INFO - Extraindo: clientes
[2025-09-05T13:37:05.488+0000] {subprocess.py:93} INFO - Linhas DB: 998 | Linhas CSV: 998 -> OK
[2025-09-05T13:37:05.489+0000] {subprocess.py:93} INFO - Arquivo salvo: 2025-09-05/postgres/clientes.csv
[2025-09-05T13:37:05.490+0000] {subprocess.py:93} INFO - 
[2025-09-05T13:37:05.491+0000] {subprocess.py:93} INFO - Extraindo: colaborador_agencia
[2025-09-05T13:37:05.492+0000] {subprocess.py:93} INFO - Linhas DB: 100 | Linhas CSV: 100 -> OK
[2025-09-05T13:37:05.492+0000] {subprocess.py:93} INFO - Arquivo salvo: 2025-09-05/postgres/colaborador_agencia.csv
[2025-09-05T13:37:05.493+0000] {subprocess.py:93} INFO - 
[2025-09-05T13:37:05.494+0000] {subprocess.py:93} INFO - Extraindo: colaboradores
[2025-09-05T13:37:05.494+0000] {subprocess.py:93} INFO - Linhas DB: 100 | Linhas CSV: 100 -> OK
[2025-09-05T13:37:05.495+0000] {subprocess.py:93} INFO - Arquivo salvo: 2025-09-05/postgres/colaboradores.csv
[2025-09-05T13:37:05.496+0000] {subprocess.py:93} INFO - 
[2025-09-05T13:37:05.498+0000] {subprocess.py:93} INFO - Extraindo: contas
[2025-09-05T13:37:05.500+0000] {subprocess.py:93} INFO - Linhas DB: 998 | Linhas CSV: 998 -> OK
[2025-09-05T13:37:05.502+0000] {subprocess.py:93} INFO - Arquivo salvo: 2025-09-05/postgres/contas.csv
[2025-09-05T13:37:05.505+0000] {subprocess.py:93} INFO - 
[2025-09-05T13:37:05.506+0000] {subprocess.py:93} INFO - Extraindo: propostas_credito
[2025-09-05T13:37:05.508+0000] {subprocess.py:93} INFO - Linhas DB: 1995 | Linhas CSV: 1995 -> OK
[2025-09-05T13:37:05.510+0000] {subprocess.py:93} INFO - Arquivo salvo: 2025-09-05/postgres/propostas_credito.csv
[2025-09-05T13:37:05.511+0000] {subprocess.py:93} INFO - 
[2025-09-05T13:37:05.513+0000] {subprocess.py:93} INFO - Finalizado! Todos os CSVs foram gerados na pasta: 2025-09-05/postgres
[2025-09-05T13:37:05.693+0000] {subprocess.py:97} INFO - Command exited with return code 0
[2025-09-05T13:37:05.695+0000] {taskinstance.py:441} INFO - ::group::Post task execution logs
[2025-09-05T13:37:05.810+0000] {taskinstance.py:1206} INFO - Marking task as SUCCESS. dag_id=banvic_pipeline, task_id=extract_postgres, run_id=scheduled__2025-09-04T07:35:00+00:00, execution_date=20250904T073500, start_date=20250905T133702, end_date=20250905T133705
[2025-09-05T13:37:05.857+0000] {local_task_job_runner.py:243} INFO - Task exited with return code 0
[2025-09-05T13:37:05.919+0000] {taskinstance.py:3503} INFO - 1 downstream tasks scheduled from follow-on schedule check
[2025-09-05T13:37:05.925+0000] {local_task_job_runner.py:222} INFO - ::endgroup::
