[2025-09-05T13:46:31.958+0000] {local_task_job_runner.py:120} INFO - ::group::Pre task execution logs
[2025-09-05T13:46:32.048+0000] {taskinstance.py:2076} INFO - Dependencies all met for dep_context=non-requeueable deps ti=<TaskInstance: banvic_pipeline.load_dw manual__2025-09-05T13:46:23.487425+00:00 [queued]>
[2025-09-05T13:46:32.064+0000] {taskinstance.py:2076} INFO - Dependencies all met for dep_context=requeueable deps ti=<TaskInstance: banvic_pipeline.load_dw manual__2025-09-05T13:46:23.487425+00:00 [queued]>
[2025-09-05T13:46:32.066+0000] {taskinstance.py:2306} INFO - Starting attempt 1 of 2
[2025-09-05T13:46:32.085+0000] {taskinstance.py:2330} INFO - Executing <Task(BashOperator): load_dw> on 2025-09-05 13:46:23.487425+00:00
[2025-09-05T13:46:32.093+0000] {standard_task_runner.py:64} INFO - Started process 365 to run task
[2025-09-05T13:46:32.099+0000] {standard_task_runner.py:90} INFO - Running: ['airflow', 'tasks', 'run', 'banvic_pipeline', 'load_dw', 'manual__2025-09-05T13:46:23.487425+00:00', '--job-id', '65', '--raw', '--subdir', 'DAGS_FOLDER/banvic_pipeline.py', '--cfg-path', '/tmp/tmpljv8jhrr']
[2025-09-05T13:46:32.103+0000] {standard_task_runner.py:91} INFO - Job 65: Subtask load_dw
[2025-09-05T13:46:32.327+0000] {task_command.py:426} INFO - Running <TaskInstance: banvic_pipeline.load_dw manual__2025-09-05T13:46:23.487425+00:00 [running]> on host f4bdb282283e
[2025-09-05T13:46:32.662+0000] {taskinstance.py:2648} INFO - Exporting env vars: AIRFLOW_CTX_DAG_OWNER='lucas' AIRFLOW_CTX_DAG_ID='banvic_pipeline' AIRFLOW_CTX_TASK_ID='load_dw' AIRFLOW_CTX_EXECUTION_DATE='2025-09-05T13:46:23.487425+00:00' AIRFLOW_CTX_TRY_NUMBER='1' AIRFLOW_CTX_DAG_RUN_ID='manual__2025-09-05T13:46:23.487425+00:00'
[2025-09-05T13:46:32.663+0000] {taskinstance.py:430} INFO - ::endgroup::
[2025-09-05T13:46:32.681+0000] {subprocess.py:63} INFO - Tmp dir root location: /tmp
[2025-09-05T13:46:32.683+0000] {subprocess.py:75} INFO - Running command: ['/usr/bin/bash', '-c', 'cd /opt/airflow/project && python scripts/load_dw.py']
[2025-09-05T13:46:32.696+0000] {subprocess.py:86} INFO - Output:
[2025-09-05T13:46:35.071+0000] {subprocess.py:93} INFO - 
[2025-09-05T13:46:35.075+0000] {subprocess.py:93} INFO -  CARREGANDO: agencias
[2025-09-05T13:46:35.076+0000] {subprocess.py:93} INFO -    -> 10 linhas carregadas no DW
[2025-09-05T13:46:35.076+0000] {subprocess.py:93} INFO - 
[2025-09-05T13:46:35.077+0000] {subprocess.py:93} INFO -  CARREGANDO: clientes
[2025-09-05T13:46:35.078+0000] {subprocess.py:93} INFO -    -> 998 linhas carregadas no DW
[2025-09-05T13:46:35.079+0000] {subprocess.py:93} INFO - 
[2025-09-05T13:46:35.079+0000] {subprocess.py:93} INFO -  CARREGANDO: colaborador_agencia
[2025-09-05T13:46:35.079+0000] {subprocess.py:93} INFO -    -> 100 linhas carregadas no DW
[2025-09-05T13:46:35.080+0000] {subprocess.py:93} INFO - 
[2025-09-05T13:46:35.080+0000] {subprocess.py:93} INFO -  CARREGANDO: colaboradores
[2025-09-05T13:46:35.081+0000] {subprocess.py:93} INFO -    -> 100 linhas carregadas no DW
[2025-09-05T13:46:35.082+0000] {subprocess.py:93} INFO - 
[2025-09-05T13:46:35.082+0000] {subprocess.py:93} INFO -  CARREGANDO: contas
[2025-09-05T13:46:35.082+0000] {subprocess.py:93} INFO -    -> 998 linhas carregadas no DW
[2025-09-05T13:46:35.083+0000] {subprocess.py:93} INFO - 
[2025-09-05T13:46:35.083+0000] {subprocess.py:93} INFO -  CARREGANDO: propostas_credito
[2025-09-05T13:46:35.084+0000] {subprocess.py:93} INFO -    -> 1995 linhas carregadas no DW
[2025-09-05T13:46:35.084+0000] {subprocess.py:93} INFO - 
[2025-09-05T13:46:35.085+0000] {subprocess.py:93} INFO -  CARREGANDO: transacoes
[2025-09-05T13:46:35.085+0000] {subprocess.py:93} INFO -    -> 71921 linhas carregadas no DW
[2025-09-05T13:46:35.086+0000] {subprocess.py:93} INFO - 
[2025-09-05T13:46:35.086+0000] {subprocess.py:93} INFO -  Carga concluída com sucesso no DW!
[2025-09-05T13:46:35.088+0000] {subprocess.py:97} INFO - Command exited with return code 0
[2025-09-05T13:46:35.090+0000] {taskinstance.py:441} INFO - ::group::Post task execution logs
[2025-09-05T13:46:35.208+0000] {taskinstance.py:1206} INFO - Marking task as SUCCESS. dag_id=banvic_pipeline, task_id=load_dw, run_id=manual__2025-09-05T13:46:23.487425+00:00, execution_date=20250905T134623, start_date=20250905T134632, end_date=20250905T134635
[2025-09-05T13:46:35.251+0000] {local_task_job_runner.py:243} INFO - Task exited with return code 0
[2025-09-05T13:46:35.316+0000] {taskinstance.py:3503} INFO - 0 downstream tasks scheduled from follow-on schedule check
[2025-09-05T13:46:35.319+0000] {local_task_job_runner.py:222} INFO - ::endgroup::
